{"/Users/wellingtonsantos/Developer/2025/pdk-mvp/Paradocket/outlook-addin-mvp-3/src/commands/commands.ts": {"path":"/Users/wellingtonsantos/Developer/2025/pdk-mvp/Paradocket/outlook-addin-mvp-3/src/commands/commands.ts","statementMap":{"0":{"start":{"line":8,"column":0},"end":{"line":10,"column":3}},"1":{"start":{"line":17,"column":53},"end":{"line":22,"column":4}},"2":{"start":{"line":25,"column":2},"end":{"line":28,"column":4}},"3":{"start":{"line":31,"column":2},"end":{"line":31,"column":20}},"4":{"start":{"line":35,"column":0},"end":{"line":35,"column":43}}},"fnMap":{"0":{"name":"(anonymous_0)","decl":{"start":{"line":8,"column":15},"end":{"line":8,"column":null}},"loc":{"start":{"line":8,"column":15},"end":{"line":10,"column":1}}},"1":{"name":"action","decl":{"start":{"line":16,"column":9},"end":{"line":16,"column":15}},"loc":{"start":{"line":16,"column":49},"end":{"line":32,"column":1}}}},"branchMap":{"0":{"loc":{"start":{"line":25,"column":2},"end":{"line":27,"column":null}},"type":"cond-expr","locations":[{"start":{"line":25,"column":29},"end":{"line":25,"column":31}},{"start":{"line":25,"column":29},"end":{"line":27,"column":null}}]},"1":{"loc":{"start":{"line":25,"column":2},"end":{"line":25,"column":31}},"type":"binary-expr","locations":[{"start":{"line":25,"column":2},"end":{"line":25,"column":31}},{"start":{"line":25,"column":29},"end":{"line":25,"column":31}}]}},"s":{"0":0,"1":0,"2":0,"3":0,"4":0},"f":{"0":0,"1":0},"b":{"0":[0,0],"1":[0,0]}}
,"/Users/wellingtonsantos/Developer/2025/pdk-mvp/Paradocket/outlook-addin-mvp-3/src/taskpane/taskpane.ts": {"path":"/Users/wellingtonsantos/Developer/2025/pdk-mvp/Paradocket/outlook-addin-mvp-3/src/taskpane/taskpane.ts","statementMap":{"0":{"start":{"line":3,"column":0},"end":{"line":3,"column":22}},"1":{"start":{"line":5,"column":2},"end":{"line":17,"column":3}},"2":{"start":{"line":6,"column":4},"end":{"line":14,"column":6}},"3":{"start":{"line":10,"column":8},"end":{"line":12,"column":9}},"4":{"start":{"line":11,"column":10},"end":{"line":11,"column":42}},"5":{"start":{"line":16,"column":4},"end":{"line":16,"column":35}}},"fnMap":{"0":{"name":"insertText","decl":{"start":{"line":3,"column":22},"end":{"line":3,"column":32}},"loc":{"start":{"line":3,"column":45},"end":{"line":18,"column":null}}},"1":{"name":"(anonymous_16)","decl":{"start":{"line":9,"column":6},"end":{"line":9,"column":7}},"loc":{"start":{"line":9,"column":44},"end":{"line":13,"column":7}}}},"branchMap":{"0":{"loc":{"start":{"line":6,"column":4},"end":{"line":13,"column":null}},"type":"cond-expr","locations":[{"start":{"line":6,"column":31},"end":{"line":6,"column":33}},{"start":{"line":6,"column":31},"end":{"line":13,"column":null}}]},"1":{"loc":{"start":{"line":6,"column":4},"end":{"line":6,"column":33}},"type":"binary-expr","locations":[{"start":{"line":6,"column":4},"end":{"line":6,"column":33}},{"start":{"line":6,"column":31},"end":{"line":6,"column":33}}]},"2":{"loc":{"start":{"line":10,"column":8},"end":{"line":12,"column":9}},"type":"if","locations":[{"start":{"line":10,"column":8},"end":{"line":12,"column":9}},{"start":{},"end":{}}]}},"s":{"0":0,"1":0,"2":0,"3":0,"4":0,"5":0},"f":{"0":0,"1":0},"b":{"0":[0,0],"1":[0,0],"2":[0,0]}}
,"/Users/wellingtonsantos/Developer/2025/pdk-mvp/Paradocket/outlook-addin-mvp-3/src/taskpane/components/App.tsx": {"path":"/Users/wellingtonsantos/Developer/2025/pdk-mvp/Paradocket/outlook-addin-mvp-3/src/taskpane/components/App.tsx","statementMap":{"0":{"start":{"line":1,"column":0},"end":{"line":1,"column":31}},"1":{"start":{"line":2,"column":0},"end":{"line":2,"column":30}},"2":{"start":{"line":3,"column":0},"end":{"line":3,"column":36}},"3":{"start":{"line":4,"column":0},"end":{"line":4,"column":44}},"4":{"start":{"line":5,"column":0},"end":{"line":5,"column":56}},"5":{"start":{"line":6,"column":0},"end":{"line":6,"column":57}},"6":{"start":{"line":7,"column":0},"end":{"line":7,"column":49}},"7":{"start":{"line":8,"column":0},"end":{"line":8,"column":52}},"8":{"start":{"line":9,"column":0},"end":{"line":9,"column":63}},"9":{"start":{"line":15,"column":18},"end":{"line":25,"column":2}},"10":{"start":{"line":27,"column":32},"end":{"line":47,"column":1}},"11":{"start":{"line":28,"column":17},"end":{"line":28,"column":28}},"12":{"start":{"line":29,"column":42},"end":{"line":29,"column":58}},"13":{"start":{"line":29,"column":19},"end":{"line":29,"column":21}},"14":{"start":{"line":29,"column":30},"end":{"line":29,"column":32}},"15":{"start":{"line":29,"column":37},"end":{"line":29,"column":42}},"16":{"start":{"line":30,"column":23},"end":{"line":30,"column":35}},"17":{"start":{"line":31,"column":19},"end":{"line":31,"column":36}},"18":{"start":{"line":32,"column":24},"end":{"line":32,"column":42}},"19":{"start":{"line":34,"column":2},"end":{"line":46,"column":4}},"20":{"start":{"line":49,"column":0},"end":{"line":49,"column":19}}},"fnMap":{"0":{"name":"(anonymous_10)","decl":{"start":{"line":27,"column":32},"end":{"line":27,"column":33}},"loc":{"start":{"line":27,"column":48},"end":{"line":47,"column":1}}}},"branchMap":{},"s":{"0":0,"1":0,"2":0,"3":0,"4":0,"5":0,"6":0,"7":0,"8":0,"9":0,"10":0,"11":0,"12":0,"13":0,"14":0,"15":0,"16":0,"17":0,"18":0,"19":0,"20":0},"f":{"0":0},"b":{}}
,"/Users/wellingtonsantos/Developer/2025/pdk-mvp/Paradocket/outlook-addin-mvp-3/src/taskpane/components/EmailInfo.tsx": {"path":"/Users/wellingtonsantos/Developer/2025/pdk-mvp/Paradocket/outlook-addin-mvp-3/src/taskpane/components/EmailInfo.tsx","statementMap":{"0":{"start":{"line":10,"column":0},"end":{"line":10,"column":31}},"1":{"start":{"line":11,"column":0},"end":{"line":11,"column":null}},"2":{"start":{"line":21,"column":0},"end":{"line":21,"column":90}},"3":{"start":{"line":24,"column":18},"end":{"line":44,"column":2}},"4":{"start":{"line":52,"column":44},"end":{"line":113,"column":1}},"5":{"start":{"line":52,"column":56},"end":{"line":52,"column":58}},"6":{"start":{"line":52,"column":67},"end":{"line":52,"column":69}},"7":{"start":{"line":52,"column":74},"end":{"line":52,"column":76}},"8":{"start":{"line":53,"column":17},"end":{"line":53,"column":28}},"9":{"start":{"line":55,"column":2},"end":{"line":61,"column":3}},"10":{"start":{"line":56,"column":4},"end":{"line":60,"column":6}},"11":{"start":{"line":63,"column":2},"end":{"line":69,"column":3}},"12":{"start":{"line":64,"column":4},"end":{"line":68,"column":6}},"13":{"start":{"line":71,"column":2},"end":{"line":77,"column":3}},"14":{"start":{"line":72,"column":4},"end":{"line":76,"column":6}},"15":{"start":{"line":79,"column":2},"end":{"line":112,"column":4}},"16":{"start":{"line":115,"column":0},"end":{"line":115,"column":25}}},"fnMap":{"0":{"name":"(anonymous_9)","decl":{"start":{"line":52,"column":44},"end":{"line":52,"column":45}},"loc":{"start":{"line":52,"column":76},"end":{"line":113,"column":1}}}},"branchMap":{"0":{"loc":{"start":{"line":55,"column":2},"end":{"line":61,"column":3}},"type":"if","locations":[{"start":{"line":55,"column":2},"end":{"line":61,"column":3}},{"start":{},"end":{}}]},"1":{"loc":{"start":{"line":63,"column":2},"end":{"line":69,"column":3}},"type":"if","locations":[{"start":{"line":63,"column":2},"end":{"line":69,"column":3}},{"start":{},"end":{}}]},"2":{"loc":{"start":{"line":71,"column":2},"end":{"line":77,"column":3}},"type":"if","locations":[{"start":{"line":71,"column":2},"end":{"line":77,"column":3}},{"start":{},"end":{}}]}},"s":{"0":0,"1":0,"2":0,"3":0,"4":0,"5":0,"6":0,"7":0,"8":0,"9":0,"10":0,"11":0,"12":0,"13":0,"14":0,"15":0,"16":0},"f":{"0":0},"b":{"0":[0,0],"1":[0,0],"2":[0,0]}}
,"/Users/wellingtonsantos/Developer/2025/pdk-mvp/Paradocket/outlook-addin-mvp-3/src/taskpane/components/ErrorBoundary.tsx": {"path":"/Users/wellingtonsantos/Developer/2025/pdk-mvp/Paradocket/outlook-addin-mvp-3/src/taskpane/components/ErrorBoundary.tsx","statementMap":{"0":{"start":{"line":10,"column":0},"end":{"line":10,"column":31}},"1":{"start":{"line":11,"column":0},"end":{"line":11,"column":100}},"2":{"start":{"line":13,"column":0},"end":{"line":13,"column":49}},"3":{"start":{"line":15,"column":18},"end":{"line":32,"column":2}},"4":{"start":{"line":37,"column":0},"end":{"line":37,"column":83}},"5":{"start":{"line":37,"column":28},"end":{"line":37,"column":33}},"6":{"start":{"line":39,"column":4},"end":{"line":39,"column":17}},"7":{"start":{"line":61,"column":2},"end":{"line":66,"column":4}},"8":{"start":{"line":62,"column":4},"end":{"line":65,"column":7}},"9":{"start":{"line":40,"column":4},"end":{"line":43,"column":6}},"10":{"start":{"line":46,"column":9},"end":{"line":51,"column":null}},"11":{"start":{"line":47,"column":4},"end":{"line":50,"column":6}},"12":{"start":{"line":53,"column":2},"end":{"line":59,"column":null}},"13":{"start":{"line":54,"column":4},"end":{"line":58,"column":7}},"14":{"start":{"line":68,"column":2},"end":{"line":78,"column":null}},"15":{"start":{"line":69,"column":4},"end":{"line":75,"column":5}},"16":{"start":{"line":70,"column":6},"end":{"line":72,"column":7}},"17":{"start":{"line":71,"column":8},"end":{"line":71,"column":35}},"18":{"start":{"line":74,"column":6},"end":{"line":74,"column":83}},"19":{"start":{"line":77,"column":4},"end":{"line":77,"column":31}},"20":{"start":{"line":79,"column":0},"end":{"line":79,"column":null}},"21":{"start":{"line":89,"column":52},"end":{"line":120,"column":1}},"22":{"start":{"line":89,"column":60},"end":{"line":89,"column":62}},"23":{"start":{"line":89,"column":69},"end":{"line":89,"column":71}},"24":{"start":{"line":90,"column":17},"end":{"line":90,"column":28}},"25":{"start":{"line":91,"column":24},"end":{"line":91,"column":61}},"26":{"start":{"line":93,"column":2},"end":{"line":119,"column":4}},"27":{"start":{"line":122,"column":0},"end":{"line":122,"column":29}}},"fnMap":{"0":{"name":"(anonymous_15)","decl":{"start":{"line":37,"column":0},"end":{"line":37,"column":28}},"loc":{"start":{"line":37,"column":0},"end":{"line":79,"column":1}}},"1":{"name":"ErrorBoundary","decl":{"start":{"line":38,"column":2},"end":{"line":38,"column":14}},"loc":{"start":{"line":38,"column":39},"end":{"line":44,"column":3}}},"2":{"name":"(anonymous_17)","decl":{"start":{"line":61,"column":16},"end":{"line":61,"column":null}},"loc":{"start":{"line":61,"column":16},"end":{"line":66,"column":3}}},"3":{"name":"(anonymous_18)","decl":{"start":{"line":46,"column":2},"end":{"line":46,"column":9}},"loc":{"start":{"line":46,"column":46},"end":{"line":51,"column":3}}},"4":{"name":"(anonymous_19)","decl":{"start":{"line":53,"column":2},"end":{"line":53,"column":19}},"loc":{"start":{"line":53,"column":60},"end":{"line":59,"column":3}}},"5":{"name":"(anonymous_20)","decl":{"start":{"line":68,"column":2},"end":{"line":68,"column":8}},"loc":{"start":{"line":68,"column":2},"end":{"line":78,"column":3}}},"6":{"name":"(anonymous_21)","decl":{"start":{"line":89,"column":52},"end":{"line":89,"column":53}},"loc":{"start":{"line":89,"column":71},"end":{"line":120,"column":1}}}},"branchMap":{"0":{"loc":{"start":{"line":39,"column":4},"end":{"line":39,"column":17}},"type":"binary-expr","locations":[{"start":{"line":39,"column":4},"end":{"line":39,"column":16}},{"start":{"line":39,"column":16},"end":{"line":39,"column":17}}]},"1":{"loc":{"start":{"line":69,"column":4},"end":{"line":75,"column":5}},"type":"if","locations":[{"start":{"line":69,"column":4},"end":{"line":75,"column":5}},{"start":{},"end":{}}]},"2":{"loc":{"start":{"line":70,"column":6},"end":{"line":72,"column":7}},"type":"if","locations":[{"start":{"line":70,"column":6},"end":{"line":72,"column":7}},{"start":{},"end":{}}]},"3":{"loc":{"start":{"line":106,"column":7},"end":{"line":116,"column":null}},"type":"binary-expr","locations":[{"start":{"line":106,"column":7},"end":{"line":106,"column":20}},{"start":{"line":106,"column":24},"end":{"line":106,"column":29}},{"start":{"line":107,"column":8},"end":{"line":115,"column":null}}]},"4":{"loc":{"start":{"line":110,"column":11},"end":{"line":114,"column":null}},"type":"binary-expr","locations":[{"start":{"line":110,"column":11},"end":{"line":110,"column":22}},{"start":{"line":111,"column":12},"end":{"line":113,"column":null}}]}},"s":{"0":0,"1":0,"2":0,"3":0,"4":0,"5":0,"6":0,"7":0,"8":0,"9":0,"10":0,"11":0,"12":0,"13":0,"14":0,"15":0,"16":0,"17":0,"18":0,"19":0,"20":0,"21":0,"22":0,"23":0,"24":0,"25":0,"26":0,"27":0},"f":{"0":0,"1":0,"2":0,"3":0,"4":0,"5":0,"6":0},"b":{"0":[0,0],"1":[0,0],"2":[0,0],"3":[0,0,0],"4":[0,0]}}
,"/Users/wellingtonsantos/Developer/2025/pdk-mvp/Paradocket/outlook-addin-mvp-3/src/taskpane/components/Header.tsx": {"path":"/Users/wellingtonsantos/Developer/2025/pdk-mvp/Paradocket/outlook-addin-mvp-3/src/taskpane/components/Header.tsx","statementMap":{"0":{"start":{"line":1,"column":0},"end":{"line":1,"column":31}},"1":{"start":{"line":2,"column":0},"end":{"line":2,"column":71}},"2":{"start":{"line":10,"column":18},"end":{"line":24,"column":2}},"3":{"start":{"line":26,"column":38},"end":{"line":36,"column":1}},"4":{"start":{"line":27,"column":35},"end":{"line":27,"column":41}},"5":{"start":{"line":28,"column":17},"end":{"line":28,"column":28}},"6":{"start":{"line":30,"column":2},"end":{"line":35,"column":4}},"7":{"start":{"line":38,"column":0},"end":{"line":38,"column":22}}},"fnMap":{"0":{"name":"(anonymous_9)","decl":{"start":{"line":26,"column":38},"end":{"line":26,"column":39}},"loc":{"start":{"line":26,"column":57},"end":{"line":36,"column":1}}}},"branchMap":{},"s":{"0":0,"1":0,"2":0,"3":0,"4":0,"5":0,"6":0,"7":0},"f":{"0":0},"b":{}}
,"/Users/wellingtonsantos/Developer/2025/pdk-mvp/Paradocket/outlook-addin-mvp-3/src/taskpane/components/HeroList.tsx": {"path":"/Users/wellingtonsantos/Developer/2025/pdk-mvp/Paradocket/outlook-addin-mvp-3/src/taskpane/components/HeroList.tsx","statementMap":{"0":{"start":{"line":1,"column":0},"end":{"line":1,"column":31}},"1":{"start":{"line":2,"column":0},"end":{"line":2,"column":64}},"2":{"start":{"line":14,"column":18},"end":{"line":42,"column":2}},"3":{"start":{"line":44,"column":42},"end":{"line":60,"column":1}},"4":{"start":{"line":45,"column":29},"end":{"line":45,"column":35}},"5":{"start":{"line":46,"column":17},"end":{"line":46,"column":28}},"6":{"start":{"line":48,"column":20},"end":{"line":53,"column":4}},"7":{"start":{"line":48,"column":47},"end":{"line":53,"column":4}},"8":{"start":{"line":54,"column":2},"end":{"line":59,"column":4}},"9":{"start":{"line":62,"column":0},"end":{"line":62,"column":24}}},"fnMap":{"0":{"name":"(anonymous_9)","decl":{"start":{"line":44,"column":42},"end":{"line":44,"column":43}},"loc":{"start":{"line":44,"column":63},"end":{"line":60,"column":1}}},"1":{"name":"(anonymous_10)","decl":{"start":{"line":48,"column":30},"end":{"line":48,"column":31}},"loc":{"start":{"line":48,"column":42},"end":{"line":48,"column":null}}}},"branchMap":{},"s":{"0":0,"1":0,"2":0,"3":0,"4":0,"5":0,"6":0,"7":0,"8":0,"9":0},"f":{"0":0,"1":0},"b":{}}
,"/Users/wellingtonsantos/Developer/2025/pdk-mvp/Paradocket/outlook-addin-mvp-3/src/taskpane/components/TextInsertion.tsx": {"path":"/Users/wellingtonsantos/Developer/2025/pdk-mvp/Paradocket/outlook-addin-mvp-3/src/taskpane/components/TextInsertion.tsx","statementMap":{"0":{"start":{"line":1,"column":0},"end":{"line":1,"column":31}},"1":{"start":{"line":2,"column":0},"end":{"line":2,"column":33}},"2":{"start":{"line":3,"column":0},"end":{"line":3,"column":89}},"3":{"start":{"line":11,"column":18},"end":{"line":29,"column":2}},"4":{"start":{"line":31,"column":52},"end":{"line":55,"column":1}},"5":{"start":{"line":32,"column":26},"end":{"line":32,"column":56}},"6":{"start":{"line":32,"column":13},"end":{"line":32,"column":15}},"7":{"start":{"line":32,"column":22},"end":{"line":32,"column":26}},"8":{"start":{"line":34,"column":30},"end":{"line":36,"column":4}},"9":{"start":{"line":35,"column":4},"end":{"line":35,"column":33}},"10":{"start":{"line":38,"column":27},"end":{"line":40,"column":4}},"11":{"start":{"line":38,"column":79},"end":{"line":40,"column":4}},"12":{"start":{"line":39,"column":4},"end":{"line":39,"column":32}},"13":{"start":{"line":42,"column":17},"end":{"line":42,"column":28}},"14":{"start":{"line":44,"column":2},"end":{"line":54,"column":4}},"15":{"start":{"line":57,"column":0},"end":{"line":57,"column":29}}},"fnMap":{"0":{"name":"(anonymous_22)","decl":{"start":{"line":31,"column":52},"end":{"line":31,"column":53}},"loc":{"start":{"line":31,"column":78},"end":{"line":55,"column":1}}},"1":{"name":"(anonymous_23)","decl":{"start":{"line":34,"column":30},"end":{"line":34,"column":null}},"loc":{"start":{"line":34,"column":30},"end":{"line":36,"column":4}}},"2":{"name":"(anonymous_26)","decl":{"start":{"line":38,"column":27},"end":{"line":38,"column":34}},"loc":{"start":{"line":38,"column":79},"end":{"line":40,"column":4}}},"3":{"name":"(anonymous_27)","decl":{"start":{"line":38,"column":79},"end":{"line":38,"column":null}},"loc":{"start":{"line":38,"column":79},"end":{"line":40,"column":4}}}},"branchMap":{"0":{"loc":{"start":{"line":35,"column":4},"end":{"line":35,"column":33}},"type":"switch","locations":[{"start":{"line":35,"column":4},"end":{"line":35,"column":33}}]}},"s":{"0":0,"1":0,"2":0,"3":0,"4":0,"5":0,"6":0,"7":0,"8":0,"9":0,"10":0,"11":0,"12":0,"13":0,"14":0,"15":0},"f":{"0":0,"1":0,"2":0,"3":0},"b":{"0":[0]}}
,"/Users/wellingtonsantos/Developer/2025/pdk-mvp/Paradocket/outlook-addin-mvp-3/src/taskpane/hooks/useMailboxItem.ts": {"path":"/Users/wellingtonsantos/Developer/2025/pdk-mvp/Paradocket/outlook-addin-mvp-3/src/taskpane/hooks/useMailboxItem.ts","statementMap":{"0":{"start":{"line":31,"column":0},"end":{"line":31,"column":16}},"1":{"start":{"line":9,"column":0},"end":{"line":9,"column":44}},"2":{"start":{"line":10,"column":0},"end":{"line":10,"column":54}},"3":{"start":{"line":11,"column":0},"end":{"line":11,"column":null}},"4":{"start":{"line":18,"column":0},"end":{"line":18,"column":58}},"5":{"start":{"line":32,"column":48},"end":{"line":32,"column":66}},"6":{"start":{"line":32,"column":23},"end":{"line":32,"column":32}},"7":{"start":{"line":32,"column":43},"end":{"line":32,"column":48}},"8":{"start":{"line":33,"column":28},"end":{"line":37,"column":4}},"9":{"start":{"line":33,"column":14},"end":{"line":33,"column":16}},"10":{"start":{"line":33,"column":24},"end":{"line":33,"column":28}},"11":{"start":{"line":39,"column":2},"end":{"line":94,"column":35}},"12":{"start":{"line":40,"column":20},"end":{"line":40,"column":24}},"13":{"start":{"line":42,"column":27},"end":{"line":87,"column":6}},"14":{"start":{"line":43,"column":6},"end":{"line":45,"column":7}},"15":{"start":{"line":44,"column":8},"end":{"line":44,"column":15}},"16":{"start":{"line":47,"column":6},"end":{"line":56,"column":7}},"17":{"start":{"line":48,"column":8},"end":{"line":54,"column":9}},"18":{"start":{"line":49,"column":10},"end":{"line":53,"column":13}},"19":{"start":{"line":55,"column":8},"end":{"line":55,"column":15}},"20":{"start":{"line":59,"column":58},"end":{"line":64,"column":null}},"21":{"start":{"line":59,"column":14},"end":{"line":59,"column":58}},"22":{"start":{"line":66,"column":8},"end":{"line":77,"column":9}},"23":{"start":{"line":67,"column":10},"end":{"line":76,"column":13}},"24":{"start":{"line":79,"column":8},"end":{"line":85,"column":9}},"25":{"start":{"line":80,"column":10},"end":{"line":84,"column":13}},"26":{"start":{"line":89,"column":4},"end":{"line":89,"column":21}},"27":{"start":{"line":91,"column":4},"end":{"line":93,"column":6}},"28":{"start":{"line":92,"column":6},"end":{"line":92,"column":24}},"29":{"start":{"line":96,"column":2},"end":{"line":96,"column":15}}},"fnMap":{"0":{"name":"useMailboxItem","decl":{"start":{"line":31,"column":16},"end":{"line":31,"column":30}},"loc":{"start":{"line":31,"column":30},"end":{"line":97,"column":1}}},"1":{"name":"(anonymous_14)","decl":{"start":{"line":39,"column":12},"end":{"line":39,"column":null}},"loc":{"start":{"line":39,"column":12},"end":{"line":94,"column":3}}},"2":{"name":"(anonymous_15)","decl":{"start":{"line":42,"column":27},"end":{"line":42,"column":null}},"loc":{"start":{"line":42,"column":27},"end":{"line":87,"column":6}}},"3":{"name":"(anonymous_18)","decl":{"start":{"line":91,"column":11},"end":{"line":91,"column":null}},"loc":{"start":{"line":91,"column":11},"end":{"line":93,"column":5}}}},"branchMap":{"0":{"loc":{"start":{"line":43,"column":6},"end":{"line":45,"column":7}},"type":"if","locations":[{"start":{"line":43,"column":6},"end":{"line":45,"column":7}},{"start":{},"end":{}}]},"1":{"loc":{"start":{"line":47,"column":6},"end":{"line":56,"column":7}},"type":"if","locations":[{"start":{"line":47,"column":6},"end":{"line":56,"column":7}},{"start":{},"end":{}}]},"2":{"loc":{"start":{"line":48,"column":8},"end":{"line":54,"column":9}},"type":"if","locations":[{"start":{"line":48,"column":8},"end":{"line":54,"column":9}},{"start":{},"end":{}}]},"3":{"loc":{"start":{"line":66,"column":8},"end":{"line":77,"column":9}},"type":"if","locations":[{"start":{"line":66,"column":8},"end":{"line":77,"column":9}},{"start":{},"end":{}}]},"4":{"loc":{"start":{"line":79,"column":8},"end":{"line":85,"column":9}},"type":"if","locations":[{"start":{"line":79,"column":8},"end":{"line":85,"column":9}},{"start":{},"end":{}}]}},"s":{"0":0,"1":0,"2":0,"3":0,"4":0,"5":0,"6":0,"7":0,"8":0,"9":0,"10":0,"11":0,"12":0,"13":0,"14":0,"15":0,"16":0,"17":0,"18":0,"19":0,"20":0,"21":0,"22":0,"23":0,"24":0,"25":0,"26":0,"27":0,"28":0,"29":0},"f":{"0":0,"1":0,"2":0,"3":0},"b":{"0":[0,0],"1":[0,0],"2":[0,0],"3":[0,0],"4":[0,0]}}
,"/Users/wellingtonsantos/Developer/2025/pdk-mvp/Paradocket/outlook-addin-mvp-3/src/taskpane/hooks/useOfficeContext.ts": {"path":"/Users/wellingtonsantos/Developer/2025/pdk-mvp/Paradocket/outlook-addin-mvp-3/src/taskpane/hooks/useOfficeContext.ts","statementMap":{"0":{"start":{"line":18,"column":0},"end":{"line":18,"column":16}},"1":{"start":{"line":9,"column":0},"end":{"line":9,"column":44}},"2":{"start":{"line":10,"column":0},"end":{"line":10,"column":82}},"3":{"start":{"line":19,"column":28},"end":{"line":24,"column":4}},"4":{"start":{"line":19,"column":14},"end":{"line":19,"column":16}},"5":{"start":{"line":19,"column":24},"end":{"line":19,"column":28}},"6":{"start":{"line":26,"column":2},"end":{"line":71,"column":9}},"7":{"start":{"line":27,"column":20},"end":{"line":27,"column":24}},"8":{"start":{"line":29,"column":23},"end":{"line":64,"column":6}},"9":{"start":{"line":31,"column":6},"end":{"line":41,"column":7}},"10":{"start":{"line":32,"column":8},"end":{"line":39,"column":9}},"11":{"start":{"line":33,"column":10},"end":{"line":38,"column":13}},"12":{"start":{"line":40,"column":8},"end":{"line":40,"column":15}},"13":{"start":{"line":44,"column":24},"end":{"line":44,"column":null}},"14":{"start":{"line":44,"column":14},"end":{"line":44,"column":null}},"15":{"start":{"line":46,"column":8},"end":{"line":53,"column":9}},"16":{"start":{"line":47,"column":10},"end":{"line":52,"column":13}},"17":{"start":{"line":55,"column":8},"end":{"line":62,"column":9}},"18":{"start":{"line":56,"column":10},"end":{"line":61,"column":13}},"19":{"start":{"line":66,"column":4},"end":{"line":66,"column":17}},"20":{"start":{"line":68,"column":4},"end":{"line":70,"column":6}},"21":{"start":{"line":69,"column":6},"end":{"line":69,"column":24}},"22":{"start":{"line":73,"column":2},"end":{"line":73,"column":15}}},"fnMap":{"0":{"name":"useOfficeContext","decl":{"start":{"line":18,"column":16},"end":{"line":18,"column":32}},"loc":{"start":{"line":18,"column":32},"end":{"line":74,"column":1}}},"1":{"name":"(anonymous_14)","decl":{"start":{"line":26,"column":12},"end":{"line":26,"column":null}},"loc":{"start":{"line":26,"column":12},"end":{"line":71,"column":3}}},"2":{"name":"(anonymous_15)","decl":{"start":{"line":29,"column":23},"end":{"line":29,"column":null}},"loc":{"start":{"line":29,"column":23},"end":{"line":64,"column":6}}},"3":{"name":"(anonymous_18)","decl":{"start":{"line":68,"column":11},"end":{"line":68,"column":null}},"loc":{"start":{"line":68,"column":11},"end":{"line":70,"column":5}}}},"branchMap":{"0":{"loc":{"start":{"line":31,"column":6},"end":{"line":41,"column":7}},"type":"if","locations":[{"start":{"line":31,"column":6},"end":{"line":41,"column":7}},{"start":{},"end":{}}]},"1":{"loc":{"start":{"line":32,"column":8},"end":{"line":39,"column":9}},"type":"if","locations":[{"start":{"line":32,"column":8},"end":{"line":39,"column":9}},{"start":{},"end":{}}]},"2":{"loc":{"start":{"line":46,"column":8},"end":{"line":53,"column":9}},"type":"if","locations":[{"start":{"line":46,"column":8},"end":{"line":53,"column":9}},{"start":{},"end":{}}]},"3":{"loc":{"start":{"line":55,"column":8},"end":{"line":62,"column":9}},"type":"if","locations":[{"start":{"line":55,"column":8},"end":{"line":62,"column":9}},{"start":{},"end":{}}]}},"s":{"0":0,"1":0,"2":0,"3":0,"4":0,"5":0,"6":0,"7":0,"8":0,"9":0,"10":0,"11":0,"12":0,"13":0,"14":0,"15":0,"16":0,"17":0,"18":0,"19":0,"20":0,"21":0,"22":0},"f":{"0":0,"1":0,"2":0,"3":0},"b":{"0":[0,0],"1":[0,0],"2":[0,0],"3":[0,0]}}
,"/Users/wellingtonsantos/Developer/2025/pdk-mvp/Paradocket/outlook-addin-mvp-3/src/taskpane/services/mailService.ts": {"path":"/Users/wellingtonsantos/Developer/2025/pdk-mvp/Paradocket/outlook-addin-mvp-3/src/taskpane/services/mailService.ts","statementMap":{"0":{"start":{"line":20,"column":0},"end":{"line":20,"column":22}},"1":{"start":{"line":46,"column":0},"end":{"line":46,"column":22}},"2":{"start":{"line":71,"column":0},"end":{"line":71,"column":22}},"3":{"start":{"line":96,"column":0},"end":{"line":96,"column":22}},"4":{"start":{"line":122,"column":0},"end":{"line":122,"column":22}},"5":{"start":{"line":10,"column":0},"end":{"line":10,"column":52}},"6":{"start":{"line":11,"column":0},"end":{"line":11,"column":58}},"7":{"start":{"line":21,"column":2},"end":{"line":37,"column":3}},"8":{"start":{"line":22,"column":10},"end":{"line":22,"column":40}},"9":{"start":{"line":23,"column":10},"end":{"line":23,"column":30}},"10":{"start":{"line":25,"column":4},"end":{"line":27,"column":5}},"11":{"start":{"line":26,"column":6},"end":{"line":26,"column":61}},"12":{"start":{"line":30,"column":4},"end":{"line":32,"column":5}},"13":{"start":{"line":31,"column":6},"end":{"line":31,"column":44}},"14":{"start":{"line":34,"column":4},"end":{"line":34,"column":26}},"15":{"start":{"line":36,"column":4},"end":{"line":36,"column":72}},"16":{"start":{"line":47,"column":2},"end":{"line":62,"column":3}},"17":{"start":{"line":48,"column":10},"end":{"line":48,"column":40}},"18":{"start":{"line":49,"column":10},"end":{"line":49,"column":52}},"19":{"start":{"line":51,"column":4},"end":{"line":53,"column":5}},"20":{"start":{"line":52,"column":6},"end":{"line":52,"column":61}},"21":{"start":{"line":55,"column":4},"end":{"line":57,"column":5}},"22":{"start":{"line":56,"column":6},"end":{"line":56,"column":81}},"23":{"start":{"line":59,"column":4},"end":{"line":59,"column":28}},"24":{"start":{"line":61,"column":4},"end":{"line":61,"column":69}},"25":{"start":{"line":72,"column":2},"end":{"line":87,"column":3}},"26":{"start":{"line":73,"column":10},"end":{"line":73,"column":40}},"27":{"start":{"line":74,"column":10},"end":{"line":74,"column":52}},"28":{"start":{"line":76,"column":4},"end":{"line":78,"column":5}},"29":{"start":{"line":77,"column":6},"end":{"line":77,"column":61}},"30":{"start":{"line":80,"column":4},"end":{"line":82,"column":5}},"31":{"start":{"line":81,"column":6},"end":{"line":81,"column":34}},"32":{"start":{"line":84,"column":4},"end":{"line":84,"column":22}},"33":{"start":{"line":86,"column":4},"end":{"line":86,"column":70}},"34":{"start":{"line":97,"column":2},"end":{"line":112,"column":3}},"35":{"start":{"line":98,"column":10},"end":{"line":98,"column":40}},"36":{"start":{"line":99,"column":10},"end":{"line":99,"column":52}},"37":{"start":{"line":101,"column":4},"end":{"line":103,"column":5}},"38":{"start":{"line":102,"column":6},"end":{"line":102,"column":61}},"39":{"start":{"line":105,"column":4},"end":{"line":107,"column":5}},"40":{"start":{"line":106,"column":6},"end":{"line":106,"column":89}},"41":{"start":{"line":106,"column":40},"end":{"line":106,"column":88}},"42":{"start":{"line":109,"column":4},"end":{"line":109,"column":14}},"43":{"start":{"line":111,"column":4},"end":{"line":111,"column":75}},"44":{"start":{"line":122,"column":42},"end":{"line":122,"column":null}},"45":{"start":{"line":123,"column":2},"end":{"line":143,"column":3}},"46":{"start":{"line":124,"column":10},"end":{"line":124,"column":40}},"47":{"start":{"line":125,"column":10},"end":{"line":125,"column":30}},"48":{"start":{"line":127,"column":4},"end":{"line":129,"column":5}},"49":{"start":{"line":128,"column":6},"end":{"line":128,"column":61}},"50":{"start":{"line":131,"column":4},"end":{"line":140,"column":7}},"51":{"start":{"line":132,"column":6},"end":{"line":139,"column":9}},"52":{"start":{"line":133,"column":8},"end":{"line":138,"column":9}},"53":{"start":{"line":134,"column":26},"end":{"line":134,"column":62}},"54":{"start":{"line":135,"column":10},"end":{"line":135,"column":76}},"55":{"start":{"line":137,"column":10},"end":{"line":137,"column":50}},"56":{"start":{"line":142,"column":4},"end":{"line":142,"column":69}}},"fnMap":{"0":{"name":"getCurrentEmailSubject","decl":{"start":{"line":20,"column":22},"end":{"line":20,"column":44}},"loc":{"start":{"line":20,"column":44},"end":{"line":38,"column":null}}},"1":{"name":"getCurrentEmailFrom","decl":{"start":{"line":46,"column":22},"end":{"line":46,"column":41}},"loc":{"start":{"line":46,"column":41},"end":{"line":63,"column":null}}},"2":{"name":"getEmailReceivedDate","decl":{"start":{"line":71,"column":22},"end":{"line":71,"column":42}},"loc":{"start":{"line":71,"column":42},"end":{"line":88,"column":null}}},"3":{"name":"getCurrentEmailRecipients","decl":{"start":{"line":96,"column":22},"end":{"line":96,"column":47}},"loc":{"start":{"line":96,"column":47},"end":{"line":113,"column":null}}},"4":{"name":"(anonymous_25)","decl":{"start":{"line":106,"column":25},"end":{"line":106,"column":26}},"loc":{"start":{"line":106,"column":35},"end":{"line":106,"column":49}}},"5":{"name":"getEmailBodyPreview","decl":{"start":{"line":122,"column":22},"end":{"line":122,"column":41}},"loc":{"start":{"line":122,"column":41},"end":{"line":144,"column":null}}},"6":{"name":"(anonymous_29)","decl":{"start":{"line":131,"column":23},"end":{"line":131,"column":24}},"loc":{"start":{"line":131,"column":39},"end":{"line":140,"column":5}}},"7":{"name":"(anonymous_30)","decl":{"start":{"line":132,"column":51},"end":{"line":132,"column":52}},"loc":{"start":{"line":132,"column":58},"end":{"line":139,"column":7}}}},"branchMap":{"0":{"loc":{"start":{"line":25,"column":4},"end":{"line":27,"column":5}},"type":"if","locations":[{"start":{"line":25,"column":4},"end":{"line":27,"column":5}},{"start":{},"end":{}}]},"1":{"loc":{"start":{"line":30,"column":4},"end":{"line":32,"column":5}},"type":"if","locations":[{"start":{"line":30,"column":4},"end":{"line":32,"column":5}},{"start":{},"end":{}}]},"2":{"loc":{"start":{"line":31,"column":13},"end":{"line":31,"column":43}},"type":"binary-expr","locations":[{"start":{"line":31,"column":13},"end":{"line":31,"column":25}},{"start":{"line":31,"column":29},"end":{"line":31,"column":43}}]},"3":{"loc":{"start":{"line":51,"column":4},"end":{"line":53,"column":5}},"type":"if","locations":[{"start":{"line":51,"column":4},"end":{"line":53,"column":5}},{"start":{},"end":{}}]},"4":{"loc":{"start":{"line":55,"column":4},"end":{"line":57,"column":5}},"type":"if","locations":[{"start":{"line":55,"column":4},"end":{"line":57,"column":5}},{"start":{},"end":{}}]},"5":{"loc":{"start":{"line":55,"column":8},"end":{"line":55,"column":75}},"type":"binary-expr","locations":[{"start":{"line":55,"column":8},"end":{"line":55,"column":62}},{"start":{"line":55,"column":66},"end":{"line":55,"column":75}}]},"6":{"loc":{"start":{"line":56,"column":13},"end":{"line":56,"column":80}},"type":"binary-expr","locations":[{"start":{"line":56,"column":13},"end":{"line":56,"column":35}},{"start":{"line":56,"column":39},"end":{"line":56,"column":60}},{"start":{"line":56,"column":64},"end":{"line":56,"column":80}}]},"7":{"loc":{"start":{"line":76,"column":4},"end":{"line":78,"column":5}},"type":"if","locations":[{"start":{"line":76,"column":4},"end":{"line":78,"column":5}},{"start":{},"end":{}}]},"8":{"loc":{"start":{"line":80,"column":4},"end":{"line":82,"column":5}},"type":"if","locations":[{"start":{"line":80,"column":4},"end":{"line":82,"column":5}},{"start":{},"end":{}}]},"9":{"loc":{"start":{"line":101,"column":4},"end":{"line":103,"column":5}},"type":"if","locations":[{"start":{"line":101,"column":4},"end":{"line":103,"column":5}},{"start":{},"end":{}}]},"10":{"loc":{"start":{"line":105,"column":4},"end":{"line":107,"column":5}},"type":"if","locations":[{"start":{"line":105,"column":4},"end":{"line":107,"column":5}},{"start":{},"end":{}}]},"11":{"loc":{"start":{"line":105,"column":8},"end":{"line":105,"column":41}},"type":"binary-expr","locations":[{"start":{"line":105,"column":8},"end":{"line":105,"column":15}},{"start":{"line":105,"column":19},"end":{"line":105,"column":41}}]},"12":{"loc":{"start":{"line":106,"column":40},"end":{"line":106,"column":87}},"type":"binary-expr","locations":[{"start":{"line":106,"column":40},"end":{"line":106,"column":62}},{"start":{"line":106,"column":66},"end":{"line":106,"column":87}}]},"13":{"loc":{"start":{"line":122,"column":42},"end":{"line":122,"column":null}},"type":"if","locations":[{"start":{"line":122,"column":42},"end":{"line":122,"column":null}},{"start":{},"end":{}}]},"14":{"loc":{"start":{"line":127,"column":4},"end":{"line":129,"column":5}},"type":"if","locations":[{"start":{"line":127,"column":4},"end":{"line":129,"column":5}},{"start":{},"end":{}}]},"15":{"loc":{"start":{"line":133,"column":8},"end":{"line":138,"column":9}},"type":"if","locations":[{"start":{"line":133,"column":8},"end":{"line":138,"column":9}},{"start":{"line":136,"column":15},"end":{"line":138,"column":9}}]},"16":{"loc":{"start":{"line":135,"column":29},"end":{"line":135,"column":73}},"type":"cond-expr","locations":[{"start":{"line":135,"column":63},"end":{"line":135,"column":68}},{"start":{"line":135,"column":71},"end":{"line":135,"column":73}}]}},"s":{"0":0,"1":0,"2":0,"3":0,"4":0,"5":0,"6":0,"7":0,"8":0,"9":0,"10":0,"11":0,"12":0,"13":0,"14":0,"15":0,"16":0,"17":0,"18":0,"19":0,"20":0,"21":0,"22":0,"23":0,"24":0,"25":0,"26":0,"27":0,"28":0,"29":0,"30":0,"31":0,"32":0,"33":0,"34":0,"35":0,"36":0,"37":0,"38":0,"39":0,"40":0,"41":0,"42":0,"43":0,"44":0,"45":0,"46":0,"47":0,"48":0,"49":0,"50":0,"51":0,"52":0,"53":0,"54":0,"55":0,"56":0},"f":{"0":0,"1":0,"2":0,"3":0,"4":0,"5":0,"6":0,"7":0},"b":{"0":[0,0],"1":[0,0],"2":[0,0],"3":[0,0],"4":[0,0],"5":[0,0],"6":[0,0,0],"7":[0,0],"8":[0,0],"9":[0,0],"10":[0,0],"11":[0,0],"12":[0,0],"13":[0,0],"14":[0,0],"15":[0,0],"16":[0,0]}}
,"/Users/wellingtonsantos/Developer/2025/pdk-mvp/Paradocket/outlook-addin-mvp-3/src/taskpane/services/officeService.ts": {"path":"/Users/wellingtonsantos/Developer/2025/pdk-mvp/Paradocket/outlook-addin-mvp-3/src/taskpane/services/officeService.ts","statementMap":{"0":{"start":{"line":20,"column":0},"end":{"line":20,"column":22}},"1":{"start":{"line":55,"column":0},"end":{"line":55,"column":16}},"2":{"start":{"line":65,"column":0},"end":{"line":65,"column":16}},"3":{"start":{"line":78,"column":0},"end":{"line":78,"column":16}},"4":{"start":{"line":9,"column":0},"end":{"line":9,"column":52}},"5":{"start":{"line":11,"column":20},"end":{"line":11,"column":25}},"6":{"start":{"line":12,"column":43},"end":{"line":12,"column":47}},"7":{"start":{"line":21,"column":2},"end":{"line":23,"column":3}},"8":{"start":{"line":22,"column":4},"end":{"line":22,"column":25}},"9":{"start":{"line":25,"column":2},"end":{"line":47,"column":5}},"10":{"start":{"line":26,"column":4},"end":{"line":46,"column":5}},"11":{"start":{"line":27,"column":6},"end":{"line":43,"column":9}},"12":{"start":{"line":28,"column":8},"end":{"line":42,"column":9}},"13":{"start":{"line":30,"column":10},"end":{"line":30,"column":28}},"14":{"start":{"line":32,"column":10},"end":{"line":39,"column":11}},"15":{"start":{"line":33,"column":12},"end":{"line":33,"column":43}},"16":{"start":{"line":34,"column":12},"end":{"line":34,"column":33}},"17":{"start":{"line":35,"column":12},"end":{"line":35,"column":74}},"18":{"start":{"line":36,"column":12},"end":{"line":36,"column":36}},"19":{"start":{"line":38,"column":12},"end":{"line":38,"column":71}},"20":{"start":{"line":41,"column":10},"end":{"line":41,"column":24}},"21":{"start":{"line":45,"column":6},"end":{"line":45,"column":77}},"22":{"start":{"line":56,"column":2},"end":{"line":56,"column":23}},"23":{"start":{"line":66,"column":2},"end":{"line":68,"column":3}},"24":{"start":{"line":67,"column":4},"end":{"line":67,"column":84}},"25":{"start":{"line":69,"column":2},"end":{"line":69,"column":23}},"26":{"start":{"line":79,"column":18},"end":{"line":79,"column":36}},"27":{"start":{"line":80,"column":2},"end":{"line":82,"column":3}},"28":{"start":{"line":81,"column":4},"end":{"line":81,"column":56}},"29":{"start":{"line":83,"column":2},"end":{"line":83,"column":25}}},"fnMap":{"0":{"name":"initializeOffice","decl":{"start":{"line":20,"column":22},"end":{"line":20,"column":38}},"loc":{"start":{"line":20,"column":38},"end":{"line":48,"column":null}}},"1":{"name":"(anonymous_16)","decl":{"start":{"line":25,"column":21},"end":{"line":25,"column":22}},"loc":{"start":{"line":25,"column":37},"end":{"line":47,"column":3}}},"2":{"name":"(anonymous_17)","decl":{"start":{"line":27,"column":21},"end":{"line":27,"column":22}},"loc":{"start":{"line":27,"column":26},"end":{"line":43,"column":7}}},"3":{"name":"isOfficeInitialized","decl":{"start":{"line":55,"column":16},"end":{"line":55,"column":35}},"loc":{"start":{"line":55,"column":35},"end":{"line":57,"column":1}}},"4":{"name":"getOfficeContext","decl":{"start":{"line":65,"column":16},"end":{"line":65,"column":32}},"loc":{"start":{"line":65,"column":32},"end":{"line":70,"column":1}}},"5":{"name":"getMailboxContext","decl":{"start":{"line":78,"column":16},"end":{"line":78,"column":33}},"loc":{"start":{"line":78,"column":33},"end":{"line":84,"column":1}}}},"branchMap":{"0":{"loc":{"start":{"line":21,"column":2},"end":{"line":23,"column":3}},"type":"if","locations":[{"start":{"line":21,"column":2},"end":{"line":23,"column":3}},{"start":{},"end":{}}]},"1":{"loc":{"start":{"line":21,"column":6},"end":{"line":21,"column":36}},"type":"binary-expr","locations":[{"start":{"line":21,"column":6},"end":{"line":21,"column":19}},{"start":{"line":21,"column":23},"end":{"line":21,"column":36}}]},"2":{"loc":{"start":{"line":32,"column":10},"end":{"line":39,"column":11}},"type":"if","locations":[{"start":{"line":32,"column":10},"end":{"line":39,"column":11}},{"start":{"line":37,"column":17},"end":{"line":39,"column":11}}]},"3":{"loc":{"start":{"line":66,"column":2},"end":{"line":68,"column":3}},"type":"if","locations":[{"start":{"line":66,"column":2},"end":{"line":68,"column":3}},{"start":{},"end":{}}]},"4":{"loc":{"start":{"line":80,"column":2},"end":{"line":82,"column":3}},"type":"if","locations":[{"start":{"line":80,"column":2},"end":{"line":82,"column":3}},{"start":{},"end":{}}]}},"s":{"0":0,"1":0,"2":0,"3":0,"4":0,"5":0,"6":0,"7":0,"8":0,"9":0,"10":0,"11":0,"12":0,"13":0,"14":0,"15":0,"16":0,"17":0,"18":0,"19":0,"20":0,"21":0,"22":0,"23":0,"24":0,"25":0,"26":0,"27":0,"28":0,"29":0},"f":{"0":0,"1":0,"2":0,"3":0,"4":0,"5":0},"b":{"0":[0,0],"1":[0,0],"2":[0,0],"3":[0,0],"4":[0,0]}}
,"/Users/wellingtonsantos/Developer/2025/pdk-mvp/Paradocket/outlook-addin-mvp-3/src/taskpane/services/signalrService.ts": {"path":"/Users/wellingtonsantos/Developer/2025/pdk-mvp/Paradocket/outlook-addin-mvp-3/src/taskpane/services/signalrService.ts","statementMap":{"0":{"start":{"line":24,"column":0},"end":{"line":24,"column":22}},"1":{"start":{"line":79,"column":0},"end":{"line":79,"column":16}},"2":{"start":{"line":89,"column":0},"end":{"line":89,"column":16}},"3":{"start":{"line":101,"column":0},"end":{"line":101,"column":16}},"4":{"start":{"line":110,"column":0},"end":{"line":110,"column":16}},"5":{"start":{"line":122,"column":0},"end":{"line":122,"column":22}},"6":{"start":{"line":146,"column":0},"end":{"line":146,"column":16}},"7":{"start":{"line":160,"column":0},"end":{"line":160,"column":16}},"8":{"start":{"line":177,"column":0},"end":{"line":177,"column":22}},"9":{"start":{"line":199,"column":0},"end":{"line":199,"column":16}},"10":{"start":{"line":9,"column":0},"end":{"line":9,"column":103}},"11":{"start":{"line":10,"column":0},"end":{"line":10,"column":68}},"12":{"start":{"line":13,"column":20},"end":{"line":13,"column":25}},"13":{"start":{"line":14,"column":39},"end":{"line":14,"column":43}},"14":{"start":{"line":15,"column":42},"end":{"line":15,"column":46}},"15":{"start":{"line":26,"column":2},"end":{"line":28,"column":3}},"16":{"start":{"line":27,"column":4},"end":{"line":27,"column":68}},"17":{"start":{"line":30,"column":2},"end":{"line":32,"column":3}},"18":{"start":{"line":31,"column":4},"end":{"line":31,"column":22}},"19":{"start":{"line":36,"column":4},"end":{"line":42,"column":15}},"20":{"start":{"line":38,"column":34},"end":{"line":38,"column":null}},"21":{"start":{"line":45,"column":4},"end":{"line":50,"column":7}},"22":{"start":{"line":45,"column":35},"end":{"line":50,"column":6}},"23":{"start":{"line":47,"column":12},"end":{"line":47,"column":69}},"24":{"start":{"line":48,"column":6},"end":{"line":48,"column":51}},"25":{"start":{"line":49,"column":6},"end":{"line":49,"column":28}},"26":{"start":{"line":52,"column":4},"end":{"line":54,"column":7}},"27":{"start":{"line":53,"column":6},"end":{"line":53,"column":46}},"28":{"start":{"line":56,"column":4},"end":{"line":58,"column":7}},"29":{"start":{"line":57,"column":6},"end":{"line":57,"column":75}},"30":{"start":{"line":60,"column":4},"end":{"line":60,"column":29}},"31":{"start":{"line":61,"column":4},"end":{"line":61,"column":25}},"32":{"start":{"line":62,"column":4},"end":{"line":62,"column":27}},"33":{"start":{"line":63,"column":4},"end":{"line":63,"column":50}},"34":{"start":{"line":65,"column":4},"end":{"line":65,"column":22}},"35":{"start":{"line":69,"column":10},"end":{"line":69,"column":71}},"36":{"start":{"line":70,"column":4},"end":{"line":70,"column":29}},"37":{"start":{"line":80,"column":2},"end":{"line":80,"column":23}},"38":{"start":{"line":90,"column":2},"end":{"line":92,"column":3}},"39":{"start":{"line":91,"column":4},"end":{"line":91,"column":83}},"40":{"start":{"line":93,"column":2},"end":{"line":93,"column":20}},"41":{"start":{"line":102,"column":2},"end":{"line":102,"column":62}},"42":{"start":{"line":111,"column":2},"end":{"line":111,"column":60}},"43":{"start":{"line":123,"column":2},"end":{"line":125,"column":3}},"44":{"start":{"line":124,"column":4},"end":{"line":124,"column":50}},"45":{"start":{"line":127,"column":2},"end":{"line":129,"column":3}},"46":{"start":{"line":128,"column":4},"end":{"line":128,"column":48}},"47":{"start":{"line":132,"column":4},"end":{"line":132,"column":46}},"48":{"start":{"line":134,"column":10},"end":{"line":134,"column":69}},"49":{"start":{"line":135,"column":4},"end":{"line":135,"column":29}},"50":{"start":{"line":147,"column":2},"end":{"line":149,"column":3}},"51":{"start":{"line":148,"column":4},"end":{"line":148,"column":50}},"52":{"start":{"line":151,"column":2},"end":{"line":151,"column":37}},"53":{"start":{"line":161,"column":2},"end":{"line":163,"column":3}},"54":{"start":{"line":162,"column":4},"end":{"line":162,"column":11}},"55":{"start":{"line":165,"column":2},"end":{"line":169,"column":3}},"56":{"start":{"line":166,"column":4},"end":{"line":166,"column":40}},"57":{"start":{"line":168,"column":4},"end":{"line":168,"column":31}},"58":{"start":{"line":178,"column":2},"end":{"line":180,"column":3}},"59":{"start":{"line":179,"column":4},"end":{"line":179,"column":11}},"60":{"start":{"line":183,"column":4},"end":{"line":183,"column":28}},"61":{"start":{"line":184,"column":4},"end":{"line":184,"column":46}},"62":{"start":{"line":186,"column":4},"end":{"line":186,"column":36}},"63":{"start":{"line":188,"column":4},"end":{"line":188,"column":22}},"64":{"start":{"line":189,"column":4},"end":{"line":189,"column":26}},"65":{"start":{"line":190,"column":4},"end":{"line":190,"column":25}},"66":{"start":{"line":200,"column":2},"end":{"line":200,"column":23}}},"fnMap":{"0":{"name":"initializeSignalR","decl":{"start":{"line":24,"column":22},"end":{"line":24,"column":39}},"loc":{"start":{"line":24,"column":61},"end":{"line":72,"column":null}}},"1":{"name":"(anonymous_16)","decl":{"start":{"line":38,"column":28},"end":{"line":38,"column":34}},"loc":{"start":{"line":38,"column":28},"end":{"line":38,"column":40}}},"2":{"name":"(anonymous_17)","decl":{"start":{"line":45,"column":23},"end":{"line":45,"column":30}},"loc":{"start":{"line":45,"column":35},"end":{"line":50,"column":6}}},"3":{"name":"(anonymous_18)","decl":{"start":{"line":45,"column":35},"end":{"line":45,"column":null}},"loc":{"start":{"line":45,"column":35},"end":{"line":50,"column":6}}},"4":{"name":"(anonymous_20)","decl":{"start":{"line":52,"column":30},"end":{"line":52,"column":31}},"loc":{"start":{"line":52,"column":36},"end":{"line":54,"column":5}}},"5":{"name":"(anonymous_21)","decl":{"start":{"line":56,"column":29},"end":{"line":56,"column":30}},"loc":{"start":{"line":56,"column":42},"end":{"line":58,"column":5}}},"6":{"name":"isSignalRInitialized","decl":{"start":{"line":79,"column":16},"end":{"line":79,"column":36}},"loc":{"start":{"line":79,"column":36},"end":{"line":81,"column":1}}},"7":{"name":"getSignalRConnection","decl":{"start":{"line":89,"column":16},"end":{"line":89,"column":36}},"loc":{"start":{"line":89,"column":36},"end":{"line":94,"column":1}}},"8":{"name":"getConnectionState","decl":{"start":{"line":101,"column":16},"end":{"line":101,"column":34}},"loc":{"start":{"line":101,"column":34},"end":{"line":103,"column":1}}},"9":{"name":"isConnected","decl":{"start":{"line":110,"column":16},"end":{"line":110,"column":27}},"loc":{"start":{"line":110,"column":27},"end":{"line":112,"column":1}}},"10":{"name":"sendMessage","decl":{"start":{"line":122,"column":22},"end":{"line":122,"column":33}},"loc":{"start":{"line":122,"column":63},"end":{"line":137,"column":null}}},"11":{"name":"onMessage","decl":{"start":{"line":146,"column":16},"end":{"line":146,"column":25}},"loc":{"start":{"line":146,"column":79},"end":{"line":152,"column":1}}},"12":{"name":"offMessage","decl":{"start":{"line":160,"column":16},"end":{"line":160,"column":26}},"loc":{"start":{"line":160,"column":81},"end":{"line":170,"column":1}}},"13":{"name":"stopSignalR","decl":{"start":{"line":177,"column":22},"end":{"line":177,"column":33}},"loc":{"start":{"line":177,"column":33},"end":{"line":192,"column":null}}},"14":{"name":"getCurrentConfig","decl":{"start":{"line":199,"column":16},"end":{"line":199,"column":32}},"loc":{"start":{"line":199,"column":32},"end":{"line":201,"column":1}}}},"branchMap":{"0":{"loc":{"start":{"line":26,"column":2},"end":{"line":28,"column":3}},"type":"if","locations":[{"start":{"line":26,"column":2},"end":{"line":28,"column":3}},{"start":{},"end":{}}]},"1":{"loc":{"start":{"line":30,"column":2},"end":{"line":32,"column":3}},"type":"if","locations":[{"start":{"line":30,"column":2},"end":{"line":32,"column":3}},{"start":{},"end":{}}]},"2":{"loc":{"start":{"line":30,"column":6},"end":{"line":30,"column":33}},"type":"binary-expr","locations":[{"start":{"line":30,"column":6},"end":{"line":30,"column":19}},{"start":{"line":30,"column":23},"end":{"line":30,"column":33}}]},"3":{"loc":{"start":{"line":38,"column":34},"end":{"line":38,"column":58}},"type":"binary-expr","locations":[{"start":{"line":38,"column":34},"end":{"line":38,"column":52}},{"start":{"line":38,"column":56},"end":{"line":38,"column":58}}]},"4":{"loc":{"start":{"line":40,"column":30},"end":{"line":40,"column":79}},"type":"binary-expr","locations":[{"start":{"line":40,"column":30},"end":{"line":40,"column":52}},{"start":{"line":40,"column":56},"end":{"line":40,"column":79}}]},"5":{"loc":{"start":{"line":90,"column":2},"end":{"line":92,"column":3}},"type":"if","locations":[{"start":{"line":90,"column":2},"end":{"line":92,"column":3}},{"start":{},"end":{}}]},"6":{"loc":{"start":{"line":102,"column":9},"end":{"line":102,"column":61}},"type":"binary-expr","locations":[{"start":{"line":102,"column":9},"end":{"line":102,"column":26}},{"start":{"line":102,"column":30},"end":{"line":102,"column":61}}]},"7":{"loc":{"start":{"line":102,"column":9},"end":{"line":102,"column":26}},"type":"cond-expr","locations":[{"start":{"line":102,"column":19},"end":{"line":102,"column":21}},{"start":{"line":102,"column":9},"end":{"line":102,"column":26}}]},"8":{"loc":{"start":{"line":102,"column":9},"end":{"line":102,"column":21}},"type":"binary-expr","locations":[{"start":{"line":102,"column":9},"end":{"line":102,"column":21}},{"start":{"line":102,"column":9},"end":{"line":102,"column":21}}]},"9":{"loc":{"start":{"line":111,"column":9},"end":{"line":111,"column":26}},"type":"cond-expr","locations":[{"start":{"line":111,"column":19},"end":{"line":111,"column":21}},{"start":{"line":111,"column":9},"end":{"line":111,"column":26}}]},"10":{"loc":{"start":{"line":111,"column":9},"end":{"line":111,"column":21}},"type":"binary-expr","locations":[{"start":{"line":111,"column":9},"end":{"line":111,"column":21}},{"start":{"line":111,"column":9},"end":{"line":111,"column":21}}]},"11":{"loc":{"start":{"line":123,"column":2},"end":{"line":125,"column":3}},"type":"if","locations":[{"start":{"line":123,"column":2},"end":{"line":125,"column":3}},{"start":{},"end":{}}]},"12":{"loc":{"start":{"line":127,"column":2},"end":{"line":129,"column":3}},"type":"if","locations":[{"start":{"line":127,"column":2},"end":{"line":129,"column":3}},{"start":{},"end":{}}]},"13":{"loc":{"start":{"line":147,"column":2},"end":{"line":149,"column":3}},"type":"if","locations":[{"start":{"line":147,"column":2},"end":{"line":149,"column":3}},{"start":{},"end":{}}]},"14":{"loc":{"start":{"line":161,"column":2},"end":{"line":163,"column":3}},"type":"if","locations":[{"start":{"line":161,"column":2},"end":{"line":163,"column":3}},{"start":{},"end":{}}]},"15":{"loc":{"start":{"line":165,"column":2},"end":{"line":169,"column":3}},"type":"if","locations":[{"start":{"line":165,"column":2},"end":{"line":169,"column":3}},{"start":{"line":167,"column":9},"end":{"line":169,"column":3}}]},"16":{"loc":{"start":{"line":178,"column":2},"end":{"line":180,"column":3}},"type":"if","locations":[{"start":{"line":178,"column":2},"end":{"line":180,"column":3}},{"start":{},"end":{}}]}},"s":{"0":1,"1":1,"2":1,"3":1,"4":1,"5":1,"6":1,"7":1,"8":1,"9":1,"10":1,"11":1,"12":1,"13":1,"14":1,"15":22,"16":1,"17":21,"18":1,"19":20,"20":0,"21":20,"22":0,"23":0,"24":0,"25":0,"26":20,"27":0,"28":20,"29":0,"30":40,"31":19,"32":19,"33":19,"34":19,"35":1,"36":1,"37":3,"38":2,"39":1,"40":1,"41":2,"42":2,"43":4,"44":1,"45":3,"46":1,"47":4,"48":1,"49":1,"50":2,"51":1,"52":1,"53":3,"54":0,"55":3,"56":1,"57":2,"58":33,"59":13,"60":40,"61":19,"62":1,"63":20,"64":20,"65":20,"66":2},"f":{"0":22,"1":0,"2":0,"3":0,"4":0,"5":0,"6":3,"7":2,"8":2,"9":2,"10":4,"11":2,"12":3,"13":33,"14":2},"b":{"0":[1,21],"1":[1,20],"2":[21,1],"3":[0,0],"4":[20,0],"5":[1,1],"6":[2,1],"7":[1,1],"8":[2,1],"9":[1,1],"10":[2,1],"11":[1,3],"12":[1,2],"13":[1,1],"14":[0,3],"15":[1,2],"16":[13,20]}}
,"/Users/wellingtonsantos/Developer/2025/pdk-mvp/Paradocket/outlook-addin-mvp-3/src/taskpane/services/webview2Service.ts": {"path":"/Users/wellingtonsantos/Developer/2025/pdk-mvp/Paradocket/outlook-addin-mvp-3/src/taskpane/services/webview2Service.ts","statementMap":{"0":{"start":{"line":17,"column":0},"end":{"line":17,"column":16}},"1":{"start":{"line":46,"column":0},"end":{"line":46,"column":16}},"2":{"start":{"line":73,"column":0},"end":{"line":73,"column":16}},"3":{"start":{"line":18,"column":20},"end":{"line":18,"column":46}},"4":{"start":{"line":21,"column":2},"end":{"line":26,"column":3}},"5":{"start":{"line":22,"column":4},"end":{"line":25,"column":6}},"6":{"start":{"line":29,"column":25},"end":{"line":29,"column":57}},"7":{"start":{"line":30,"column":19},"end":{"line":30,"column":47}},"8":{"start":{"line":32,"column":2},"end":{"line":35,"column":3}},"9":{"start":{"line":33,"column":4},"end":{"line":33,"column":71}},"10":{"start":{"line":34,"column":4},"end":{"line":34,"column":17}},"11":{"start":{"line":37,"column":2},"end":{"line":37,"column":63}},"12":{"start":{"line":38,"column":2},"end":{"line":38,"column":14}},"13":{"start":{"line":47,"column":20},"end":{"line":47,"column":46}},"14":{"start":{"line":49,"column":2},"end":{"line":51,"column":3}},"15":{"start":{"line":50,"column":4},"end":{"line":50,"column":26}},"16":{"start":{"line":53,"column":2},"end":{"line":55,"column":3}},"17":{"start":{"line":54,"column":4},"end":{"line":54,"column":38}},"18":{"start":{"line":57,"column":2},"end":{"line":59,"column":3}},"19":{"start":{"line":58,"column":4},"end":{"line":58,"column":29}},"20":{"start":{"line":61,"column":2},"end":{"line":63,"column":3}},"21":{"start":{"line":62,"column":4},"end":{"line":62,"column":27}},"22":{"start":{"line":65,"column":2},"end":{"line":65,"column":19}},"23":{"start":{"line":74,"column":20},"end":{"line":74,"column":46}},"24":{"start":{"line":75,"column":2},"end":{"line":75,"column":42}}},"fnMap":{"0":{"name":"enforceWebView2","decl":{"start":{"line":17,"column":16},"end":{"line":17,"column":31}},"loc":{"start":{"line":17,"column":31},"end":{"line":39,"column":1}}},"1":{"name":"getBrowserEngine","decl":{"start":{"line":46,"column":16},"end":{"line":46,"column":32}},"loc":{"start":{"line":46,"column":32},"end":{"line":66,"column":1}}},"2":{"name":"isWebView2","decl":{"start":{"line":73,"column":16},"end":{"line":73,"column":26}},"loc":{"start":{"line":73,"column":26},"end":{"line":76,"column":1}}}},"branchMap":{"0":{"loc":{"start":{"line":21,"column":2},"end":{"line":26,"column":3}},"type":"if","locations":[{"start":{"line":21,"column":2},"end":{"line":26,"column":3}},{"start":{},"end":{}}]},"1":{"loc":{"start":{"line":32,"column":2},"end":{"line":35,"column":3}},"type":"if","locations":[{"start":{"line":32,"column":2},"end":{"line":35,"column":3}},{"start":{},"end":{}}]},"2":{"loc":{"start":{"line":32,"column":6},"end":{"line":32,"column":34}},"type":"binary-expr","locations":[{"start":{"line":32,"column":6},"end":{"line":32,"column":21}},{"start":{"line":32,"column":25},"end":{"line":32,"column":34}}]},"3":{"loc":{"start":{"line":49,"column":2},"end":{"line":51,"column":3}},"type":"if","locations":[{"start":{"line":49,"column":2},"end":{"line":51,"column":3}},{"start":{},"end":{}}]},"4":{"loc":{"start":{"line":53,"column":2},"end":{"line":55,"column":3}},"type":"if","locations":[{"start":{"line":53,"column":2},"end":{"line":55,"column":3}},{"start":{},"end":{}}]},"5":{"loc":{"start":{"line":57,"column":2},"end":{"line":59,"column":3}},"type":"if","locations":[{"start":{"line":57,"column":2},"end":{"line":59,"column":3}},{"start":{},"end":{}}]},"6":{"loc":{"start":{"line":61,"column":2},"end":{"line":63,"column":3}},"type":"if","locations":[{"start":{"line":61,"column":2},"end":{"line":63,"column":3}},{"start":{},"end":{}}]}},"s":{"0":1,"1":1,"2":1,"3":3,"4":3,"5":1,"6":2,"7":2,"8":2,"9":1,"10":1,"11":1,"12":1,"13":3,"14":3,"15":1,"16":2,"17":1,"18":1,"19":0,"20":1,"21":1,"22":0,"23":2,"24":2},"f":{"0":3,"1":3,"2":2},"b":{"0":[1,2],"1":[1,1],"2":[2,1],"3":[1,2],"4":[1,1],"5":[0,1],"6":[1,0]}}
,"/Users/wellingtonsantos/Developer/2025/pdk-mvp/Paradocket/outlook-addin-mvp-3/src/taskpane/utils/errorHandler.ts": {"path":"/Users/wellingtonsantos/Developer/2025/pdk-mvp/Paradocket/outlook-addin-mvp-3/src/taskpane/utils/errorHandler.ts","statementMap":{"0":{"start":{"line":16,"column":0},"end":{"line":16,"column":16}},"1":{"start":{"line":42,"column":0},"end":{"line":42,"column":16}},"2":{"start":{"line":63,"column":0},"end":{"line":63,"column":16}},"3":{"start":{"line":75,"column":0},"end":{"line":75,"column":16}},"4":{"start":{"line":18,"column":2},"end":{"line":18,"column":27}},"5":{"start":{"line":21,"column":2},"end":{"line":23,"column":3}},"6":{"start":{"line":22,"column":4},"end":{"line":22,"column":78}},"7":{"start":{"line":25,"column":2},"end":{"line":27,"column":3}},"8":{"start":{"line":26,"column":4},"end":{"line":26,"column":86}},"9":{"start":{"line":29,"column":2},"end":{"line":31,"column":3}},"10":{"start":{"line":30,"column":4},"end":{"line":30,"column":66}},"11":{"start":{"line":33,"column":2},"end":{"line":33,"column":76}},"12":{"start":{"line":44,"column":2},"end":{"line":53,"column":3}},"13":{"start":{"line":45,"column":4},"end":{"line":49,"column":7}},"14":{"start":{"line":52,"column":4},"end":{"line":52,"column":81}},"15":{"start":{"line":64,"column":26},"end":{"line":64,"column":61}},"16":{"start":{"line":65,"column":2},"end":{"line":65,"column":51}},"17":{"start":{"line":79,"column":2},"end":{"line":85,"column":10}},"18":{"start":{"line":79,"column":17},"end":{"line":79,"column":31}},"19":{"start":{"line":81,"column":13},"end":{"line":81,"column":30}},"20":{"start":{"line":81,"column":6},"end":{"line":81,"column":31}},"21":{"start":{"line":83,"column":6},"end":{"line":83,"column":57}}},"fnMap":{"0":{"name":"handleOfficeError","decl":{"start":{"line":16,"column":16},"end":{"line":16,"column":33}},"loc":{"start":{"line":16,"column":61},"end":{"line":34,"column":1}}},"1":{"name":"logError","decl":{"start":{"line":42,"column":16},"end":{"line":42,"column":24}},"loc":{"start":{"line":42,"column":52},"end":{"line":54,"column":1}}},"2":{"name":"formatErrorMessage","decl":{"start":{"line":63,"column":16},"end":{"line":63,"column":34}},"loc":{"start":{"line":63,"column":64},"end":{"line":66,"column":1}}},"3":{"name":"withErrorHandling","decl":{"start":{"line":75,"column":16},"end":{"line":75,"column":33}},"loc":{"start":{"line":77,"column":17},"end":{"line":86,"column":1}}},"4":{"name":"(anonymous_17)","decl":{"start":{"line":79,"column":10},"end":{"line":79,"column":17}},"loc":{"start":{"line":79,"column":10},"end":{"line":85,"column":9}}}},"branchMap":{"0":{"loc":{"start":{"line":21,"column":2},"end":{"line":23,"column":3}},"type":"if","locations":[{"start":{"line":21,"column":2},"end":{"line":23,"column":3}},{"start":{},"end":{}}]},"1":{"loc":{"start":{"line":25,"column":2},"end":{"line":27,"column":3}},"type":"if","locations":[{"start":{"line":25,"column":2},"end":{"line":27,"column":3}},{"start":{},"end":{}}]},"2":{"loc":{"start":{"line":25,"column":6},"end":{"line":25,"column":64}},"type":"binary-expr","locations":[{"start":{"line":25,"column":6},"end":{"line":25,"column":19}},{"start":{"line":25,"column":23},"end":{"line":25,"column":64}}]},"3":{"loc":{"start":{"line":29,"column":2},"end":{"line":31,"column":3}},"type":"if","locations":[{"start":{"line":29,"column":2},"end":{"line":31,"column":3}},{"start":{},"end":{}}]},"4":{"loc":{"start":{"line":29,"column":6},"end":{"line":29,"column":62}},"type":"binary-expr","locations":[{"start":{"line":29,"column":6},"end":{"line":29,"column":19}},{"start":{"line":29,"column":23},"end":{"line":29,"column":62}}]},"5":{"loc":{"start":{"line":33,"column":9},"end":{"line":33,"column":75}},"type":"binary-expr","locations":[{"start":{"line":33,"column":9},"end":{"line":33,"column":22}},{"start":{"line":33,"column":26},"end":{"line":33,"column":75}}]},"6":{"loc":{"start":{"line":44,"column":2},"end":{"line":53,"column":3}},"type":"if","locations":[{"start":{"line":44,"column":2},"end":{"line":53,"column":3}},{"start":{"line":50,"column":9},"end":{"line":53,"column":3}}]},"7":{"loc":{"start":{"line":52,"column":50},"end":{"line":52,"column":79}},"type":"binary-expr","locations":[{"start":{"line":52,"column":50},"end":{"line":52,"column":60}},{"start":{"line":52,"column":64},"end":{"line":52,"column":79}}]},"8":{"loc":{"start":{"line":81,"column":6},"end":{"line":81,"column":31}},"type":"switch","locations":[{"start":{"line":81,"column":6},"end":{"line":81,"column":31}}]}},"s":{"0":0,"1":0,"2":0,"3":0,"4":0,"5":0,"6":0,"7":0,"8":0,"9":0,"10":0,"11":0,"12":0,"13":0,"14":0,"15":0,"16":0,"17":0,"18":0,"19":0,"20":0,"21":0},"f":{"0":0,"1":0,"2":0,"3":0,"4":0},"b":{"0":[0,0],"1":[0,0],"2":[0,0],"3":[0,0],"4":[0,0],"5":[0,0],"6":[0,0],"7":[0,0],"8":[0]}}
,"/Users/wellingtonsantos/Developer/2025/pdk-mvp/Paradocket/outlook-addin-mvp-3/src/taskpane/utils/platform.ts": {"path":"/Users/wellingtonsantos/Developer/2025/pdk-mvp/Paradocket/outlook-addin-mvp-3/src/taskpane/utils/platform.ts","statementMap":{"0":{"start":{"line":14,"column":0},"end":{"line":14,"column":16}},"1":{"start":{"line":23,"column":0},"end":{"line":23,"column":16}},"2":{"start":{"line":32,"column":0},"end":{"line":32,"column":16}},"3":{"start":{"line":49,"column":0},"end":{"line":49,"column":16}},"4":{"start":{"line":15,"column":2},"end":{"line":15,"column":62}},"5":{"start":{"line":24,"column":2},"end":{"line":24,"column":62}},"6":{"start":{"line":33,"column":2},"end":{"line":35,"column":3}},"7":{"start":{"line":34,"column":4},"end":{"line":34,"column":19}},"8":{"start":{"line":37,"column":2},"end":{"line":39,"column":3}},"9":{"start":{"line":38,"column":4},"end":{"line":38,"column":21}},"10":{"start":{"line":41,"column":2},"end":{"line":41,"column":19}},"11":{"start":{"line":50,"column":2},"end":{"line":50,"column":34}}},"fnMap":{"0":{"name":"isMacOS","decl":{"start":{"line":14,"column":16},"end":{"line":14,"column":23}},"loc":{"start":{"line":14,"column":23},"end":{"line":16,"column":1}}},"1":{"name":"isWindows","decl":{"start":{"line":23,"column":16},"end":{"line":23,"column":25}},"loc":{"start":{"line":23,"column":25},"end":{"line":25,"column":1}}},"2":{"name":"getPlatformName","decl":{"start":{"line":32,"column":16},"end":{"line":32,"column":31}},"loc":{"start":{"line":32,"column":31},"end":{"line":42,"column":1}}},"3":{"name":"isDesktop","decl":{"start":{"line":49,"column":16},"end":{"line":49,"column":25}},"loc":{"start":{"line":49,"column":25},"end":{"line":51,"column":1}}}},"branchMap":{"0":{"loc":{"start":{"line":33,"column":2},"end":{"line":35,"column":3}},"type":"if","locations":[{"start":{"line":33,"column":2},"end":{"line":35,"column":3}},{"start":{},"end":{}}]},"1":{"loc":{"start":{"line":37,"column":2},"end":{"line":39,"column":3}},"type":"if","locations":[{"start":{"line":37,"column":2},"end":{"line":39,"column":3}},{"start":{},"end":{}}]},"2":{"loc":{"start":{"line":50,"column":9},"end":{"line":50,"column":33}},"type":"binary-expr","locations":[{"start":{"line":50,"column":9},"end":{"line":50,"column":20}},{"start":{"line":50,"column":24},"end":{"line":50,"column":33}}]}},"s":{"0":0,"1":0,"2":0,"3":0,"4":0,"5":0,"6":0,"7":0,"8":0,"9":0,"10":0,"11":0},"f":{"0":0,"1":0,"2":0,"3":0},"b":{"0":[0,0],"1":[0,0],"2":[0,0]}}
}
