{"/Users/wellingtonsantos/Developer/2025/pdk-mvp/Paradocket/outlook-addin-mvp-3/src/commands/commands.ts": {"path":"/Users/wellingtonsantos/Developer/2025/pdk-mvp/Paradocket/outlook-addin-mvp-3/src/commands/commands.ts","statementMap":{"0":{"start":{"line":8,"column":0},"end":{"line":10,"column":3}},"1":{"start":{"line":17,"column":53},"end":{"line":22,"column":4}},"2":{"start":{"line":25,"column":2},"end":{"line":28,"column":4}},"3":{"start":{"line":31,"column":2},"end":{"line":31,"column":20}},"4":{"start":{"line":35,"column":0},"end":{"line":35,"column":43}}},"fnMap":{"0":{"name":"(anonymous_0)","decl":{"start":{"line":8,"column":15},"end":{"line":8,"column":null}},"loc":{"start":{"line":8,"column":15},"end":{"line":10,"column":1}}},"1":{"name":"action","decl":{"start":{"line":16,"column":9},"end":{"line":16,"column":15}},"loc":{"start":{"line":16,"column":49},"end":{"line":32,"column":1}}}},"branchMap":{"0":{"loc":{"start":{"line":25,"column":2},"end":{"line":27,"column":null}},"type":"cond-expr","locations":[{"start":{"line":25,"column":29},"end":{"line":25,"column":31}},{"start":{"line":25,"column":29},"end":{"line":27,"column":null}}]},"1":{"loc":{"start":{"line":25,"column":2},"end":{"line":25,"column":31}},"type":"binary-expr","locations":[{"start":{"line":25,"column":2},"end":{"line":25,"column":31}},{"start":{"line":25,"column":29},"end":{"line":25,"column":31}}]}},"s":{"0":0,"1":0,"2":0,"3":0,"4":0},"f":{"0":0,"1":0},"b":{"0":[0,0],"1":[0,0]}}
,"/Users/wellingtonsantos/Developer/2025/pdk-mvp/Paradocket/outlook-addin-mvp-3/src/taskpane/taskpane.ts": {"path":"/Users/wellingtonsantos/Developer/2025/pdk-mvp/Paradocket/outlook-addin-mvp-3/src/taskpane/taskpane.ts","statementMap":{"0":{"start":{"line":3,"column":0},"end":{"line":3,"column":22}},"1":{"start":{"line":5,"column":2},"end":{"line":17,"column":3}},"2":{"start":{"line":6,"column":4},"end":{"line":14,"column":6}},"3":{"start":{"line":10,"column":8},"end":{"line":12,"column":9}},"4":{"start":{"line":11,"column":10},"end":{"line":11,"column":42}},"5":{"start":{"line":16,"column":4},"end":{"line":16,"column":35}}},"fnMap":{"0":{"name":"insertText","decl":{"start":{"line":3,"column":22},"end":{"line":3,"column":32}},"loc":{"start":{"line":3,"column":45},"end":{"line":18,"column":null}}},"1":{"name":"(anonymous_16)","decl":{"start":{"line":9,"column":6},"end":{"line":9,"column":7}},"loc":{"start":{"line":9,"column":44},"end":{"line":13,"column":7}}}},"branchMap":{"0":{"loc":{"start":{"line":6,"column":4},"end":{"line":13,"column":null}},"type":"cond-expr","locations":[{"start":{"line":6,"column":31},"end":{"line":6,"column":33}},{"start":{"line":6,"column":31},"end":{"line":13,"column":null}}]},"1":{"loc":{"start":{"line":6,"column":4},"end":{"line":6,"column":33}},"type":"binary-expr","locations":[{"start":{"line":6,"column":4},"end":{"line":6,"column":33}},{"start":{"line":6,"column":31},"end":{"line":6,"column":33}}]},"2":{"loc":{"start":{"line":10,"column":8},"end":{"line":12,"column":9}},"type":"if","locations":[{"start":{"line":10,"column":8},"end":{"line":12,"column":9}},{"start":{},"end":{}}]}},"s":{"0":0,"1":0,"2":0,"3":0,"4":0,"5":0},"f":{"0":0,"1":0},"b":{"0":[0,0],"1":[0,0],"2":[0,0]}}
,"/Users/wellingtonsantos/Developer/2025/pdk-mvp/Paradocket/outlook-addin-mvp-3/src/taskpane/components/App.tsx": {"path":"/Users/wellingtonsantos/Developer/2025/pdk-mvp/Paradocket/outlook-addin-mvp-3/src/taskpane/components/App.tsx","statementMap":{"0":{"start":{"line":1,"column":0},"end":{"line":1,"column":31}},"1":{"start":{"line":3,"column":0},"end":{"line":3,"column":36}},"2":{"start":{"line":4,"column":0},"end":{"line":4,"column":44}},"3":{"start":{"line":5,"column":0},"end":{"line":5,"column":36}},"4":{"start":{"line":6,"column":0},"end":{"line":6,"column":56}},"5":{"start":{"line":7,"column":0},"end":{"line":7,"column":57}},"6":{"start":{"line":8,"column":0},"end":{"line":8,"column":49}},"7":{"start":{"line":16,"column":18},"end":{"line":26,"column":2}},"8":{"start":{"line":28,"column":32},"end":{"line":51,"column":1}},"9":{"start":{"line":29,"column":17},"end":{"line":29,"column":28}},"10":{"start":{"line":30,"column":42},"end":{"line":30,"column":58}},"11":{"start":{"line":30,"column":19},"end":{"line":30,"column":21}},"12":{"start":{"line":30,"column":30},"end":{"line":30,"column":32}},"13":{"start":{"line":30,"column":37},"end":{"line":30,"column":42}},"14":{"start":{"line":31,"column":23},"end":{"line":31,"column":35}},"15":{"start":{"line":34,"column":21},"end":{"line":34,"column":32}},"16":{"start":{"line":36,"column":2},"end":{"line":50,"column":4}},"17":{"start":{"line":53,"column":0},"end":{"line":53,"column":19}}},"fnMap":{"0":{"name":"(anonymous_10)","decl":{"start":{"line":28,"column":32},"end":{"line":28,"column":33}},"loc":{"start":{"line":28,"column":48},"end":{"line":51,"column":1}}}},"branchMap":{},"s":{"0":0,"1":0,"2":0,"3":0,"4":0,"5":0,"6":0,"7":0,"8":0,"9":0,"10":0,"11":0,"12":0,"13":0,"14":0,"15":0,"16":0,"17":0},"f":{"0":0},"b":{}}
,"/Users/wellingtonsantos/Developer/2025/pdk-mvp/Paradocket/outlook-addin-mvp-3/src/taskpane/components/EmailInfo.tsx": {"path":"/Users/wellingtonsantos/Developer/2025/pdk-mvp/Paradocket/outlook-addin-mvp-3/src/taskpane/components/EmailInfo.tsx","statementMap":{"0":{"start":{"line":10,"column":0},"end":{"line":10,"column":31}},"1":{"start":{"line":11,"column":0},"end":{"line":11,"column":null}},"2":{"start":{"line":21,"column":0},"end":{"line":21,"column":90}},"3":{"start":{"line":24,"column":18},"end":{"line":44,"column":2}},"4":{"start":{"line":52,"column":44},"end":{"line":113,"column":1}},"5":{"start":{"line":52,"column":56},"end":{"line":52,"column":58}},"6":{"start":{"line":52,"column":67},"end":{"line":52,"column":69}},"7":{"start":{"line":52,"column":74},"end":{"line":52,"column":76}},"8":{"start":{"line":53,"column":17},"end":{"line":53,"column":28}},"9":{"start":{"line":55,"column":2},"end":{"line":61,"column":3}},"10":{"start":{"line":56,"column":4},"end":{"line":60,"column":6}},"11":{"start":{"line":63,"column":2},"end":{"line":69,"column":3}},"12":{"start":{"line":64,"column":4},"end":{"line":68,"column":6}},"13":{"start":{"line":71,"column":2},"end":{"line":77,"column":3}},"14":{"start":{"line":72,"column":4},"end":{"line":76,"column":6}},"15":{"start":{"line":79,"column":2},"end":{"line":112,"column":4}},"16":{"start":{"line":115,"column":0},"end":{"line":115,"column":25}}},"fnMap":{"0":{"name":"(anonymous_9)","decl":{"start":{"line":52,"column":44},"end":{"line":52,"column":45}},"loc":{"start":{"line":52,"column":76},"end":{"line":113,"column":1}}}},"branchMap":{"0":{"loc":{"start":{"line":55,"column":2},"end":{"line":61,"column":3}},"type":"if","locations":[{"start":{"line":55,"column":2},"end":{"line":61,"column":3}},{"start":{},"end":{}}]},"1":{"loc":{"start":{"line":63,"column":2},"end":{"line":69,"column":3}},"type":"if","locations":[{"start":{"line":63,"column":2},"end":{"line":69,"column":3}},{"start":{},"end":{}}]},"2":{"loc":{"start":{"line":71,"column":2},"end":{"line":77,"column":3}},"type":"if","locations":[{"start":{"line":71,"column":2},"end":{"line":77,"column":3}},{"start":{},"end":{}}]}},"s":{"0":0,"1":0,"2":0,"3":0,"4":0,"5":0,"6":0,"7":0,"8":0,"9":0,"10":0,"11":0,"12":0,"13":0,"14":0,"15":0,"16":0},"f":{"0":0},"b":{"0":[0,0],"1":[0,0],"2":[0,0]}}
,"/Users/wellingtonsantos/Developer/2025/pdk-mvp/Paradocket/outlook-addin-mvp-3/src/taskpane/components/ErrorBoundary.tsx": {"path":"/Users/wellingtonsantos/Developer/2025/pdk-mvp/Paradocket/outlook-addin-mvp-3/src/taskpane/components/ErrorBoundary.tsx","statementMap":{"0":{"start":{"line":10,"column":0},"end":{"line":10,"column":31}},"1":{"start":{"line":11,"column":0},"end":{"line":11,"column":100}},"2":{"start":{"line":13,"column":0},"end":{"line":13,"column":49}},"3":{"start":{"line":15,"column":18},"end":{"line":32,"column":2}},"4":{"start":{"line":37,"column":0},"end":{"line":37,"column":83}},"5":{"start":{"line":37,"column":28},"end":{"line":37,"column":33}},"6":{"start":{"line":39,"column":4},"end":{"line":39,"column":17}},"7":{"start":{"line":61,"column":2},"end":{"line":66,"column":4}},"8":{"start":{"line":62,"column":4},"end":{"line":65,"column":7}},"9":{"start":{"line":40,"column":4},"end":{"line":43,"column":6}},"10":{"start":{"line":46,"column":9},"end":{"line":51,"column":null}},"11":{"start":{"line":47,"column":4},"end":{"line":50,"column":6}},"12":{"start":{"line":53,"column":2},"end":{"line":59,"column":null}},"13":{"start":{"line":54,"column":4},"end":{"line":58,"column":7}},"14":{"start":{"line":68,"column":2},"end":{"line":78,"column":null}},"15":{"start":{"line":69,"column":4},"end":{"line":75,"column":5}},"16":{"start":{"line":70,"column":6},"end":{"line":72,"column":7}},"17":{"start":{"line":71,"column":8},"end":{"line":71,"column":35}},"18":{"start":{"line":74,"column":6},"end":{"line":74,"column":83}},"19":{"start":{"line":77,"column":4},"end":{"line":77,"column":31}},"20":{"start":{"line":79,"column":0},"end":{"line":79,"column":null}},"21":{"start":{"line":89,"column":52},"end":{"line":120,"column":1}},"22":{"start":{"line":89,"column":60},"end":{"line":89,"column":62}},"23":{"start":{"line":89,"column":69},"end":{"line":89,"column":71}},"24":{"start":{"line":90,"column":17},"end":{"line":90,"column":28}},"25":{"start":{"line":91,"column":24},"end":{"line":91,"column":61}},"26":{"start":{"line":93,"column":2},"end":{"line":119,"column":4}},"27":{"start":{"line":122,"column":0},"end":{"line":122,"column":29}}},"fnMap":{"0":{"name":"(anonymous_15)","decl":{"start":{"line":37,"column":0},"end":{"line":37,"column":28}},"loc":{"start":{"line":37,"column":0},"end":{"line":79,"column":1}}},"1":{"name":"ErrorBoundary","decl":{"start":{"line":38,"column":2},"end":{"line":38,"column":14}},"loc":{"start":{"line":38,"column":39},"end":{"line":44,"column":3}}},"2":{"name":"(anonymous_17)","decl":{"start":{"line":61,"column":16},"end":{"line":61,"column":null}},"loc":{"start":{"line":61,"column":16},"end":{"line":66,"column":3}}},"3":{"name":"(anonymous_18)","decl":{"start":{"line":46,"column":2},"end":{"line":46,"column":9}},"loc":{"start":{"line":46,"column":46},"end":{"line":51,"column":3}}},"4":{"name":"(anonymous_19)","decl":{"start":{"line":53,"column":2},"end":{"line":53,"column":19}},"loc":{"start":{"line":53,"column":60},"end":{"line":59,"column":3}}},"5":{"name":"(anonymous_20)","decl":{"start":{"line":68,"column":2},"end":{"line":68,"column":8}},"loc":{"start":{"line":68,"column":2},"end":{"line":78,"column":3}}},"6":{"name":"(anonymous_21)","decl":{"start":{"line":89,"column":52},"end":{"line":89,"column":53}},"loc":{"start":{"line":89,"column":71},"end":{"line":120,"column":1}}}},"branchMap":{"0":{"loc":{"start":{"line":39,"column":4},"end":{"line":39,"column":17}},"type":"binary-expr","locations":[{"start":{"line":39,"column":4},"end":{"line":39,"column":16}},{"start":{"line":39,"column":16},"end":{"line":39,"column":17}}]},"1":{"loc":{"start":{"line":69,"column":4},"end":{"line":75,"column":5}},"type":"if","locations":[{"start":{"line":69,"column":4},"end":{"line":75,"column":5}},{"start":{},"end":{}}]},"2":{"loc":{"start":{"line":70,"column":6},"end":{"line":72,"column":7}},"type":"if","locations":[{"start":{"line":70,"column":6},"end":{"line":72,"column":7}},{"start":{},"end":{}}]},"3":{"loc":{"start":{"line":106,"column":7},"end":{"line":116,"column":null}},"type":"binary-expr","locations":[{"start":{"line":106,"column":7},"end":{"line":106,"column":20}},{"start":{"line":106,"column":24},"end":{"line":106,"column":29}},{"start":{"line":107,"column":8},"end":{"line":115,"column":null}}]},"4":{"loc":{"start":{"line":110,"column":11},"end":{"line":114,"column":null}},"type":"binary-expr","locations":[{"start":{"line":110,"column":11},"end":{"line":110,"column":22}},{"start":{"line":111,"column":12},"end":{"line":113,"column":null}}]}},"s":{"0":0,"1":0,"2":0,"3":0,"4":0,"5":0,"6":0,"7":0,"8":0,"9":0,"10":0,"11":0,"12":0,"13":0,"14":0,"15":0,"16":0,"17":0,"18":0,"19":0,"20":0,"21":0,"22":0,"23":0,"24":0,"25":0,"26":0,"27":0},"f":{"0":0,"1":0,"2":0,"3":0,"4":0,"5":0,"6":0},"b":{"0":[0,0],"1":[0,0],"2":[0,0],"3":[0,0,0],"4":[0,0]}}
,"/Users/wellingtonsantos/Developer/2025/pdk-mvp/Paradocket/outlook-addin-mvp-3/src/taskpane/components/Header.tsx": {"path":"/Users/wellingtonsantos/Developer/2025/pdk-mvp/Paradocket/outlook-addin-mvp-3/src/taskpane/components/Header.tsx","statementMap":{"0":{"start":{"line":1,"column":0},"end":{"line":1,"column":31}},"1":{"start":{"line":2,"column":0},"end":{"line":2,"column":71}},"2":{"start":{"line":10,"column":18},"end":{"line":24,"column":2}},"3":{"start":{"line":26,"column":38},"end":{"line":36,"column":1}},"4":{"start":{"line":27,"column":35},"end":{"line":27,"column":41}},"5":{"start":{"line":28,"column":17},"end":{"line":28,"column":28}},"6":{"start":{"line":30,"column":2},"end":{"line":35,"column":4}},"7":{"start":{"line":38,"column":0},"end":{"line":38,"column":22}}},"fnMap":{"0":{"name":"(anonymous_9)","decl":{"start":{"line":26,"column":38},"end":{"line":26,"column":39}},"loc":{"start":{"line":26,"column":57},"end":{"line":36,"column":1}}}},"branchMap":{},"s":{"0":0,"1":0,"2":0,"3":0,"4":0,"5":0,"6":0,"7":0},"f":{"0":0},"b":{}}
,"/Users/wellingtonsantos/Developer/2025/pdk-mvp/Paradocket/outlook-addin-mvp-3/src/taskpane/components/HeroList.tsx": {"path":"/Users/wellingtonsantos/Developer/2025/pdk-mvp/Paradocket/outlook-addin-mvp-3/src/taskpane/components/HeroList.tsx","statementMap":{"0":{"start":{"line":1,"column":0},"end":{"line":1,"column":31}},"1":{"start":{"line":2,"column":0},"end":{"line":2,"column":64}},"2":{"start":{"line":14,"column":18},"end":{"line":42,"column":2}},"3":{"start":{"line":44,"column":42},"end":{"line":60,"column":1}},"4":{"start":{"line":45,"column":29},"end":{"line":45,"column":35}},"5":{"start":{"line":46,"column":17},"end":{"line":46,"column":28}},"6":{"start":{"line":48,"column":20},"end":{"line":53,"column":4}},"7":{"start":{"line":48,"column":47},"end":{"line":53,"column":4}},"8":{"start":{"line":54,"column":2},"end":{"line":59,"column":4}},"9":{"start":{"line":62,"column":0},"end":{"line":62,"column":24}}},"fnMap":{"0":{"name":"(anonymous_9)","decl":{"start":{"line":44,"column":42},"end":{"line":44,"column":43}},"loc":{"start":{"line":44,"column":63},"end":{"line":60,"column":1}}},"1":{"name":"(anonymous_10)","decl":{"start":{"line":48,"column":30},"end":{"line":48,"column":31}},"loc":{"start":{"line":48,"column":42},"end":{"line":48,"column":null}}}},"branchMap":{},"s":{"0":0,"1":0,"2":0,"3":0,"4":0,"5":0,"6":0,"7":0,"8":0,"9":0},"f":{"0":0,"1":0},"b":{}}
,"/Users/wellingtonsantos/Developer/2025/pdk-mvp/Paradocket/outlook-addin-mvp-3/src/taskpane/components/SSOStatus.tsx": {"path":"/Users/wellingtonsantos/Developer/2025/pdk-mvp/Paradocket/outlook-addin-mvp-3/src/taskpane/components/SSOStatus.tsx","statementMap":{"0":{"start":{"line":10,"column":0},"end":{"line":10,"column":31}},"1":{"start":{"line":11,"column":0},"end":{"line":11,"column":null}},"2":{"start":{"line":23,"column":0},"end":{"line":23,"column":null}},"3":{"start":{"line":32,"column":0},"end":{"line":32,"column":41}},"4":{"start":{"line":33,"column":0},"end":{"line":33,"column":83}},"5":{"start":{"line":35,"column":18},"end":{"line":91,"column":2}},"6":{"start":{"line":96,"column":20},"end":{"line":111,"column":1}},"7":{"start":{"line":97,"column":2},"end":{"line":99,"column":3}},"8":{"start":{"line":98,"column":4},"end":{"line":98,"column":42}},"9":{"start":{"line":101,"column":2},"end":{"line":110,"column":3}},"10":{"start":{"line":103,"column":6},"end":{"line":103,"column":78}},"11":{"start":{"line":105,"column":6},"end":{"line":105,"column":78}},"12":{"start":{"line":107,"column":6},"end":{"line":107,"column":63}},"13":{"start":{"line":109,"column":6},"end":{"line":109,"column":73}},"14":{"start":{"line":116,"column":27},"end":{"line":125,"column":1}},"15":{"start":{"line":117,"column":2},"end":{"line":124,"column":3}},"16":{"start":{"line":119,"column":6},"end":{"line":119,"column":22}},"17":{"start":{"line":121,"column":6},"end":{"line":121,"column":20}},"18":{"start":{"line":123,"column":6},"end":{"line":123,"column":23}},"19":{"start":{"line":130,"column":22},"end":{"line":141,"column":1}},"20":{"start":{"line":131,"column":2},"end":{"line":140,"column":3}},"21":{"start":{"line":133,"column":6},"end":{"line":133,"column":23}},"22":{"start":{"line":135,"column":6},"end":{"line":135,"column":23}},"23":{"start":{"line":137,"column":6},"end":{"line":137,"column":22}},"24":{"start":{"line":139,"column":6},"end":{"line":139,"column":22}},"25":{"start":{"line":146,"column":22},"end":{"line":159,"column":1}},"26":{"start":{"line":147,"column":2},"end":{"line":147,"column":44}},"27":{"start":{"line":147,"column":17},"end":{"line":147,"column":44}},"28":{"start":{"line":149,"column":2},"end":{"line":158,"column":3}},"29":{"start":{"line":151,"column":6},"end":{"line":151,"column":29}},"30":{"start":{"line":153,"column":6},"end":{"line":153,"column":33}},"31":{"start":{"line":155,"column":6},"end":{"line":155,"column":21}},"32":{"start":{"line":157,"column":6},"end":{"line":157,"column":33}},"33":{"start":{"line":166,"column":28},"end":{"line":340,"column":1}},"34":{"start":{"line":167,"column":17},"end":{"line":167,"column":28}},"35":{"start":{"line":180,"column":6},"end":{"line":180,"column":14}},"36":{"start":{"line":169,"column":12},"end":{"line":169,"column":null}},"37":{"start":{"line":170,"column":13},"end":{"line":170,"column":null}},"38":{"start":{"line":171,"column":10},"end":{"line":171,"column":null}},"39":{"start":{"line":172,"column":8},"end":{"line":172,"column":null}},"40":{"start":{"line":173,"column":9},"end":{"line":173,"column":null}},"41":{"start":{"line":174,"column":9},"end":{"line":174,"column":null}},"42":{"start":{"line":175,"column":12},"end":{"line":175,"column":null}},"43":{"start":{"line":176,"column":14},"end":{"line":176,"column":null}},"44":{"start":{"line":177,"column":11},"end":{"line":177,"column":null}},"45":{"start":{"line":178,"column":11},"end":{"line":178,"column":null}},"46":{"start":{"line":179,"column":16},"end":{"line":179,"column":null}},"47":{"start":{"line":183,"column":27},"end":{"line":189,"column":4}},"48":{"start":{"line":184,"column":4},"end":{"line":188,"column":7}},"49":{"start":{"line":192,"column":24},"end":{"line":194,"column":4}},"50":{"start":{"line":193,"column":4},"end":{"line":193,"column":20}},"51":{"start":{"line":197,"column":2},"end":{"line":205,"column":3}},"52":{"start":{"line":198,"column":4},"end":{"line":204,"column":6}},"53":{"start":{"line":207,"column":2},"end":{"line":339,"column":4}},"54":{"start":{"line":342,"column":0},"end":{"line":342,"column":25}}},"fnMap":{"0":{"name":"(anonymous_22)","decl":{"start":{"line":96,"column":20},"end":{"line":96,"column":21}},"loc":{"start":{"line":96,"column":68},"end":{"line":111,"column":1}}},"1":{"name":"(anonymous_23)","decl":{"start":{"line":116,"column":27},"end":{"line":116,"column":28}},"loc":{"start":{"line":116,"column":42},"end":{"line":125,"column":1}}},"2":{"name":"(anonymous_24)","decl":{"start":{"line":130,"column":22},"end":{"line":130,"column":23}},"loc":{"start":{"line":130,"column":37},"end":{"line":141,"column":1}}},"3":{"name":"(anonymous_25)","decl":{"start":{"line":146,"column":22},"end":{"line":146,"column":23}},"loc":{"start":{"line":146,"column":57},"end":{"line":159,"column":1}}},"4":{"name":"(anonymous_26)","decl":{"start":{"line":166,"column":28},"end":{"line":166,"column":null}},"loc":{"start":{"line":166,"column":28},"end":{"line":340,"column":1}}},"5":{"name":"(anonymous_27)","decl":{"start":{"line":183,"column":27},"end":{"line":183,"column":null}},"loc":{"start":{"line":183,"column":27},"end":{"line":189,"column":4}}},"6":{"name":"(anonymous_30)","decl":{"start":{"line":192,"column":24},"end":{"line":192,"column":null}},"loc":{"start":{"line":192,"column":24},"end":{"line":194,"column":4}}}},"branchMap":{"0":{"loc":{"start":{"line":97,"column":2},"end":{"line":99,"column":3}},"type":"if","locations":[{"start":{"line":97,"column":2},"end":{"line":99,"column":3}},{"start":{},"end":{}}]},"1":{"loc":{"start":{"line":101,"column":2},"end":{"line":110,"column":3}},"type":"switch","locations":[{"start":{"line":102,"column":4},"end":{"line":103,"column":78}},{"start":{"line":104,"column":4},"end":{"line":105,"column":78}},{"start":{"line":106,"column":4},"end":{"line":107,"column":63}},{"start":{"line":108,"column":4},"end":{"line":109,"column":73}}]},"2":{"loc":{"start":{"line":117,"column":2},"end":{"line":124,"column":3}},"type":"switch","locations":[{"start":{"line":118,"column":4},"end":{"line":119,"column":22}},{"start":{"line":120,"column":4},"end":{"line":121,"column":20}},{"start":{"line":122,"column":4},"end":{"line":123,"column":23}}]},"3":{"loc":{"start":{"line":131,"column":2},"end":{"line":140,"column":3}},"type":"switch","locations":[{"start":{"line":132,"column":4},"end":{"line":133,"column":23}},{"start":{"line":134,"column":4},"end":{"line":135,"column":23}},{"start":{"line":136,"column":4},"end":{"line":137,"column":22}},{"start":{"line":138,"column":4},"end":{"line":139,"column":22}}]},"4":{"loc":{"start":{"line":147,"column":2},"end":{"line":147,"column":44}},"type":"if","locations":[{"start":{"line":147,"column":2},"end":{"line":147,"column":44}},{"start":{},"end":{}}]},"5":{"loc":{"start":{"line":149,"column":2},"end":{"line":158,"column":3}},"type":"switch","locations":[{"start":{"line":150,"column":4},"end":{"line":151,"column":29}},{"start":{"line":152,"column":4},"end":{"line":153,"column":33}},{"start":{"line":154,"column":4},"end":{"line":155,"column":21}},{"start":{"line":156,"column":4},"end":{"line":157,"column":33}}]},"6":{"loc":{"start":{"line":184,"column":4},"end":{"line":188,"column":7}},"type":"switch","locations":[{"start":{"line":184,"column":4},"end":{"line":188,"column":7}}]},"7":{"loc":{"start":{"line":193,"column":4},"end":{"line":193,"column":20}},"type":"switch","locations":[{"start":{"line":193,"column":4},"end":{"line":193,"column":20}}]},"8":{"loc":{"start":{"line":197,"column":2},"end":{"line":205,"column":3}},"type":"if","locations":[{"start":{"line":197,"column":2},"end":{"line":205,"column":3}},{"start":{},"end":{}}]},"9":{"loc":{"start":{"line":197,"column":6},"end":{"line":197,"column":42}},"type":"binary-expr","locations":[{"start":{"line":197,"column":6},"end":{"line":197,"column":15}},{"start":{"line":197,"column":19},"end":{"line":197,"column":42}}]},"10":{"loc":{"start":{"line":232,"column":15},"end":{"line":233,"column":null}},"type":"binary-expr","locations":[{"start":{"line":232,"column":15},"end":{"line":232,"column":24}},{"start":{"line":233,"column":16},"end":{"line":233,"column":69}}]},"11":{"loc":{"start":{"line":240,"column":9},"end":{"line":264,"column":null}},"type":"binary-expr","locations":[{"start":{"line":240,"column":9},"end":{"line":240,"column":13}},{"start":{"line":240,"column":17},"end":{"line":240,"column":50}},{"start":{"line":241,"column":10},"end":{"line":263,"column":null}}]},"12":{"loc":{"start":{"line":249,"column":15},"end":{"line":261,"column":null}},"type":"binary-expr","locations":[{"start":{"line":249,"column":15},"end":{"line":249,"column":20}},{"start":{"line":250,"column":16},"end":{"line":260,"column":null}}]},"13":{"loc":{"start":{"line":255,"column":21},"end":{"line":258,"column":null}},"type":"binary-expr","locations":[{"start":{"line":255,"column":21},"end":{"line":255,"column":34}},{"start":{"line":256,"column":22},"end":{"line":256,"column":null}}]},"14":{"loc":{"start":{"line":268,"column":9},"end":{"line":282,"column":null}},"type":"binary-expr","locations":[{"start":{"line":268,"column":9},"end":{"line":268,"column":17}},{"start":{"line":268,"column":21},"end":{"line":268,"column":26}},{"start":{"line":269,"column":10},"end":{"line":281,"column":null}}]},"15":{"loc":{"start":{"line":287,"column":11},"end":{"line":295,"column":null}},"type":"binary-expr","locations":[{"start":{"line":287,"column":11},"end":{"line":287,"column":36}},{"start":{"line":288,"column":12},"end":{"line":294,"column":null}}]},"16":{"loc":{"start":{"line":294,"column":15},"end":{"line":294,"column":58}},"type":"cond-expr","locations":[{"start":{"line":294,"column":27},"end":{"line":294,"column":46}},{"start":{"line":294,"column":49},"end":{"line":294,"column":58}}]},"17":{"loc":{"start":{"line":298,"column":11},"end":{"line":317,"column":null}},"type":"binary-expr","locations":[{"start":{"line":298,"column":11},"end":{"line":298,"column":35}},{"start":{"line":299,"column":12},"end":{"line":316,"column":null}}]},"18":{"loc":{"start":{"line":306,"column":17},"end":{"line":306,"column":62}},"type":"cond-expr","locations":[{"start":{"line":306,"column":29},"end":{"line":306,"column":44}},{"start":{"line":306,"column":47},"end":{"line":306,"column":62}}]},"19":{"loc":{"start":{"line":322,"column":9},"end":{"line":327,"column":null}},"type":"binary-expr","locations":[{"start":{"line":322,"column":9},"end":{"line":322,"column":33}},{"start":{"line":322,"column":37},"end":{"line":322,"column":46}},{"start":{"line":323,"column":10},"end":{"line":326,"column":null}}]},"20":{"loc":{"start":{"line":330,"column":9},"end":{"line":335,"column":null}},"type":"binary-expr","locations":[{"start":{"line":330,"column":9},"end":{"line":330,"column":34}},{"start":{"line":330,"column":38},"end":{"line":330,"column":47}},{"start":{"line":330,"column":51},"end":{"line":330,"column":73}},{"start":{"line":331,"column":10},"end":{"line":334,"column":null}}]}},"s":{"0":0,"1":0,"2":0,"3":0,"4":0,"5":0,"6":0,"7":0,"8":0,"9":0,"10":0,"11":0,"12":0,"13":0,"14":0,"15":0,"16":0,"17":0,"18":0,"19":0,"20":0,"21":0,"22":0,"23":0,"24":0,"25":0,"26":0,"27":0,"28":0,"29":0,"30":0,"31":0,"32":0,"33":0,"34":0,"35":0,"36":0,"37":0,"38":0,"39":0,"40":0,"41":0,"42":0,"43":0,"44":0,"45":0,"46":0,"47":0,"48":0,"49":0,"50":0,"51":0,"52":0,"53":0,"54":0},"f":{"0":0,"1":0,"2":0,"3":0,"4":0,"5":0,"6":0},"b":{"0":[0,0],"1":[0,0,0,0],"2":[0,0,0],"3":[0,0,0,0],"4":[0,0],"5":[0,0,0,0],"6":[0],"7":[0],"8":[0,0],"9":[0,0],"10":[0,0],"11":[0,0,0],"12":[0,0],"13":[0,0],"14":[0,0,0],"15":[0,0],"16":[0,0],"17":[0,0],"18":[0,0],"19":[0,0,0],"20":[0,0,0,0]}}
,"/Users/wellingtonsantos/Developer/2025/pdk-mvp/Paradocket/outlook-addin-mvp-3/src/taskpane/components/SignalRStatus.tsx": {"path":"/Users/wellingtonsantos/Developer/2025/pdk-mvp/Paradocket/outlook-addin-mvp-3/src/taskpane/components/SignalRStatus.tsx","statementMap":{"0":{"start":{"line":10,"column":0},"end":{"line":10,"column":31}},"1":{"start":{"line":11,"column":0},"end":{"line":11,"column":null}},"2":{"start":{"line":22,"column":0},"end":{"line":22,"column":null}},"3":{"start":{"line":29,"column":0},"end":{"line":29,"column":56}},"4":{"start":{"line":36,"column":18},"end":{"line":79,"column":2}},"5":{"start":{"line":84,"column":26},"end":{"line":96,"column":1}},"6":{"start":{"line":85,"column":2},"end":{"line":95,"column":3}},"7":{"start":{"line":87,"column":6},"end":{"line":87,"column":69}},"8":{"start":{"line":89,"column":6},"end":{"line":89,"column":70}},"9":{"start":{"line":92,"column":6},"end":{"line":92,"column":77}},"10":{"start":{"line":94,"column":6},"end":{"line":94,"column":63}},"11":{"start":{"line":101,"column":27},"end":{"line":111,"column":1}},"12":{"start":{"line":102,"column":2},"end":{"line":110,"column":3}},"13":{"start":{"line":104,"column":6},"end":{"line":104,"column":22}},"14":{"start":{"line":107,"column":6},"end":{"line":107,"column":20}},"15":{"start":{"line":109,"column":6},"end":{"line":109,"column":23}},"16":{"start":{"line":116,"column":22},"end":{"line":126,"column":1}},"17":{"start":{"line":117,"column":2},"end":{"line":125,"column":3}},"18":{"start":{"line":119,"column":6},"end":{"line":119,"column":23}},"19":{"start":{"line":122,"column":6},"end":{"line":122,"column":23}},"20":{"start":{"line":124,"column":6},"end":{"line":124,"column":22}},"21":{"start":{"line":131,"column":22},"end":{"line":144,"column":1}},"22":{"start":{"line":132,"column":2},"end":{"line":143,"column":3}},"23":{"start":{"line":134,"column":6},"end":{"line":134,"column":25}},"24":{"start":{"line":136,"column":6},"end":{"line":136,"column":29}},"25":{"start":{"line":138,"column":6},"end":{"line":138,"column":31}},"26":{"start":{"line":140,"column":6},"end":{"line":140,"column":28}},"27":{"start":{"line":142,"column":6},"end":{"line":142,"column":23}},"28":{"start":{"line":152,"column":52},"end":{"line":236,"column":1}},"29":{"start":{"line":152,"column":67},"end":{"line":152,"column":69}},"30":{"start":{"line":153,"column":17},"end":{"line":153,"column":28}},"31":{"start":{"line":154,"column":63},"end":{"line":154,"column":76}},"32":{"start":{"line":157,"column":2},"end":{"line":165,"column":3}},"33":{"start":{"line":158,"column":4},"end":{"line":164,"column":6}},"34":{"start":{"line":167,"column":2},"end":{"line":235,"column":4}},"35":{"start":{"line":238,"column":0},"end":{"line":238,"column":29}}},"fnMap":{"0":{"name":"(anonymous_9)","decl":{"start":{"line":84,"column":26},"end":{"line":84,"column":27}},"loc":{"start":{"line":84,"column":65},"end":{"line":96,"column":1}}},"1":{"name":"(anonymous_10)","decl":{"start":{"line":101,"column":27},"end":{"line":101,"column":28}},"loc":{"start":{"line":101,"column":53},"end":{"line":111,"column":1}}},"2":{"name":"(anonymous_11)","decl":{"start":{"line":116,"column":22},"end":{"line":116,"column":23}},"loc":{"start":{"line":116,"column":48},"end":{"line":126,"column":1}}},"3":{"name":"(anonymous_12)","decl":{"start":{"line":131,"column":22},"end":{"line":131,"column":23}},"loc":{"start":{"line":131,"column":48},"end":{"line":144,"column":1}}},"4":{"name":"(anonymous_13)","decl":{"start":{"line":152,"column":52},"end":{"line":152,"column":53}},"loc":{"start":{"line":152,"column":69},"end":{"line":236,"column":1}}}},"branchMap":{"0":{"loc":{"start":{"line":85,"column":2},"end":{"line":95,"column":3}},"type":"switch","locations":[{"start":{"line":86,"column":4},"end":{"line":87,"column":69}},{"start":{"line":88,"column":4},"end":{"line":89,"column":70}},{"start":{"line":90,"column":4},"end":{"line":90,"column":39}},{"start":{"line":91,"column":4},"end":{"line":92,"column":77}},{"start":{"line":93,"column":4},"end":{"line":94,"column":63}}]},"1":{"loc":{"start":{"line":102,"column":2},"end":{"line":110,"column":3}},"type":"switch","locations":[{"start":{"line":103,"column":4},"end":{"line":104,"column":22}},{"start":{"line":105,"column":4},"end":{"line":105,"column":39}},{"start":{"line":106,"column":4},"end":{"line":107,"column":20}},{"start":{"line":108,"column":4},"end":{"line":109,"column":23}}]},"2":{"loc":{"start":{"line":117,"column":2},"end":{"line":125,"column":3}},"type":"switch","locations":[{"start":{"line":118,"column":4},"end":{"line":119,"column":23}},{"start":{"line":120,"column":4},"end":{"line":120,"column":39}},{"start":{"line":121,"column":4},"end":{"line":122,"column":23}},{"start":{"line":123,"column":4},"end":{"line":124,"column":22}}]},"3":{"loc":{"start":{"line":132,"column":2},"end":{"line":143,"column":3}},"type":"switch","locations":[{"start":{"line":133,"column":4},"end":{"line":134,"column":25}},{"start":{"line":135,"column":4},"end":{"line":136,"column":29}},{"start":{"line":137,"column":4},"end":{"line":138,"column":31}},{"start":{"line":139,"column":4},"end":{"line":140,"column":28}},{"start":{"line":141,"column":4},"end":{"line":142,"column":23}}]},"4":{"loc":{"start":{"line":157,"column":2},"end":{"line":165,"column":3}},"type":"if","locations":[{"start":{"line":157,"column":2},"end":{"line":165,"column":3}},{"start":{},"end":{}}]},"5":{"loc":{"start":{"line":192,"column":15},"end":{"line":195,"column":22}},"type":"cond-expr","locations":[{"start":{"line":194,"column":16},"end":{"line":194,"column":69}},{"start":{"line":195,"column":18},"end":{"line":195,"column":22}}]},"6":{"loc":{"start":{"line":192,"column":15},"end":{"line":193,"column":66}},"type":"binary-expr","locations":[{"start":{"line":192,"column":15},"end":{"line":192,"column":64}},{"start":{"line":193,"column":15},"end":{"line":193,"column":66}}]},"7":{"loc":{"start":{"line":200,"column":9},"end":{"line":223,"column":null}},"type":"binary-expr","locations":[{"start":{"line":200,"column":9},"end":{"line":200,"column":20}},{"start":{"line":201,"column":10},"end":{"line":222,"column":null}}]},"8":{"loc":{"start":{"line":209,"column":15},"end":{"line":220,"column":null}},"type":"binary-expr","locations":[{"start":{"line":209,"column":15},"end":{"line":209,"column":34}},{"start":{"line":210,"column":16},"end":{"line":219,"column":null}}]},"9":{"loc":{"start":{"line":215,"column":21},"end":{"line":217,"column":68}},"type":"cond-expr","locations":[{"start":{"line":216,"column":24},"end":{"line":216,"column":43}},{"start":{"line":217,"column":24},"end":{"line":217,"column":68}}]},"10":{"loc":{"start":{"line":226,"column":9},"end":{"line":231,"column":null}},"type":"binary-expr","locations":[{"start":{"line":226,"column":9},"end":{"line":226,"column":20}},{"start":{"line":226,"column":24},"end":{"line":226,"column":36}},{"start":{"line":227,"column":10},"end":{"line":230,"column":null}}]}},"s":{"0":0,"1":0,"2":0,"3":0,"4":0,"5":0,"6":0,"7":0,"8":0,"9":0,"10":0,"11":0,"12":0,"13":0,"14":0,"15":0,"16":0,"17":0,"18":0,"19":0,"20":0,"21":0,"22":0,"23":0,"24":0,"25":0,"26":0,"27":0,"28":0,"29":0,"30":0,"31":0,"32":0,"33":0,"34":0,"35":0},"f":{"0":0,"1":0,"2":0,"3":0,"4":0},"b":{"0":[0,0,0,0,0],"1":[0,0,0,0],"2":[0,0,0,0],"3":[0,0,0,0,0],"4":[0,0],"5":[0,0],"6":[0,0],"7":[0,0],"8":[0,0],"9":[0,0],"10":[0,0,0]}}
,"/Users/wellingtonsantos/Developer/2025/pdk-mvp/Paradocket/outlook-addin-mvp-3/src/taskpane/components/TextInsertion.tsx": {"path":"/Users/wellingtonsantos/Developer/2025/pdk-mvp/Paradocket/outlook-addin-mvp-3/src/taskpane/components/TextInsertion.tsx","statementMap":{"0":{"start":{"line":1,"column":0},"end":{"line":1,"column":31}},"1":{"start":{"line":2,"column":0},"end":{"line":2,"column":33}},"2":{"start":{"line":3,"column":0},"end":{"line":3,"column":89}},"3":{"start":{"line":11,"column":18},"end":{"line":29,"column":2}},"4":{"start":{"line":31,"column":52},"end":{"line":55,"column":1}},"5":{"start":{"line":32,"column":26},"end":{"line":32,"column":56}},"6":{"start":{"line":32,"column":13},"end":{"line":32,"column":15}},"7":{"start":{"line":32,"column":22},"end":{"line":32,"column":26}},"8":{"start":{"line":34,"column":30},"end":{"line":36,"column":4}},"9":{"start":{"line":35,"column":4},"end":{"line":35,"column":33}},"10":{"start":{"line":38,"column":27},"end":{"line":40,"column":4}},"11":{"start":{"line":38,"column":79},"end":{"line":40,"column":4}},"12":{"start":{"line":39,"column":4},"end":{"line":39,"column":32}},"13":{"start":{"line":42,"column":17},"end":{"line":42,"column":28}},"14":{"start":{"line":44,"column":2},"end":{"line":54,"column":4}},"15":{"start":{"line":57,"column":0},"end":{"line":57,"column":29}}},"fnMap":{"0":{"name":"(anonymous_22)","decl":{"start":{"line":31,"column":52},"end":{"line":31,"column":53}},"loc":{"start":{"line":31,"column":78},"end":{"line":55,"column":1}}},"1":{"name":"(anonymous_23)","decl":{"start":{"line":34,"column":30},"end":{"line":34,"column":null}},"loc":{"start":{"line":34,"column":30},"end":{"line":36,"column":4}}},"2":{"name":"(anonymous_26)","decl":{"start":{"line":38,"column":27},"end":{"line":38,"column":34}},"loc":{"start":{"line":38,"column":79},"end":{"line":40,"column":4}}},"3":{"name":"(anonymous_27)","decl":{"start":{"line":38,"column":79},"end":{"line":38,"column":null}},"loc":{"start":{"line":38,"column":79},"end":{"line":40,"column":4}}}},"branchMap":{"0":{"loc":{"start":{"line":35,"column":4},"end":{"line":35,"column":33}},"type":"switch","locations":[{"start":{"line":35,"column":4},"end":{"line":35,"column":33}}]}},"s":{"0":0,"1":0,"2":0,"3":0,"4":0,"5":0,"6":0,"7":0,"8":0,"9":0,"10":0,"11":0,"12":0,"13":0,"14":0,"15":0},"f":{"0":0,"1":0,"2":0,"3":0},"b":{"0":[0]}}
,"/Users/wellingtonsantos/Developer/2025/pdk-mvp/Paradocket/outlook-addin-mvp-3/src/taskpane/hooks/useMailboxItem.ts": {"path":"/Users/wellingtonsantos/Developer/2025/pdk-mvp/Paradocket/outlook-addin-mvp-3/src/taskpane/hooks/useMailboxItem.ts","statementMap":{"0":{"start":{"line":31,"column":0},"end":{"line":31,"column":16}},"1":{"start":{"line":9,"column":0},"end":{"line":9,"column":44}},"2":{"start":{"line":10,"column":0},"end":{"line":10,"column":54}},"3":{"start":{"line":11,"column":0},"end":{"line":11,"column":null}},"4":{"start":{"line":18,"column":0},"end":{"line":18,"column":58}},"5":{"start":{"line":32,"column":48},"end":{"line":32,"column":66}},"6":{"start":{"line":32,"column":23},"end":{"line":32,"column":32}},"7":{"start":{"line":32,"column":43},"end":{"line":32,"column":48}},"8":{"start":{"line":33,"column":28},"end":{"line":37,"column":4}},"9":{"start":{"line":33,"column":14},"end":{"line":33,"column":16}},"10":{"start":{"line":33,"column":24},"end":{"line":33,"column":28}},"11":{"start":{"line":39,"column":2},"end":{"line":94,"column":35}},"12":{"start":{"line":40,"column":20},"end":{"line":40,"column":24}},"13":{"start":{"line":42,"column":27},"end":{"line":87,"column":6}},"14":{"start":{"line":43,"column":6},"end":{"line":45,"column":7}},"15":{"start":{"line":44,"column":8},"end":{"line":44,"column":15}},"16":{"start":{"line":47,"column":6},"end":{"line":56,"column":7}},"17":{"start":{"line":48,"column":8},"end":{"line":54,"column":9}},"18":{"start":{"line":49,"column":10},"end":{"line":53,"column":13}},"19":{"start":{"line":55,"column":8},"end":{"line":55,"column":15}},"20":{"start":{"line":59,"column":58},"end":{"line":64,"column":null}},"21":{"start":{"line":59,"column":14},"end":{"line":59,"column":58}},"22":{"start":{"line":66,"column":8},"end":{"line":77,"column":9}},"23":{"start":{"line":67,"column":10},"end":{"line":76,"column":13}},"24":{"start":{"line":79,"column":8},"end":{"line":85,"column":9}},"25":{"start":{"line":80,"column":10},"end":{"line":84,"column":13}},"26":{"start":{"line":89,"column":4},"end":{"line":89,"column":21}},"27":{"start":{"line":91,"column":4},"end":{"line":93,"column":6}},"28":{"start":{"line":92,"column":6},"end":{"line":92,"column":24}},"29":{"start":{"line":96,"column":2},"end":{"line":96,"column":15}}},"fnMap":{"0":{"name":"useMailboxItem","decl":{"start":{"line":31,"column":16},"end":{"line":31,"column":30}},"loc":{"start":{"line":31,"column":30},"end":{"line":97,"column":1}}},"1":{"name":"(anonymous_14)","decl":{"start":{"line":39,"column":12},"end":{"line":39,"column":null}},"loc":{"start":{"line":39,"column":12},"end":{"line":94,"column":3}}},"2":{"name":"(anonymous_15)","decl":{"start":{"line":42,"column":27},"end":{"line":42,"column":null}},"loc":{"start":{"line":42,"column":27},"end":{"line":87,"column":6}}},"3":{"name":"(anonymous_18)","decl":{"start":{"line":91,"column":11},"end":{"line":91,"column":null}},"loc":{"start":{"line":91,"column":11},"end":{"line":93,"column":5}}}},"branchMap":{"0":{"loc":{"start":{"line":43,"column":6},"end":{"line":45,"column":7}},"type":"if","locations":[{"start":{"line":43,"column":6},"end":{"line":45,"column":7}},{"start":{},"end":{}}]},"1":{"loc":{"start":{"line":47,"column":6},"end":{"line":56,"column":7}},"type":"if","locations":[{"start":{"line":47,"column":6},"end":{"line":56,"column":7}},{"start":{},"end":{}}]},"2":{"loc":{"start":{"line":48,"column":8},"end":{"line":54,"column":9}},"type":"if","locations":[{"start":{"line":48,"column":8},"end":{"line":54,"column":9}},{"start":{},"end":{}}]},"3":{"loc":{"start":{"line":66,"column":8},"end":{"line":77,"column":9}},"type":"if","locations":[{"start":{"line":66,"column":8},"end":{"line":77,"column":9}},{"start":{},"end":{}}]},"4":{"loc":{"start":{"line":79,"column":8},"end":{"line":85,"column":9}},"type":"if","locations":[{"start":{"line":79,"column":8},"end":{"line":85,"column":9}},{"start":{},"end":{}}]}},"s":{"0":0,"1":0,"2":0,"3":0,"4":0,"5":0,"6":0,"7":0,"8":0,"9":0,"10":0,"11":0,"12":0,"13":0,"14":0,"15":0,"16":0,"17":0,"18":0,"19":0,"20":0,"21":0,"22":0,"23":0,"24":0,"25":0,"26":0,"27":0,"28":0,"29":0},"f":{"0":0,"1":0,"2":0,"3":0},"b":{"0":[0,0],"1":[0,0],"2":[0,0],"3":[0,0],"4":[0,0]}}
,"/Users/wellingtonsantos/Developer/2025/pdk-mvp/Paradocket/outlook-addin-mvp-3/src/taskpane/hooks/useOfficeContext.ts": {"path":"/Users/wellingtonsantos/Developer/2025/pdk-mvp/Paradocket/outlook-addin-mvp-3/src/taskpane/hooks/useOfficeContext.ts","statementMap":{"0":{"start":{"line":18,"column":0},"end":{"line":18,"column":16}},"1":{"start":{"line":9,"column":0},"end":{"line":9,"column":44}},"2":{"start":{"line":10,"column":0},"end":{"line":10,"column":82}},"3":{"start":{"line":19,"column":28},"end":{"line":24,"column":4}},"4":{"start":{"line":19,"column":14},"end":{"line":19,"column":16}},"5":{"start":{"line":19,"column":24},"end":{"line":19,"column":28}},"6":{"start":{"line":26,"column":2},"end":{"line":71,"column":9}},"7":{"start":{"line":27,"column":20},"end":{"line":27,"column":24}},"8":{"start":{"line":29,"column":23},"end":{"line":64,"column":6}},"9":{"start":{"line":31,"column":6},"end":{"line":41,"column":7}},"10":{"start":{"line":32,"column":8},"end":{"line":39,"column":9}},"11":{"start":{"line":33,"column":10},"end":{"line":38,"column":13}},"12":{"start":{"line":40,"column":8},"end":{"line":40,"column":15}},"13":{"start":{"line":44,"column":24},"end":{"line":44,"column":null}},"14":{"start":{"line":44,"column":14},"end":{"line":44,"column":null}},"15":{"start":{"line":46,"column":8},"end":{"line":53,"column":9}},"16":{"start":{"line":47,"column":10},"end":{"line":52,"column":13}},"17":{"start":{"line":55,"column":8},"end":{"line":62,"column":9}},"18":{"start":{"line":56,"column":10},"end":{"line":61,"column":13}},"19":{"start":{"line":66,"column":4},"end":{"line":66,"column":17}},"20":{"start":{"line":68,"column":4},"end":{"line":70,"column":6}},"21":{"start":{"line":69,"column":6},"end":{"line":69,"column":24}},"22":{"start":{"line":73,"column":2},"end":{"line":73,"column":15}}},"fnMap":{"0":{"name":"useOfficeContext","decl":{"start":{"line":18,"column":16},"end":{"line":18,"column":32}},"loc":{"start":{"line":18,"column":32},"end":{"line":74,"column":1}}},"1":{"name":"(anonymous_14)","decl":{"start":{"line":26,"column":12},"end":{"line":26,"column":null}},"loc":{"start":{"line":26,"column":12},"end":{"line":71,"column":3}}},"2":{"name":"(anonymous_15)","decl":{"start":{"line":29,"column":23},"end":{"line":29,"column":null}},"loc":{"start":{"line":29,"column":23},"end":{"line":64,"column":6}}},"3":{"name":"(anonymous_18)","decl":{"start":{"line":68,"column":11},"end":{"line":68,"column":null}},"loc":{"start":{"line":68,"column":11},"end":{"line":70,"column":5}}}},"branchMap":{"0":{"loc":{"start":{"line":31,"column":6},"end":{"line":41,"column":7}},"type":"if","locations":[{"start":{"line":31,"column":6},"end":{"line":41,"column":7}},{"start":{},"end":{}}]},"1":{"loc":{"start":{"line":32,"column":8},"end":{"line":39,"column":9}},"type":"if","locations":[{"start":{"line":32,"column":8},"end":{"line":39,"column":9}},{"start":{},"end":{}}]},"2":{"loc":{"start":{"line":46,"column":8},"end":{"line":53,"column":9}},"type":"if","locations":[{"start":{"line":46,"column":8},"end":{"line":53,"column":9}},{"start":{},"end":{}}]},"3":{"loc":{"start":{"line":55,"column":8},"end":{"line":62,"column":9}},"type":"if","locations":[{"start":{"line":55,"column":8},"end":{"line":62,"column":9}},{"start":{},"end":{}}]}},"s":{"0":0,"1":0,"2":0,"3":0,"4":0,"5":0,"6":0,"7":0,"8":0,"9":0,"10":0,"11":0,"12":0,"13":0,"14":0,"15":0,"16":0,"17":0,"18":0,"19":0,"20":0,"21":0,"22":0},"f":{"0":0,"1":0,"2":0,"3":0},"b":{"0":[0,0],"1":[0,0],"2":[0,0],"3":[0,0]}}
,"/Users/wellingtonsantos/Developer/2025/pdk-mvp/Paradocket/outlook-addin-mvp-3/src/taskpane/hooks/useSSO.ts": {"path":"/Users/wellingtonsantos/Developer/2025/pdk-mvp/Paradocket/outlook-addin-mvp-3/src/taskpane/hooks/useSSO.ts","statementMap":{"0":{"start":{"line":30,"column":0},"end":{"line":30,"column":16}},"1":{"start":{"line":9,"column":0},"end":{"line":9,"column":57}},"2":{"start":{"line":10,"column":0},"end":{"line":10,"column":null}},"3":{"start":{"line":20,"column":0},"end":{"line":20,"column":110}},"4":{"start":{"line":22,"column":0},"end":{"line":22,"column":64}},"5":{"start":{"line":23,"column":0},"end":{"line":23,"column":49}},"6":{"start":{"line":31,"column":34},"end":{"line":37,"column":4}},"7":{"start":{"line":31,"column":17},"end":{"line":31,"column":19}},"8":{"start":{"line":31,"column":30},"end":{"line":31,"column":34}},"9":{"start":{"line":39,"column":36},"end":{"line":39,"column":51}},"10":{"start":{"line":39,"column":18},"end":{"line":39,"column":20}},"11":{"start":{"line":39,"column":32},"end":{"line":39,"column":36}},"12":{"start":{"line":40,"column":30},"end":{"line":43,"column":4}},"13":{"start":{"line":40,"column":15},"end":{"line":40,"column":17}},"14":{"start":{"line":40,"column":26},"end":{"line":40,"column":30}},"15":{"start":{"line":48,"column":25},"end":{"line":71,"column":8}},"16":{"start":{"line":49,"column":25},"end":{"line":49,"column":38}},"17":{"start":{"line":50,"column":4},"end":{"line":50,"column":30}},"18":{"start":{"line":53,"column":4},"end":{"line":70,"column":5}},"19":{"start":{"line":54,"column":6},"end":{"line":57,"column":9}},"20":{"start":{"line":58,"column":11},"end":{"line":70,"column":5}},"21":{"start":{"line":59,"column":6},"end":{"line":64,"column":9}},"22":{"start":{"line":65,"column":11},"end":{"line":70,"column":5}},"23":{"start":{"line":66,"column":6},"end":{"line":69,"column":9}},"24":{"start":{"line":76,"column":35},"end":{"line":103,"column":22}},"25":{"start":{"line":76,"column":54},"end":{"line":76,"column":null}},"26":{"start":{"line":77,"column":4},"end":{"line":80,"column":5}},"27":{"start":{"line":78,"column":6},"end":{"line":78,"column":65}},"28":{"start":{"line":79,"column":6},"end":{"line":79,"column":13}},"29":{"start":{"line":82,"column":4},"end":{"line":85,"column":5}},"30":{"start":{"line":83,"column":6},"end":{"line":83,"column":23}},"31":{"start":{"line":84,"column":6},"end":{"line":84,"column":13}},"32":{"start":{"line":87,"column":4},"end":{"line":87,"column":23}},"33":{"start":{"line":88,"column":4},"end":{"line":91,"column":7}},"34":{"start":{"line":94,"column":6},"end":{"line":94,"column":34}},"35":{"start":{"line":95,"column":6},"end":{"line":95,"column":30}},"36":{"start":{"line":96,"column":6},"end":{"line":96,"column":23}},"37":{"start":{"line":98,"column":6},"end":{"line":98,"column":49}},"38":{"start":{"line":99,"column":6},"end":{"line":99,"column":23}},"39":{"start":{"line":101,"column":6},"end":{"line":101,"column":26}},"40":{"start":{"line":108,"column":32},"end":{"line":129,"column":48}},"41":{"start":{"line":108,"column":51},"end":{"line":108,"column":null}},"42":{"start":{"line":109,"column":8},"end":{"line":109,"column":9}},"43":{"start":{"line":110,"column":6},"end":{"line":110,"column":45}},"44":{"start":{"line":111,"column":6},"end":{"line":111,"column":13}},"45":{"start":{"line":114,"column":4},"end":{"line":114,"column":23}},"46":{"start":{"line":115,"column":4},"end":{"line":118,"column":7}},"47":{"start":{"line":121,"column":6},"end":{"line":121,"column":33}},"48":{"start":{"line":122,"column":6},"end":{"line":122,"column":23}},"49":{"start":{"line":124,"column":6},"end":{"line":124,"column":42}},"50":{"start":{"line":125,"column":6},"end":{"line":125,"column":23}},"51":{"start":{"line":127,"column":6},"end":{"line":127,"column":26}},"52":{"start":{"line":134,"column":34},"end":{"line":144,"column":8}},"53":{"start":{"line":135,"column":24},"end":{"line":135,"column":40}},"54":{"start":{"line":136,"column":4},"end":{"line":143,"column":6}},"55":{"start":{"line":149,"column":18},"end":{"line":162,"column":8}},"56":{"start":{"line":150,"column":4},"end":{"line":150,"column":27}},"57":{"start":{"line":151,"column":4},"end":{"line":157,"column":7}},"58":{"start":{"line":158,"column":4},"end":{"line":161,"column":7}},"59":{"start":{"line":165,"column":2},"end":{"line":196,"column":49}},"60":{"start":{"line":166,"column":20},"end":{"line":166,"column":24}},"61":{"start":{"line":168,"column":30},"end":{"line":188,"column":6}},"62":{"start":{"line":170,"column":6},"end":{"line":174,"column":7}},"63":{"start":{"line":172,"column":8},"end":{"line":172,"column":43}},"64":{"start":{"line":173,"column":8},"end":{"line":173,"column":15}},"65":{"start":{"line":176,"column":10},"end":{"line":176,"column":19}},"66":{"start":{"line":178,"column":12},"end":{"line":178,"column":28}},"67":{"start":{"line":179,"column":10},"end":{"line":179,"column":27}},"68":{"start":{"line":182,"column":10},"end":{"line":185,"column":13}},"69":{"start":{"line":190,"column":4},"end":{"line":190,"column":24}},"70":{"start":{"line":192,"column":4},"end":{"line":195,"column":6}},"71":{"start":{"line":193,"column":6},"end":{"line":193,"column":24}},"72":{"start":{"line":194,"column":6},"end":{"line":194,"column":29}},"73":{"start":{"line":199,"column":2},"end":{"line":209,"column":47}},"74":{"start":{"line":200,"column":4},"end":{"line":202,"column":5}},"75":{"start":{"line":201,"column":6},"end":{"line":201,"column":23}},"76":{"start":{"line":204,"column":21},"end":{"line":206,"column":13}},"77":{"start":{"line":205,"column":6},"end":{"line":205,"column":23}},"78":{"start":{"line":208,"column":4},"end":{"line":208,"column":41}},"79":{"start":{"line":208,"column":17},"end":{"line":208,"column":41}},"80":{"start":{"line":211,"column":2},"end":{"line":231,"column":4}}},"fnMap":{"0":{"name":"useSSO","decl":{"start":{"line":30,"column":16},"end":{"line":30,"column":22}},"loc":{"start":{"line":30,"column":22},"end":{"line":232,"column":1}}},"1":{"name":"(anonymous_15)","decl":{"start":{"line":48,"column":37},"end":{"line":48,"column":null}},"loc":{"start":{"line":48,"column":37},"end":{"line":71,"column":3}}},"2":{"name":"(anonymous_16)","decl":{"start":{"line":76,"column":47},"end":{"line":76,"column":54}},"loc":{"start":{"line":76,"column":47},"end":{"line":103,"column":5}}},"3":{"name":"(anonymous_19)","decl":{"start":{"line":108,"column":44},"end":{"line":108,"column":51}},"loc":{"start":{"line":108,"column":44},"end":{"line":129,"column":5}}},"4":{"name":"(anonymous_22)","decl":{"start":{"line":134,"column":46},"end":{"line":134,"column":null}},"loc":{"start":{"line":134,"column":46},"end":{"line":144,"column":3}}},"5":{"name":"(anonymous_23)","decl":{"start":{"line":149,"column":30},"end":{"line":149,"column":null}},"loc":{"start":{"line":149,"column":30},"end":{"line":162,"column":3}}},"6":{"name":"(anonymous_24)","decl":{"start":{"line":165,"column":12},"end":{"line":165,"column":null}},"loc":{"start":{"line":165,"column":12},"end":{"line":196,"column":3}}},"7":{"name":"(anonymous_25)","decl":{"start":{"line":168,"column":30},"end":{"line":168,"column":null}},"loc":{"start":{"line":168,"column":30},"end":{"line":188,"column":6}}},"8":{"name":"(anonymous_28)","decl":{"start":{"line":192,"column":11},"end":{"line":192,"column":null}},"loc":{"start":{"line":192,"column":11},"end":{"line":195,"column":5}}},"9":{"name":"(anonymous_29)","decl":{"start":{"line":199,"column":12},"end":{"line":199,"column":null}},"loc":{"start":{"line":199,"column":12},"end":{"line":209,"column":3}}},"10":{"name":"(anonymous_30)","decl":{"start":{"line":204,"column":33},"end":{"line":204,"column":null}},"loc":{"start":{"line":204,"column":33},"end":{"line":206,"column":5}}},"11":{"name":"(anonymous_31)","decl":{"start":{"line":208,"column":11},"end":{"line":208,"column":17}},"loc":{"start":{"line":208,"column":11},"end":{"line":208,"column":30}}}},"branchMap":{"0":{"loc":{"start":{"line":53,"column":4},"end":{"line":70,"column":5}},"type":"if","locations":[{"start":{"line":53,"column":4},"end":{"line":70,"column":5}},{"start":{"line":58,"column":11},"end":{"line":70,"column":5}}]},"1":{"loc":{"start":{"line":58,"column":11},"end":{"line":70,"column":5}},"type":"if","locations":[{"start":{"line":58,"column":11},"end":{"line":70,"column":5}},{"start":{"line":65,"column":11},"end":{"line":70,"column":5}}]},"2":{"loc":{"start":{"line":58,"column":15},"end":{"line":58,"column":65}},"type":"binary-expr","locations":[{"start":{"line":58,"column":15},"end":{"line":58,"column":43}},{"start":{"line":58,"column":47},"end":{"line":58,"column":65}}]},"3":{"loc":{"start":{"line":61,"column":37},"end":{"line":61,"column":77}},"type":"binary-expr","locations":[{"start":{"line":61,"column":37},"end":{"line":61,"column":67}},{"start":{"line":61,"column":71},"end":{"line":61,"column":77}}]},"4":{"loc":{"start":{"line":61,"column":37},"end":{"line":61,"column":67}},"type":"cond-expr","locations":[{"start":{"line":61,"column":54},"end":{"line":61,"column":56}},{"start":{"line":61,"column":54},"end":{"line":61,"column":67}}]},"5":{"loc":{"start":{"line":61,"column":37},"end":{"line":61,"column":56}},"type":"binary-expr","locations":[{"start":{"line":61,"column":37},"end":{"line":61,"column":56}},{"start":{"line":61,"column":54},"end":{"line":61,"column":56}}]},"6":{"loc":{"start":{"line":65,"column":11},"end":{"line":70,"column":5}},"type":"if","locations":[{"start":{"line":65,"column":11},"end":{"line":70,"column":5}},{"start":{},"end":{}}]},"7":{"loc":{"start":{"line":76,"column":54},"end":{"line":76,"column":null}},"type":"if","locations":[{"start":{"line":76,"column":54},"end":{"line":76,"column":null}},{"start":{},"end":{}}]},"8":{"loc":{"start":{"line":77,"column":4},"end":{"line":80,"column":5}},"type":"if","locations":[{"start":{"line":77,"column":4},"end":{"line":80,"column":5}},{"start":{},"end":{}}]},"9":{"loc":{"start":{"line":82,"column":4},"end":{"line":85,"column":5}},"type":"if","locations":[{"start":{"line":82,"column":4},"end":{"line":85,"column":5}},{"start":{},"end":{}}]},"10":{"loc":{"start":{"line":82,"column":8},"end":{"line":82,"column":50}},"type":"binary-expr","locations":[{"start":{"line":82,"column":8},"end":{"line":82,"column":26}},{"start":{"line":82,"column":30},"end":{"line":82,"column":50}}]},"11":{"loc":{"start":{"line":108,"column":51},"end":{"line":108,"column":null}},"type":"if","locations":[{"start":{"line":108,"column":51},"end":{"line":108,"column":null}},{"start":{},"end":{}}]},"12":{"loc":{"start":{"line":109,"column":8},"end":{"line":109,"column":9}},"type":"if","locations":[{"start":{"line":109,"column":8},"end":{"line":109,"column":9}},{"start":{},"end":{}}]},"13":{"loc":{"start":{"line":170,"column":6},"end":{"line":174,"column":7}},"type":"if","locations":[{"start":{"line":170,"column":6},"end":{"line":174,"column":7}},{"start":{},"end":{}}]},"14":{"loc":{"start":{"line":176,"column":10},"end":{"line":176,"column":19}},"type":"if","locations":[{"start":{"line":176,"column":10},"end":{"line":176,"column":19}},{"start":{},"end":{}}]},"15":{"loc":{"start":{"line":178,"column":12},"end":{"line":178,"column":28}},"type":"if","locations":[{"start":{"line":178,"column":12},"end":{"line":178,"column":28}},{"start":{},"end":{}}]},"16":{"loc":{"start":{"line":200,"column":4},"end":{"line":202,"column":5}},"type":"if","locations":[{"start":{"line":200,"column":4},"end":{"line":202,"column":5}},{"start":{},"end":{}}]},"17":{"loc":{"start":{"line":229,"column":18},"end":{"line":229,"column":57}},"type":"cond-expr","locations":[{"start":{"line":229,"column":35},"end":{"line":229,"column":49}},{"start":{"line":229,"column":52},"end":{"line":229,"column":57}}]}},"s":{"0":0,"1":0,"2":0,"3":0,"4":0,"5":0,"6":0,"7":0,"8":0,"9":0,"10":0,"11":0,"12":0,"13":0,"14":0,"15":0,"16":0,"17":0,"18":0,"19":0,"20":0,"21":0,"22":0,"23":0,"24":0,"25":0,"26":0,"27":0,"28":0,"29":0,"30":0,"31":0,"32":0,"33":0,"34":0,"35":0,"36":0,"37":0,"38":0,"39":0,"40":0,"41":0,"42":0,"43":0,"44":0,"45":0,"46":0,"47":0,"48":0,"49":0,"50":0,"51":0,"52":0,"53":0,"54":0,"55":0,"56":0,"57":0,"58":0,"59":0,"60":0,"61":0,"62":0,"63":0,"64":0,"65":0,"66":0,"67":0,"68":0,"69":0,"70":0,"71":0,"72":0,"73":0,"74":0,"75":0,"76":0,"77":0,"78":0,"79":0,"80":0},"f":{"0":0,"1":0,"2":0,"3":0,"4":0,"5":0,"6":0,"7":0,"8":0,"9":0,"10":0,"11":0},"b":{"0":[0,0],"1":[0,0],"2":[0,0],"3":[0,0],"4":[0,0],"5":[0,0],"6":[0,0],"7":[0,0],"8":[0,0],"9":[0,0],"10":[0,0],"11":[0,0],"12":[0,0],"13":[0,0],"14":[0,0],"15":[0,0],"16":[0,0],"17":[0,0]}}
,"/Users/wellingtonsantos/Developer/2025/pdk-mvp/Paradocket/outlook-addin-mvp-3/src/taskpane/hooks/useSignalR.ts": {"path":"/Users/wellingtonsantos/Developer/2025/pdk-mvp/Paradocket/outlook-addin-mvp-3/src/taskpane/hooks/useSignalR.ts","statementMap":{"0":{"start":{"line":20,"column":0},"end":{"line":20,"column":16}},"1":{"start":{"line":9,"column":0},"end":{"line":9,"column":44}},"2":{"start":{"line":10,"column":0},"end":{"line":10,"column":56}},"3":{"start":{"line":11,"column":0},"end":{"line":11,"column":128}},"4":{"start":{"line":13,"column":0},"end":{"line":13,"column":54}},"5":{"start":{"line":21,"column":28},"end":{"line":27,"column":4}},"6":{"start":{"line":21,"column":14},"end":{"line":21,"column":16}},"7":{"start":{"line":21,"column":24},"end":{"line":21,"column":28}},"8":{"start":{"line":29,"column":43},"end":{"line":29,"column":62}},"9":{"start":{"line":31,"column":2},"end":{"line":120,"column":22}},"10":{"start":{"line":32,"column":20},"end":{"line":32,"column":24}},"11":{"start":{"line":35,"column":4},"end":{"line":37,"column":5}},"12":{"start":{"line":36,"column":6},"end":{"line":36,"column":23}},"13":{"start":{"line":39,"column":27},"end":{"line":110,"column":6}},"14":{"start":{"line":41,"column":6},"end":{"line":52,"column":7}},"15":{"start":{"line":42,"column":8},"end":{"line":50,"column":9}},"16":{"start":{"line":43,"column":10},"end":{"line":49,"column":13}},"17":{"start":{"line":51,"column":8},"end":{"line":51,"column":15}},"18":{"start":{"line":56,"column":14},"end":{"line":56,"column":61}},"19":{"start":{"line":59,"column":8},"end":{"line":64,"column":9}},"20":{"start":{"line":60,"column":10},"end":{"line":63,"column":12}},"21":{"start":{"line":66,"column":14},"end":{"line":70,"column":10}},"22":{"start":{"line":72,"column":27},"end":{"line":72,"column":null}},"23":{"start":{"line":72,"column":14},"end":{"line":72,"column":null}},"24":{"start":{"line":75,"column":14},"end":{"line":85,"column":10}},"25":{"start":{"line":76,"column":10},"end":{"line":84,"column":11}},"26":{"start":{"line":77,"column":12},"end":{"line":83,"column":16}},"27":{"start":{"line":77,"column":29},"end":{"line":83,"column":15}},"28":{"start":{"line":88,"column":8},"end":{"line":88,"column":58}},"29":{"start":{"line":89,"column":8},"end":{"line":89,"column":54}},"30":{"start":{"line":91,"column":8},"end":{"line":99,"column":9}},"31":{"start":{"line":92,"column":10},"end":{"line":98,"column":13}},"32":{"start":{"line":101,"column":8},"end":{"line":108,"column":9}},"33":{"start":{"line":102,"column":10},"end":{"line":107,"column":14}},"34":{"start":{"line":102,"column":27},"end":{"line":107,"column":13}},"35":{"start":{"line":112,"column":4},"end":{"line":112,"column":21}},"36":{"start":{"line":114,"column":4},"end":{"line":119,"column":6}},"37":{"start":{"line":115,"column":6},"end":{"line":115,"column":24}},"38":{"start":{"line":117,"column":6},"end":{"line":117,"column":41}},"39":{"start":{"line":118,"column":6},"end":{"line":118,"column":37}},"40":{"start":{"line":123,"column":2},"end":{"line":143,"column":22}},"41":{"start":{"line":124,"column":4},"end":{"line":126,"column":5}},"42":{"start":{"line":125,"column":6},"end":{"line":125,"column":23}},"43":{"start":{"line":128,"column":33},"end":{"line":135,"column":5}},"44":{"start":{"line":129,"column":27},"end":{"line":129,"column":47}},"45":{"start":{"line":130,"column":6},"end":{"line":134,"column":10}},"46":{"start":{"line":130,"column":23},"end":{"line":134,"column":9}},"47":{"start":{"line":138,"column":21},"end":{"line":138,"column":60}},"48":{"start":{"line":140,"column":4},"end":{"line":142,"column":6}},"49":{"start":{"line":141,"column":6},"end":{"line":141,"column":30}},"50":{"start":{"line":145,"column":2},"end":{"line":145,"column":15}}},"fnMap":{"0":{"name":"useSignalR","decl":{"start":{"line":20,"column":16},"end":{"line":20,"column":26}},"loc":{"start":{"line":20,"column":26},"end":{"line":146,"column":1}}},"1":{"name":"(anonymous_16)","decl":{"start":{"line":31,"column":12},"end":{"line":31,"column":null}},"loc":{"start":{"line":31,"column":12},"end":{"line":120,"column":3}}},"2":{"name":"(anonymous_17)","decl":{"start":{"line":39,"column":27},"end":{"line":39,"column":null}},"loc":{"start":{"line":39,"column":27},"end":{"line":110,"column":6}}},"3":{"name":"(anonymous_20)","decl":{"start":{"line":75,"column":31},"end":{"line":75,"column":32}},"loc":{"start":{"line":75,"column":55},"end":{"line":85,"column":9}}},"4":{"name":"(anonymous_21)","decl":{"start":{"line":77,"column":21},"end":{"line":77,"column":25}},"loc":{"start":{"line":77,"column":25},"end":{"line":77,"column":null}}},"5":{"name":"(anonymous_22)","decl":{"start":{"line":102,"column":19},"end":{"line":102,"column":23}},"loc":{"start":{"line":102,"column":23},"end":{"line":102,"column":null}}},"6":{"name":"(anonymous_23)","decl":{"start":{"line":114,"column":11},"end":{"line":114,"column":null}},"loc":{"start":{"line":114,"column":11},"end":{"line":119,"column":5}}},"7":{"name":"(anonymous_24)","decl":{"start":{"line":123,"column":12},"end":{"line":123,"column":null}},"loc":{"start":{"line":123,"column":12},"end":{"line":143,"column":3}}},"8":{"name":"(anonymous_25)","decl":{"start":{"line":128,"column":33},"end":{"line":128,"column":null}},"loc":{"start":{"line":128,"column":33},"end":{"line":135,"column":5}}},"9":{"name":"(anonymous_26)","decl":{"start":{"line":130,"column":15},"end":{"line":130,"column":19}},"loc":{"start":{"line":130,"column":19},"end":{"line":130,"column":null}}},"10":{"name":"(anonymous_27)","decl":{"start":{"line":140,"column":11},"end":{"line":140,"column":null}},"loc":{"start":{"line":140,"column":11},"end":{"line":142,"column":5}}}},"branchMap":{"0":{"loc":{"start":{"line":35,"column":4},"end":{"line":37,"column":5}},"type":"if","locations":[{"start":{"line":35,"column":4},"end":{"line":37,"column":5}},{"start":{},"end":{}}]},"1":{"loc":{"start":{"line":41,"column":6},"end":{"line":52,"column":7}},"type":"if","locations":[{"start":{"line":41,"column":6},"end":{"line":52,"column":7}},{"start":{},"end":{}}]},"2":{"loc":{"start":{"line":42,"column":8},"end":{"line":50,"column":9}},"type":"if","locations":[{"start":{"line":42,"column":8},"end":{"line":50,"column":9}},{"start":{},"end":{}}]},"3":{"loc":{"start":{"line":59,"column":8},"end":{"line":64,"column":9}},"type":"if","locations":[{"start":{"line":59,"column":8},"end":{"line":64,"column":9}},{"start":{},"end":{}}]},"4":{"loc":{"start":{"line":76,"column":10},"end":{"line":84,"column":11}},"type":"if","locations":[{"start":{"line":76,"column":10},"end":{"line":84,"column":11}},{"start":{},"end":{}}]},"5":{"loc":{"start":{"line":91,"column":8},"end":{"line":99,"column":9}},"type":"if","locations":[{"start":{"line":91,"column":8},"end":{"line":99,"column":9}},{"start":{},"end":{}}]},"6":{"loc":{"start":{"line":101,"column":8},"end":{"line":108,"column":9}},"type":"if","locations":[{"start":{"line":101,"column":8},"end":{"line":108,"column":9}},{"start":{},"end":{}}]},"7":{"loc":{"start":{"line":124,"column":4},"end":{"line":126,"column":5}},"type":"if","locations":[{"start":{"line":124,"column":4},"end":{"line":126,"column":5}},{"start":{},"end":{}}]}},"s":{"0":0,"1":0,"2":0,"3":0,"4":0,"5":0,"6":0,"7":0,"8":0,"9":0,"10":0,"11":0,"12":0,"13":0,"14":0,"15":0,"16":0,"17":0,"18":0,"19":0,"20":0,"21":0,"22":0,"23":0,"24":0,"25":0,"26":0,"27":0,"28":0,"29":0,"30":0,"31":0,"32":0,"33":0,"34":0,"35":0,"36":0,"37":0,"38":0,"39":0,"40":0,"41":0,"42":0,"43":0,"44":0,"45":0,"46":0,"47":0,"48":0,"49":0,"50":0},"f":{"0":0,"1":0,"2":0,"3":0,"4":0,"5":0,"6":0,"7":0,"8":0,"9":0,"10":0},"b":{"0":[0,0],"1":[0,0],"2":[0,0],"3":[0,0],"4":[0,0],"5":[0,0],"6":[0,0],"7":[0,0]}}
,"/Users/wellingtonsantos/Developer/2025/pdk-mvp/Paradocket/outlook-addin-mvp-3/src/taskpane/services/mailService.ts": {"path":"/Users/wellingtonsantos/Developer/2025/pdk-mvp/Paradocket/outlook-addin-mvp-3/src/taskpane/services/mailService.ts","statementMap":{"0":{"start":{"line":20,"column":0},"end":{"line":20,"column":22}},"1":{"start":{"line":46,"column":0},"end":{"line":46,"column":22}},"2":{"start":{"line":71,"column":0},"end":{"line":71,"column":22}},"3":{"start":{"line":96,"column":0},"end":{"line":96,"column":22}},"4":{"start":{"line":122,"column":0},"end":{"line":122,"column":22}},"5":{"start":{"line":10,"column":0},"end":{"line":10,"column":52}},"6":{"start":{"line":11,"column":0},"end":{"line":11,"column":58}},"7":{"start":{"line":21,"column":2},"end":{"line":37,"column":3}},"8":{"start":{"line":22,"column":10},"end":{"line":22,"column":40}},"9":{"start":{"line":23,"column":10},"end":{"line":23,"column":30}},"10":{"start":{"line":25,"column":4},"end":{"line":27,"column":5}},"11":{"start":{"line":26,"column":6},"end":{"line":26,"column":61}},"12":{"start":{"line":30,"column":4},"end":{"line":32,"column":5}},"13":{"start":{"line":31,"column":6},"end":{"line":31,"column":44}},"14":{"start":{"line":34,"column":4},"end":{"line":34,"column":26}},"15":{"start":{"line":36,"column":4},"end":{"line":36,"column":72}},"16":{"start":{"line":47,"column":2},"end":{"line":62,"column":3}},"17":{"start":{"line":48,"column":10},"end":{"line":48,"column":40}},"18":{"start":{"line":49,"column":10},"end":{"line":49,"column":52}},"19":{"start":{"line":51,"column":4},"end":{"line":53,"column":5}},"20":{"start":{"line":52,"column":6},"end":{"line":52,"column":61}},"21":{"start":{"line":55,"column":4},"end":{"line":57,"column":5}},"22":{"start":{"line":56,"column":6},"end":{"line":56,"column":81}},"23":{"start":{"line":59,"column":4},"end":{"line":59,"column":28}},"24":{"start":{"line":61,"column":4},"end":{"line":61,"column":69}},"25":{"start":{"line":72,"column":2},"end":{"line":87,"column":3}},"26":{"start":{"line":73,"column":10},"end":{"line":73,"column":40}},"27":{"start":{"line":74,"column":10},"end":{"line":74,"column":52}},"28":{"start":{"line":76,"column":4},"end":{"line":78,"column":5}},"29":{"start":{"line":77,"column":6},"end":{"line":77,"column":61}},"30":{"start":{"line":80,"column":4},"end":{"line":82,"column":5}},"31":{"start":{"line":81,"column":6},"end":{"line":81,"column":34}},"32":{"start":{"line":84,"column":4},"end":{"line":84,"column":22}},"33":{"start":{"line":86,"column":4},"end":{"line":86,"column":70}},"34":{"start":{"line":97,"column":2},"end":{"line":112,"column":3}},"35":{"start":{"line":98,"column":10},"end":{"line":98,"column":40}},"36":{"start":{"line":99,"column":10},"end":{"line":99,"column":52}},"37":{"start":{"line":101,"column":4},"end":{"line":103,"column":5}},"38":{"start":{"line":102,"column":6},"end":{"line":102,"column":61}},"39":{"start":{"line":105,"column":4},"end":{"line":107,"column":5}},"40":{"start":{"line":106,"column":6},"end":{"line":106,"column":89}},"41":{"start":{"line":106,"column":40},"end":{"line":106,"column":88}},"42":{"start":{"line":109,"column":4},"end":{"line":109,"column":14}},"43":{"start":{"line":111,"column":4},"end":{"line":111,"column":75}},"44":{"start":{"line":122,"column":42},"end":{"line":122,"column":null}},"45":{"start":{"line":123,"column":2},"end":{"line":143,"column":3}},"46":{"start":{"line":124,"column":10},"end":{"line":124,"column":40}},"47":{"start":{"line":125,"column":10},"end":{"line":125,"column":30}},"48":{"start":{"line":127,"column":4},"end":{"line":129,"column":5}},"49":{"start":{"line":128,"column":6},"end":{"line":128,"column":61}},"50":{"start":{"line":131,"column":4},"end":{"line":140,"column":7}},"51":{"start":{"line":132,"column":6},"end":{"line":139,"column":9}},"52":{"start":{"line":133,"column":8},"end":{"line":138,"column":9}},"53":{"start":{"line":134,"column":26},"end":{"line":134,"column":62}},"54":{"start":{"line":135,"column":10},"end":{"line":135,"column":76}},"55":{"start":{"line":137,"column":10},"end":{"line":137,"column":50}},"56":{"start":{"line":142,"column":4},"end":{"line":142,"column":69}}},"fnMap":{"0":{"name":"getCurrentEmailSubject","decl":{"start":{"line":20,"column":22},"end":{"line":20,"column":44}},"loc":{"start":{"line":20,"column":44},"end":{"line":38,"column":null}}},"1":{"name":"getCurrentEmailFrom","decl":{"start":{"line":46,"column":22},"end":{"line":46,"column":41}},"loc":{"start":{"line":46,"column":41},"end":{"line":63,"column":null}}},"2":{"name":"getEmailReceivedDate","decl":{"start":{"line":71,"column":22},"end":{"line":71,"column":42}},"loc":{"start":{"line":71,"column":42},"end":{"line":88,"column":null}}},"3":{"name":"getCurrentEmailRecipients","decl":{"start":{"line":96,"column":22},"end":{"line":96,"column":47}},"loc":{"start":{"line":96,"column":47},"end":{"line":113,"column":null}}},"4":{"name":"(anonymous_25)","decl":{"start":{"line":106,"column":25},"end":{"line":106,"column":26}},"loc":{"start":{"line":106,"column":35},"end":{"line":106,"column":49}}},"5":{"name":"getEmailBodyPreview","decl":{"start":{"line":122,"column":22},"end":{"line":122,"column":41}},"loc":{"start":{"line":122,"column":41},"end":{"line":144,"column":null}}},"6":{"name":"(anonymous_29)","decl":{"start":{"line":131,"column":23},"end":{"line":131,"column":24}},"loc":{"start":{"line":131,"column":39},"end":{"line":140,"column":5}}},"7":{"name":"(anonymous_30)","decl":{"start":{"line":132,"column":51},"end":{"line":132,"column":52}},"loc":{"start":{"line":132,"column":58},"end":{"line":139,"column":7}}}},"branchMap":{"0":{"loc":{"start":{"line":25,"column":4},"end":{"line":27,"column":5}},"type":"if","locations":[{"start":{"line":25,"column":4},"end":{"line":27,"column":5}},{"start":{},"end":{}}]},"1":{"loc":{"start":{"line":30,"column":4},"end":{"line":32,"column":5}},"type":"if","locations":[{"start":{"line":30,"column":4},"end":{"line":32,"column":5}},{"start":{},"end":{}}]},"2":{"loc":{"start":{"line":31,"column":13},"end":{"line":31,"column":43}},"type":"binary-expr","locations":[{"start":{"line":31,"column":13},"end":{"line":31,"column":25}},{"start":{"line":31,"column":29},"end":{"line":31,"column":43}}]},"3":{"loc":{"start":{"line":51,"column":4},"end":{"line":53,"column":5}},"type":"if","locations":[{"start":{"line":51,"column":4},"end":{"line":53,"column":5}},{"start":{},"end":{}}]},"4":{"loc":{"start":{"line":55,"column":4},"end":{"line":57,"column":5}},"type":"if","locations":[{"start":{"line":55,"column":4},"end":{"line":57,"column":5}},{"start":{},"end":{}}]},"5":{"loc":{"start":{"line":55,"column":8},"end":{"line":55,"column":75}},"type":"binary-expr","locations":[{"start":{"line":55,"column":8},"end":{"line":55,"column":62}},{"start":{"line":55,"column":66},"end":{"line":55,"column":75}}]},"6":{"loc":{"start":{"line":56,"column":13},"end":{"line":56,"column":80}},"type":"binary-expr","locations":[{"start":{"line":56,"column":13},"end":{"line":56,"column":35}},{"start":{"line":56,"column":39},"end":{"line":56,"column":60}},{"start":{"line":56,"column":64},"end":{"line":56,"column":80}}]},"7":{"loc":{"start":{"line":76,"column":4},"end":{"line":78,"column":5}},"type":"if","locations":[{"start":{"line":76,"column":4},"end":{"line":78,"column":5}},{"start":{},"end":{}}]},"8":{"loc":{"start":{"line":80,"column":4},"end":{"line":82,"column":5}},"type":"if","locations":[{"start":{"line":80,"column":4},"end":{"line":82,"column":5}},{"start":{},"end":{}}]},"9":{"loc":{"start":{"line":101,"column":4},"end":{"line":103,"column":5}},"type":"if","locations":[{"start":{"line":101,"column":4},"end":{"line":103,"column":5}},{"start":{},"end":{}}]},"10":{"loc":{"start":{"line":105,"column":4},"end":{"line":107,"column":5}},"type":"if","locations":[{"start":{"line":105,"column":4},"end":{"line":107,"column":5}},{"start":{},"end":{}}]},"11":{"loc":{"start":{"line":105,"column":8},"end":{"line":105,"column":41}},"type":"binary-expr","locations":[{"start":{"line":105,"column":8},"end":{"line":105,"column":15}},{"start":{"line":105,"column":19},"end":{"line":105,"column":41}}]},"12":{"loc":{"start":{"line":106,"column":40},"end":{"line":106,"column":87}},"type":"binary-expr","locations":[{"start":{"line":106,"column":40},"end":{"line":106,"column":62}},{"start":{"line":106,"column":66},"end":{"line":106,"column":87}}]},"13":{"loc":{"start":{"line":122,"column":42},"end":{"line":122,"column":null}},"type":"if","locations":[{"start":{"line":122,"column":42},"end":{"line":122,"column":null}},{"start":{},"end":{}}]},"14":{"loc":{"start":{"line":127,"column":4},"end":{"line":129,"column":5}},"type":"if","locations":[{"start":{"line":127,"column":4},"end":{"line":129,"column":5}},{"start":{},"end":{}}]},"15":{"loc":{"start":{"line":133,"column":8},"end":{"line":138,"column":9}},"type":"if","locations":[{"start":{"line":133,"column":8},"end":{"line":138,"column":9}},{"start":{"line":136,"column":15},"end":{"line":138,"column":9}}]},"16":{"loc":{"start":{"line":135,"column":29},"end":{"line":135,"column":73}},"type":"cond-expr","locations":[{"start":{"line":135,"column":63},"end":{"line":135,"column":68}},{"start":{"line":135,"column":71},"end":{"line":135,"column":73}}]}},"s":{"0":0,"1":0,"2":0,"3":0,"4":0,"5":0,"6":0,"7":0,"8":0,"9":0,"10":0,"11":0,"12":0,"13":0,"14":0,"15":0,"16":0,"17":0,"18":0,"19":0,"20":0,"21":0,"22":0,"23":0,"24":0,"25":0,"26":0,"27":0,"28":0,"29":0,"30":0,"31":0,"32":0,"33":0,"34":0,"35":0,"36":0,"37":0,"38":0,"39":0,"40":0,"41":0,"42":0,"43":0,"44":0,"45":0,"46":0,"47":0,"48":0,"49":0,"50":0,"51":0,"52":0,"53":0,"54":0,"55":0,"56":0},"f":{"0":0,"1":0,"2":0,"3":0,"4":0,"5":0,"6":0,"7":0},"b":{"0":[0,0],"1":[0,0],"2":[0,0],"3":[0,0],"4":[0,0],"5":[0,0],"6":[0,0,0],"7":[0,0],"8":[0,0],"9":[0,0],"10":[0,0],"11":[0,0],"12":[0,0],"13":[0,0],"14":[0,0],"15":[0,0],"16":[0,0]}}
,"/Users/wellingtonsantos/Developer/2025/pdk-mvp/Paradocket/outlook-addin-mvp-3/src/taskpane/services/officeService.ts": {"path":"/Users/wellingtonsantos/Developer/2025/pdk-mvp/Paradocket/outlook-addin-mvp-3/src/taskpane/services/officeService.ts","statementMap":{"0":{"start":{"line":23,"column":0},"end":{"line":23,"column":22}},"1":{"start":{"line":77,"column":0},"end":{"line":77,"column":16}},"2":{"start":{"line":87,"column":0},"end":{"line":87,"column":16}},"3":{"start":{"line":100,"column":0},"end":{"line":100,"column":16}},"4":{"start":{"line":9,"column":0},"end":{"line":9,"column":52}},"5":{"start":{"line":10,"column":0},"end":{"line":10,"column":60}},"6":{"start":{"line":11,"column":0},"end":{"line":11,"column":62}},"7":{"start":{"line":12,"column":0},"end":{"line":12,"column":49}},"8":{"start":{"line":14,"column":20},"end":{"line":14,"column":25}},"9":{"start":{"line":15,"column":43},"end":{"line":15,"column":47}},"10":{"start":{"line":24,"column":2},"end":{"line":26,"column":3}},"11":{"start":{"line":25,"column":4},"end":{"line":25,"column":25}},"12":{"start":{"line":28,"column":2},"end":{"line":69,"column":5}},"13":{"start":{"line":29,"column":4},"end":{"line":68,"column":5}},"14":{"start":{"line":30,"column":6},"end":{"line":65,"column":9}},"15":{"start":{"line":30,"column":32},"end":{"line":65,"column":8}},"16":{"start":{"line":33,"column":10},"end":{"line":33,"column":28}},"17":{"start":{"line":35,"column":14},"end":{"line":35,"column":18}},"18":{"start":{"line":36,"column":12},"end":{"line":36,"column":43}},"19":{"start":{"line":37,"column":12},"end":{"line":37,"column":33}},"20":{"start":{"line":38,"column":12},"end":{"line":38,"column":74}},"21":{"start":{"line":42,"column":14},"end":{"line":46,"column":17}},"22":{"start":{"line":49,"column":14},"end":{"line":49,"column":38}},"23":{"start":{"line":51,"column":14},"end":{"line":51,"column":58}},"24":{"start":{"line":54,"column":14},"end":{"line":54,"column":55}},"25":{"start":{"line":55,"column":14},"end":{"line":55,"column":95}},"26":{"start":{"line":58,"column":12},"end":{"line":58,"column":36}},"27":{"start":{"line":60,"column":12},"end":{"line":60,"column":71}},"28":{"start":{"line":63,"column":10},"end":{"line":63,"column":24}},"29":{"start":{"line":67,"column":6},"end":{"line":67,"column":77}},"30":{"start":{"line":78,"column":2},"end":{"line":78,"column":23}},"31":{"start":{"line":88,"column":2},"end":{"line":90,"column":3}},"32":{"start":{"line":89,"column":4},"end":{"line":89,"column":84}},"33":{"start":{"line":91,"column":2},"end":{"line":91,"column":23}},"34":{"start":{"line":101,"column":18},"end":{"line":101,"column":36}},"35":{"start":{"line":102,"column":2},"end":{"line":104,"column":3}},"36":{"start":{"line":103,"column":4},"end":{"line":103,"column":56}},"37":{"start":{"line":105,"column":2},"end":{"line":105,"column":25}}},"fnMap":{"0":{"name":"initializeOffice","decl":{"start":{"line":23,"column":22},"end":{"line":23,"column":38}},"loc":{"start":{"line":23,"column":38},"end":{"line":70,"column":null}}},"1":{"name":"(anonymous_16)","decl":{"start":{"line":28,"column":21},"end":{"line":28,"column":22}},"loc":{"start":{"line":28,"column":37},"end":{"line":69,"column":3}}},"2":{"name":"(anonymous_17)","decl":{"start":{"line":30,"column":21},"end":{"line":30,"column":28}},"loc":{"start":{"line":30,"column":32},"end":{"line":65,"column":8}}},"3":{"name":"(anonymous_18)","decl":{"start":{"line":30,"column":32},"end":{"line":30,"column":null}},"loc":{"start":{"line":30,"column":32},"end":{"line":65,"column":8}}},"4":{"name":"isOfficeInitialized","decl":{"start":{"line":77,"column":16},"end":{"line":77,"column":35}},"loc":{"start":{"line":77,"column":35},"end":{"line":79,"column":1}}},"5":{"name":"getOfficeContext","decl":{"start":{"line":87,"column":16},"end":{"line":87,"column":32}},"loc":{"start":{"line":87,"column":32},"end":{"line":92,"column":1}}},"6":{"name":"getMailboxContext","decl":{"start":{"line":100,"column":16},"end":{"line":100,"column":33}},"loc":{"start":{"line":100,"column":33},"end":{"line":106,"column":1}}}},"branchMap":{"0":{"loc":{"start":{"line":24,"column":2},"end":{"line":26,"column":3}},"type":"if","locations":[{"start":{"line":24,"column":2},"end":{"line":26,"column":3}},{"start":{},"end":{}}]},"1":{"loc":{"start":{"line":24,"column":6},"end":{"line":24,"column":36}},"type":"binary-expr","locations":[{"start":{"line":24,"column":6},"end":{"line":24,"column":19}},{"start":{"line":24,"column":23},"end":{"line":24,"column":36}}]},"2":{"loc":{"start":{"line":35,"column":14},"end":{"line":35,"column":18}},"type":"if","locations":[{"start":{"line":35,"column":14},"end":{"line":35,"column":18}},{"start":{},"end":{}}]},"3":{"loc":{"start":{"line":88,"column":2},"end":{"line":90,"column":3}},"type":"if","locations":[{"start":{"line":88,"column":2},"end":{"line":90,"column":3}},{"start":{},"end":{}}]},"4":{"loc":{"start":{"line":102,"column":2},"end":{"line":104,"column":3}},"type":"if","locations":[{"start":{"line":102,"column":2},"end":{"line":104,"column":3}},{"start":{},"end":{}}]}},"s":{"0":0,"1":0,"2":0,"3":0,"4":0,"5":0,"6":0,"7":0,"8":0,"9":0,"10":0,"11":0,"12":0,"13":0,"14":0,"15":0,"16":0,"17":0,"18":0,"19":0,"20":0,"21":0,"22":0,"23":0,"24":0,"25":0,"26":0,"27":0,"28":0,"29":0,"30":0,"31":0,"32":0,"33":0,"34":0,"35":0,"36":0,"37":0},"f":{"0":0,"1":0,"2":0,"3":0,"4":0,"5":0,"6":0},"b":{"0":[0,0],"1":[0,0],"2":[0,0],"3":[0,0],"4":[0,0]}}
[...]
":4},"end":{"line":162,"column":5}},{"start":{},"end":{}}]},"12":{"loc":{"start":{"line":172,"column":4},"end":{"line":176,"column":5}},"type":"if","locations":[{"start":{"line":172,"column":4},"end":{"line":176,"column":5}},{"start":{},"end":{}}]},"13":{"loc":{"start":{"line":185,"column":28},"end":{"line":185,"column":null}},"type":"if","locations":[{"start":{"line":185,"column":28},"end":{"line":185,"column":null}},{"start":{},"end":{}}]},"14":{"loc":{"start":{"line":189,"column":4},"end":{"line":189,"column":39}},"type":"switch","locations":[{"start":{"line":189,"column":4},"end":{"line":189,"column":39}}]},"15":{"loc":{"start":{"line":205,"column":29},"end":{"line":207,"column":12}},"type":"cond-expr","locations":[{"start":{"line":206,"column":8},"end":{"line":206,"column":64}},{"start":{"line":207,"column":8},"end":{"line":207,"column":12}}]},"16":{"loc":{"start":{"line":237,"column":36},"end":{"line":237,"column":null}},"type":"if","locations":[{"start":{"line":237,"column":36},"end":{"line":237,"column":null}},{"start":{},"end":{}}]},"17":{"loc":{"start":{"line":238,"column":9},"end":{"line":238,"column":45}},"type":"switch","locations":[{"start":{"line":238,"column":9},"end":{"line":238,"column":45}},{"start":{"line":238,"column":2},"end":{"line":238,"column":45}}]}},"s":{"0":1,"1":1,"2":1,"3":1,"4":1,"5":1,"6":1,"7":1,"8":1,"9":1,"10":1,"11":1,"12":1,"13":1,"14":1,"15":12429,"16":6216,"17":1,"18":6215,"19":4,"20":4,"21":4,"22":12420,"23":2,"24":2,"25":0,"26":0,"27":6209,"28":6209,"29":6209,"30":4133,"31":4133,"32":4133,"33":2076,"34":2076,"35":1,"36":6215,"37":6210,"38":5,"39":5,"40":0,"41":5,"42":1,"43":6209,"44":6209,"45":6209,"46":4133,"47":4133,"48":2076,"49":2076,"50":1,"51":6214,"52":6214,"53":6200,"54":6200,"55":6214,"56":6214,"57":0,"58":6214,"59":6214,"60":6214,"61":6200,"62":12400,"63":2074,"64":2074,"65":2074,"66":1,"67":8,"68":1,"69":1,"70":7,"71":7,"72":1,"73":59,"74":14,"75":14,"76":14,"77":1,"78":2,"79":1,"80":1,"81":1,"82":1,"83":7,"84":7,"85":7,"86":1,"87":57,"88":57,"89":57,"90":1,"91":1,"92":2,"93":1,"94":1,"95":1,"96":1,"97":1},"f":{"0":1,"1":1,"2":1,"3":6216,"4":6215,"5":6209,"6":6214,"7":12400,"8":2074,"9":8,"10":59,"11":1,"12":7,"13":57,"14":1,"15":1,"16":1,"17":1},"b":{"0":[1,0],"1":[6213,3],"2":[2],"3":[1,6215],"4":[4,6211],"5":[4,0],"6":[6209,2],"7":[6210,5],"8":[0,5],"9":[6200,14],"10":[0,6214],"11":[1,7],"12":[14,45],"13":[1,0],"14":[1],"15":[6,1],"16":[1,0],"17":[1,1]}}
,"/Users/wellingtonsantos/Developer/2025/pdk-mvp/Paradocket/outlook-addin-mvp-3/src/taskpane/services/webview2Service.ts": {"path":"/Users/wellingtonsantos/Developer/2025/pdk-mvp/Paradocket/outlook-addin-mvp-3/src/taskpane/services/webview2Service.ts","statementMap":{"0":{"start":{"line":17,"column":0},"end":{"line":17,"column":16}},"1":{"start":{"line":46,"column":0},"end":{"line":46,"column":16}},"2":{"start":{"line":73,"column":0},"end":{"line":73,"column":16}},"3":{"start":{"line":18,"column":20},"end":{"line":18,"column":46}},"4":{"start":{"line":21,"column":2},"end":{"line":26,"column":3}},"5":{"start":{"line":22,"column":4},"end":{"line":25,"column":6}},"6":{"start":{"line":29,"column":25},"end":{"line":29,"column":57}},"7":{"start":{"line":30,"column":19},"end":{"line":30,"column":47}},"8":{"start":{"line":32,"column":2},"end":{"line":35,"column":3}},"9":{"start":{"line":33,"column":4},"end":{"line":33,"column":71}},"10":{"start":{"line":34,"column":4},"end":{"line":34,"column":17}},"11":{"start":{"line":37,"column":2},"end":{"line":37,"column":63}},"12":{"start":{"line":38,"column":2},"end":{"line":38,"column":14}},"13":{"start":{"line":47,"column":20},"end":{"line":47,"column":46}},"14":{"start":{"line":49,"column":2},"end":{"line":51,"column":3}},"15":{"start":{"line":50,"column":4},"end":{"line":50,"column":26}},"16":{"start":{"line":53,"column":2},"end":{"line":55,"column":3}},"17":{"start":{"line":54,"column":4},"end":{"line":54,"column":38}},"18":{"start":{"line":57,"column":2},"end":{"line":59,"column":3}},"19":{"start":{"line":58,"column":4},"end":{"line":58,"column":29}},"20":{"start":{"line":61,"column":2},"end":{"line":63,"column":3}},"21":{"start":{"line":62,"column":4},"end":{"line":62,"column":27}},"22":{"start":{"line":65,"column":2},"end":{"line":65,"column":19}},"23":{"start":{"line":74,"column":20},"end":{"line":74,"column":46}},"24":{"start":{"line":75,"column":2},"end":{"line":75,"column":42}}},"fnMap":{"0":{"name":"enforceWebView2","decl":{"start":{"line":17,"column":16},"end":{"line":17,"column":31}},"loc":{"start":{"line":17,"column":31},"end":{"line":39,"column":1}}},"1":{"name":"getBrowserEngine","decl":{"start":{"line":46,"column":16},"end":{"line":46,"column":32}},"loc":{"start":{"line":46,"column":32},"end":{"line":66,"column":1}}},"2":{"name":"isWebView2","decl":{"start":{"line":73,"column":16},"end":{"line":73,"column":26}},"loc":{"start":{"line":73,"column":26},"end":{"line":76,"column":1}}}},"branchMap":{"0":{"loc":{"start":{"line":21,"column":2},"end":{"line":26,"column":3}},"type":"if","locations":[{"start":{"line":21,"column":2},"end":{"line":26,"column":3}},{"start":{},"end":{}}]},"1":{"loc":{"start":{"line":32,"column":2},"end":{"line":35,"column":3}},"type":"if","locations":[{"start":{"line":32,"column":2},"end":{"line":35,"column":3}},{"start":{},"end":{}}]},"2":{"loc":{"start":{"line":32,"column":6},"end":{"line":32,"column":34}},"type":"binary-expr","locations":[{"start":{"line":32,"column":6},"end":{"line":32,"column":21}},{"start":{"line":32,"column":25},"end":{"line":32,"column":34}}]},"3":{"loc":{"start":{"line":49,"column":2},"end":{"line":51,"column":3}},"type":"if","locations":[{"start":{"line":49,"column":2},"end":{"line":51,"column":3}},{"start":{},"end":{}}]},"4":{"loc":{"start":{"line":53,"column":2},"end":{"line":55,"column":3}},"type":"if","locations":[{"start":{"line":53,"column":2},"end":{"line":55,"column":3}},{"start":{},"end":{}}]},"5":{"loc":{"start":{"line":57,"column":2},"end":{"line":59,"column":3}},"type":"if","locations":[{"start":{"line":57,"column":2},"end":{"line":59,"column":3}},{"start":{},"end":{}}]},"6":{"loc":{"start":{"line":61,"column":2},"end":{"line":63,"column":3}},"type":"if","locations":[{"start":{"line":61,"column":2},"end":{"line":63,"column":3}},{"start":{},"end":{}}]}},"s":{"0":0,"1":0,"2":0,"3":0,"4":0,"5":0,"6":0,"7":0,"8":0,"9":0,"10":0,"11":0,"12":0,"13":0,"14":0,"15":0,"16":0,"17":0,"18":0,"19":0,"20":0,"21":0,"22":0,"23":0,"24":0},"f":{"0":0,"1":0,"2":0},"b":{"0":[0,0],"1":[0,0],"2":[0,0],"3":[0,0],"4":[0,0],"5":[0,0],"6":[0,0]}}
,"/Users/wellingtonsantos/Developer/2025/pdk-mvp/Paradocket/outlook-addin-mvp-3/src/taskpane/types/sso.types.ts": {"path":"/Users/wellingtonsantos/Developer/2025/pdk-mvp/Paradocket/outlook-addin-mvp-3/src/taskpane/types/sso.types.ts","statementMap":{"0":{"start":{"line":63,"column":0},"end":{"line":63,"column":null}},"1":{"start":{"line":64,"column":2},"end":{"line":64,"column":null}},"2":{"start":{"line":65,"column":2},"end":{"line":65,"column":null}},"3":{"start":{"line":66,"column":2},"end":{"line":66,"column":null}},"4":{"start":{"line":67,"column":2},"end":{"line":67,"column":null}},"5":{"start":{"line":68,"column":2},"end":{"line":68,"column":null}},"6":{"start":{"line":69,"column":2},"end":{"line":69,"column":null}}},"fnMap":{"0":{"name":"(anonymous_0)","decl":{"start":{"line":63,"column":0},"end":{"line":63,"column":12}},"loc":{"start":{"line":63,"column":24},"end":{"line":70,"column":1}}}},"branchMap":{"0":{"loc":{"start":{"line":63,"column":12},"end":{"line":63,"column":null}},"type":"binary-expr","locations":[{"start":{"line":63,"column":12},"end":{"line":63,"column":24}},{"start":{"line":63,"column":24},"end":{"line":63,"column":null}}]}},"s":{"0":3,"1":3,"2":3,"3":3,"4":3,"5":3,"6":3},"f":{"0":3},"b":{"0":[3,3]}}
,"/Users/wellingtonsantos/Developer/2025/pdk-mvp/Paradocket/outlook-addin-mvp-3/src/taskpane/utils/errorHandler.ts": {"path":"/Users/wellingtonsantos/Developer/2025/pdk-mvp/Paradocket/outlook-addin-mvp-3/src/taskpane/utils/errorHandler.ts","statementMap":{"0":{"start":{"line":18,"column":0},"end":{"line":18,"column":16}},"1":{"start":{"line":44,"column":0},"end":{"line":44,"column":16}},"2":{"start":{"line":65,"column":0},"end":{"line":65,"column":16}},"3":{"start":{"line":77,"column":0},"end":{"line":77,"column":16}},"4":{"start":{"line":96,"column":0},"end":{"line":96,"column":16}},"5":{"start":{"line":131,"column":0},"end":{"line":131,"column":16}},"6":{"start":{"line":147,"column":0},"end":{"line":147,"column":16}},"7":{"start":{"line":157,"column":0},"end":{"line":157,"column":16}},"8":{"start":{"line":167,"column":0},"end":{"line":167,"column":16}},"9":{"start":{"line":10,"column":0},"end":{"line":10,"column":60}},"10":{"start":{"line":20,"column":2},"end":{"line":20,"column":27}},"11":{"start":{"line":23,"column":2},"end":{"line":25,"column":3}},"12":{"start":{"line":24,"column":4},"end":{"line":24,"column":78}},"13":{"start":{"line":27,"column":2},"end":{"line":29,"column":3}},"14":{"start":{"line":28,"column":4},"end":{"line":28,"column":86}},"15":{"start":{"line":31,"column":2},"end":{"line":33,"column":3}},"16":{"start":{"line":32,"column":4},"end":{"line":32,"column":66}},"17":{"start":{"line":35,"column":2},"end":{"line":35,"column":76}},"18":{"start":{"line":46,"column":2},"end":{"line":55,"column":3}},"19":{"start":{"line":47,"column":4},"end":{"line":51,"column":7}},"20":{"start":{"line":54,"column":4},"end":{"line":54,"column":81}},"21":{"start":{"line":66,"column":26},"end":{"line":66,"column":61}},"22":{"start":{"line":67,"column":2},"end":{"line":67,"column":51}},"23":{"start":{"line":81,"column":2},"end":{"line":87,"column":10}},"24":{"start":{"line":81,"column":17},"end":{"line":81,"column":31}},"25":{"start":{"line":83,"column":13},"end":{"line":83,"column":30}},"26":{"start":{"line":83,"column":6},"end":{"line":83,"column":31}},"27":{"start":{"line":85,"column":6},"end":{"line":85,"column":57}},"28":{"start":{"line":98,"column":2},"end":{"line":98,"column":40}},"29":{"start":{"line":101,"column":2},"end":{"line":122,"column":3}},"30":{"start":{"line":103,"column":6},"end":{"line":103,"column":75}},"31":{"start":{"line":106,"column":6},"end":{"line":106,"column":99}},"32":{"start":{"line":109,"column":6},"end":{"line":109,"column":79}},"33":{"start":{"line":112,"column":6},"end":{"line":112,"column":131}},"34":{"start":{"line":115,"column":6},"end":{"line":115,"column":110}},"35":{"start":{"line":118,"column":6},"end":{"line":118,"column":82}},"36":{"start":{"line":121,"column":6},"end":{"line":121,"column":85}},"37":{"start":{"line":132,"column":26},"end":{"line":132,"column":47}},"38":{"start":{"line":134,"column":2},"end":{"line":138,"column":4}},"39":{"start":{"line":148,"column":2},"end":{"line":148,"column":66}},"40":{"start":{"line":158,"column":2},"end":{"line":158,"column":72}},"41":{"start":{"line":168,"column":2},"end":{"line":189,"column":3}},"42":{"start":{"line":170,"column":6},"end":{"line":170,"column":90}},"43":{"start":{"line":173,"column":6},"end":{"line":173,"column":87}},"44":{"start":{"line":176,"column":6},"end":{"line":176,"column":89}},"45":{"start":{"line":179,"column":6},"end":{"line":179,"column":94}},"46":{"start":{"line":182,"column":6},"end":{"line":182,"column":91}},"47":{"start":{"line":185,"column":6},"end":{"line":185,"column":90}},"48":{"start":{"line":188,"column":6},"end":{"line":188,"column":80}}},"fnMap":{"0":{"name":"handleOfficeError","decl":{"start":{"line":18,"column":16},"end":{"line":18,"column":33}},"loc":{"start":{"line":18,"column":61},"end":{"line":36,"column":1}}},"1":{"name":"logError","decl":{"start":{"line":44,"column":16},"end":{"line":44,"column":24}},"loc":{"start":{"line":44,"column":52},"end":{"line":56,"column":1}}},"2":{"name":"formatErrorMessage","decl":{"start":{"line":65,"column":16},"end":{"line":65,"column":34}},"loc":{"start":{"line":65,"column":64},"end":{"line":68,"column":1}}},"3":{"name":"withErrorHandling","decl":{"start":{"line":77,"column":16},"end":{"line":77,"column":33}},"loc":{"start":{"line":79,"column":17},"end":{"line":88,"column":1}}},"4":{"name":"(anonymous_17)","decl":{"start":{"line":81,"column":10},"end":{"line":81,"column":17}},"loc":{"start":{"line":81,"column":10},"end":{"line":87,"column":9}}},"5":{"name":"handleSSOError","decl":{"start":{"line":96,"column":16},"end":{"line":96,"column":30}},"loc":{"start":{"line":96,"column":41},"end":{"line":123,"column":1}}},"6":{"name":"mapSSOError","decl":{"start":{"line":131,"column":16},"end":{"line":131,"column":27}},"loc":{"start":{"line":131,"column":38},"end":{"line":139,"column":1}}},"7":{"name":"formatSSOErrorMessage","decl":{"start":{"line":147,"column":16},"end":{"line":147,"column":37}},"loc":{"start":{"line":147,"column":53},"end":{"line":149,"column":1}}},"8":{"name":"isSSOError","decl":{"start":{"line":157,"column":16},"end":{"line":157,"column":26}},"loc":{"start":{"line":157,"column":37},"end":{"line":159,"column":1}}},"9":{"name":"getSSOErrorGuidance","decl":{"start":{"line":167,"column":16},"end":{"line":167,"column":35}},"loc":{"start":{"line":167,"column":53},"end":{"line":190,"column":1}}}},"branchMap":{"0":{"loc":{"start":{"line":23,"column":2},"end":{"line":25,"column":3}},"type":"if","locations":[{"start":{"line":23,"column":2},"end":{"line":25,"column":3}},{"start":{},"end":{}}]},"1":{"loc":{"start":{"line":27,"column":2},"end":{"line":29,"column":3}},"type":"if","locations":[{"start":{"line":27,"column":2},"end":{"line":29,"column":3}},{"start":{},"end":{}}]},"2":{"loc":{"start":{"line":27,"column":6},"end":{"line":27,"column":64}},"type":"binary-expr","locations":[{"start":{"line":27,"column":6},"end":{"line":27,"column":19}},{"start":{"line":27,"column":23},"end":{"line":27,"column":64}}]},"3":{"loc":{"start":{"line":31,"column":2},"end":{"line":33,"column":3}},"type":"if","locations":[{"start":{"line":31,"column":2},"end":{"line":33,"column":3}},{"start":{},"end":{}}]},"4":{"loc":{"start":{"line":31,"column":6},"end":{"line":31,"column":62}},"type":"binary-expr","locations":[{"start":{"line":31,"column":6},"end":{"line":31,"column":19}},{"start":{"line":31,"column":23},"end":{"line":31,"column":62}}]},"5":{"loc":{"start":{"line":35,"column":9},"end":{"line":35,"column":75}},"type":"binary-expr","locations":[{"start":{"line":35,"column":9},"end":{"line":35,"column":22}},{"start":{"line":35,"column":26},"end":{"line":35,"column":75}}]},"6":{"loc":{"start":{"line":46,"column":2},"end":{"line":55,"column":3}},"type":"if","locations":[{"start":{"line":46,"column":2},"end":{"line":55,"column":3}},{"start":{"line":52,"column":9},"end":{"line":55,"column":3}}]},"7":{"loc":{"start":{"line":54,"column":50},"end":{"line":54,"column":79}},"type":"binary-expr","locations":[{"start":{"line":54,"column":50},"end":{"line":54,"column":60}},{"start":{"line":54,"column":64},"end":{"line":54,"column":79}}]},"8":{"loc":{"start":{"line":83,"column":6},"end":{"line":83,"column":31}},"type":"switch","locations":[{"start":{"line":83,"column":6},"end":{"line":83,"column":31}}]},"9":{"loc":{"start":{"line":101,"column":2},"end":{"line":122,"column":3}},"type":"switch","locations":[{"start":{"line":102,"column":4},"end":{"line":103,"column":75}},{"start":{"line":105,"column":4},"end":{"line":106,"column":99}},{"start":{"line":108,"column":4},"end":{"line":109,"column":79}},{"start":{"line":111,"column":4},"end":{"line":112,"column":131}},{"start":{"line":114,"column":4},"end":{"line":115,"column":110}},{"start":{"line":117,"column":4},"end":{"line":118,"column":82}},{"start":{"line":120,"column":4},"end":{"line":121,"column":85}}]},"10":{"loc":{"start":{"line":121,"column":13},"end":{"line":121,"column":84}},"type":"binary-expr","locations":[{"start":{"line":121,"column":13},"end":{"line":121,"column":26}},{"start":{"line":121,"column":30},"end":{"line":121,"column":84}}]},"11":{"loc":{"start":{"line":135,"column":10},"end":{"line":135,"column":25}},"type":"binary-expr","locations":[{"start":{"line":135,"column":10},"end":{"line":135,"column":20}},{"start":{"line":135,"column":24},"end":{"line":135,"column":25}}]},"12":{"loc":{"start":{"line":158,"column":9},"end":{"line":158,"column":71}},"type":"binary-expr","locations":[{"start":{"line":158,"column":9},"end":{"line":158,"column":19}},{"start":{"line":158,"column":23},"end":{"line":158,"column":71}}]},"13":{"loc":{"start":{"line":168,"column":2},"end":{"line":189,"column":3}},"type":"switch","locations":[{"start":{"line":169,"column":4},"end":{"line":170,"column":90}},{"start":{"line":172,"column":4},"end":{"line":173,"column":87}},{"start":{"line":175,"column":4},"end":{"line":176,"column":89}},{"start":{"line":178,"column":4},"end":{"line":179,"column":94}},{"start":{"line":181,"column":4},"end":{"line":182,"column":91}},{"start":{"line":184,"column":4},"end":{"line":185,"column":90}},{"start":{"line":187,"column":4},"end":{"line":188,"column":80}}]}},"s":{"0":1,"1":1,"2":1,"3":1,"4":1,"5":1,"6":1,"7":1,"8":1,"9":1,"10":0,"11":0,"12":0,"13":0,"14":0,"15":0,"16":0,"17":0,"18":0,"19":0,"20":0,"21":0,"22":0,"23":0,"24":0,"25":0,"26":0,"27":0,"28":0,"29":0,"30":0,"31":0,"32":0,"33":0,"34":0,"35":0,"36":0,"37":0,"38":0,"39":0,"40":0,"41":0,"42":0,"43":0,"44":0,"45":0,"46":0,"47":0,"48":0},"f":{"0":0,"1":0,"2":0,"3":0,"4":0,"5":0,"6":0,"7":0,"8":0,"9":0},"b":{"0":[0,0],"1":[0,0],"2":[0,0],"3":[0,0],"4":[0,0],"5":[0,0],"6":[0,0],"7":[0,0],"8":[0],"9":[0,0,0,0,0,0,0],"10":[0,0],"11":[0,0],"12":[0,0],"13":[0,0,0,0,0,0,0]}}
,"/Users/wellingtonsantos/Developer/2025/pdk-mvp/Paradocket/outlook-addin-mvp-3/src/taskpane/utils/platform.ts": {"path":"/Users/wellingtonsantos/Developer/2025/pdk-mvp/Paradocket/outlook-addin-mvp-3/src/taskpane/utils/platform.ts","statementMap":{"0":{"start":{"line":14,"column":0},"end":{"line":14,"column":16}},"1":{"start":{"line":23,"column":0},"end":{"line":23,"column":16}},"2":{"start":{"line":32,"column":0},"end":{"line":32,"column":16}},"3":{"start":{"line":49,"column":0},"end":{"line":49,"column":16}},"4":{"start":{"line":15,"column":2},"end":{"line":15,"column":62}},"5":{"start":{"line":24,"column":2},"end":{"line":24,"column":62}},"6":{"start":{"line":33,"column":2},"end":{"line":35,"column":3}},"7":{"start":{"line":34,"column":4},"end":{"line":34,"column":19}},"8":{"start":{"line":37,"column":2},"end":{"line":39,"column":3}},"9":{"start":{"line":38,"column":4},"end":{"line":38,"column":21}},"10":{"start":{"line":41,"column":2},"end":{"line":41,"column":19}},"11":{"start":{"line":50,"column":2},"end":{"line":50,"column":34}}},"fnMap":{"0":{"name":"isMacOS","decl":{"start":{"line":14,"column":16},"end":{"line":14,"column":23}},"loc":{"start":{"line":14,"column":23},"end":{"line":16,"column":1}}},"1":{"name":"isWindows","decl":{"start":{"line":23,"column":16},"end":{"line":23,"column":25}},"loc":{"start":{"line":23,"column":25},"end":{"line":25,"column":1}}},"2":{"name":"getPlatformName","decl":{"start":{"line":32,"column":16},"end":{"line":32,"column":31}},"loc":{"start":{"line":32,"column":31},"end":{"line":42,"column":1}}},"3":{"name":"isDesktop","decl":{"start":{"line":49,"column":16},"end":{"line":49,"column":25}},"loc":{"start":{"line":49,"column":25},"end":{"line":51,"column":1}}}},"branchMap":{"0":{"loc":{"start":{"line":33,"column":2},"end":{"line":35,"column":3}},"type":"if","locations":[{"start":{"line":33,"column":2},"end":{"line":35,"column":3}},{"start":{},"end":{}}]},"1":{"loc":{"start":{"line":37,"column":2},"end":{"line":39,"column":3}},"type":"if","locations":[{"start":{"line":37,"column":2},"end":{"line":39,"column":3}},{"start":{},"end":{}}]},"2":{"loc":{"start":{"line":50,"column":9},"end":{"line":50,"column":33}},"type":"binary-expr","locations":[{"start":{"line":50,"column":9},"end":{"line":50,"column":20}},{"start":{"line":50,"column":24},"end":{"line":50,"column":33}}]}},"s":{"0":0,"1":0,"2":0,"3":0,"4":0,"5":0,"6":0,"7":0,"8":0,"9":0,"10":0,"11":0},"f":{"0":0,"1":0,"2":0,"3":0},"b":{"0":[0,0],"1":[0,0],"2":[0,0]}}
}
