TN:
SF:src/commands/commands.ts
FN:8,(anonymous_0)
FN:16,action
FNF:2
FNH:0
FNDA:0,(anonymous_0)
FNDA:0,action
DA:8,0
DA:17,0
DA:25,0
DA:31,0
DA:35,0
LF:5
LH:0
BRDA:25,0,0,0
BRDA:25,0,1,0
BRDA:25,1,0,0
BRDA:25,1,1,0
BRF:4
BRH:0
end_of_record
TN:
SF:src/taskpane/taskpane.ts
FN:3,insertText
FN:9,(anonymous_16)
FNF:2
FNH:0
FNDA:0,insertText
FNDA:0,(anonymous_16)
DA:3,0
DA:5,0
DA:6,0
DA:10,0
DA:11,0
DA:16,0
LF:6
LH:0
BRDA:6,0,0,0
BRDA:6,0,1,0
BRDA:6,1,0,0
BRDA:6,1,1,0
BRDA:10,2,0,0
BRDA:10,2,1,0
BRF:6
BRH:0
end_of_record
TN:
SF:src/taskpane/components/App.tsx
FN:28,(anonymous_10)
FNF:1
FNH:0
FNDA:0,(anonymous_10)
DA:1,0
DA:3,0
DA:4,0
DA:5,0
DA:6,0
DA:7,0
DA:8,0
DA:16,0
DA:28,0
DA:29,0
DA:30,0
DA:31,0
DA:34,0
DA:36,0
DA:53,0
LF:15
LH:0
BRF:0
BRH:0
end_of_record
TN:
SF:src/taskpane/components/EmailInfo.tsx
FN:52,(anonymous_9)
FNF:1
FNH:0
FNDA:0,(anonymous_9)
DA:10,0
DA:11,0
DA:21,0
DA:24,0
DA:52,0
DA:53,0
DA:55,0
DA:56,0
DA:63,0
DA:64,0
DA:71,0
DA:72,0
DA:79,0
DA:115,0
LF:14
LH:0
BRDA:55,0,0,0
BRDA:55,0,1,0
BRDA:63,1,0,0
BRDA:63,1,1,0
BRDA:71,2,0,0
BRDA:71,2,1,0
BRF:6
BRH:0
end_of_record
TN:
SF:src/taskpane/components/ErrorBoundary.tsx
FN:37,(anonymous_15)
FN:38,ErrorBoundary
FN:61,(anonymous_17)
FN:46,(anonymous_18)
FN:53,(anonymous_19)
FN:68,(anonymous_20)
FN:89,(anonymous_21)
FNF:7
FNH:0
FNDA:0,(anonymous_15)
FNDA:0,ErrorBoundary
FNDA:0,(anonymous_17)
FNDA:0,(anonymous_18)
FNDA:0,(anonymous_19)
FNDA:0,(anonymous_20)
FNDA:0,(anonymous_21)
DA:10,0
DA:11,0
DA:13,0
DA:15,0
DA:37,0
DA:39,0
DA:40,0
DA:46,0
DA:47,0
DA:53,0
DA:54,0
DA:61,0
DA:62,0
DA:68,0
DA:69,0
DA:70,0
DA:71,0
DA:74,0
DA:77,0
DA:79,0
DA:89,0
DA:90,0
DA:91,0
DA:93,0
DA:122,0
LF:25
LH:0
BRDA:39,0,0,0
BRDA:39,0,1,0
BRDA:69,1,0,0
BRDA:69,1,1,0
BRDA:70,2,0,0
BRDA:70,2,1,0
BRDA:106,3,0,0
BRDA:106,3,1,0
BRDA:106,3,2,0
BRDA:110,4,0,0
BRDA:110,4,1,0
BRF:11
BRH:0
end_of_record
TN:
SF:src/taskpane/components/Header.tsx
FN:26,(anonymous_9)
FNF:1
FNH:0
FNDA:0,(anonymous_9)
DA:1,0
DA:2,0
DA:10,0
DA:26,0
DA:27,0
DA:28,0
DA:30,0
DA:38,0
LF:8
LH:0
BRF:0
BRH:0
end_of_record
TN:
SF:src/taskpane/components/HeroList.tsx
FN:44,(anonymous_9)
FN:48,(anonymous_10)
FNF:2
FNH:0
FNDA:0,(anonymous_9)
FNDA:0,(anonymous_10)
DA:1,0
DA:2,0
DA:14,0
DA:44,0
DA:45,0
DA:46,0
DA:48,0
DA:54,0
DA:62,0
LF:9
LH:0
BRF:0
BRH:0
end_of_record
TN:
SF:src/taskpane/components/SSOStatus.tsx
FN:96,(anonymous_22)
FN:116,(anonymous_23)
FN:130,(anonymous_24)
FN:146,(anonymous_25)
FN:166,(anonymous_26)
FN:183,(anonymous_27)
FN:192,(anonymous_30)
FNF:7
FNH:0
FNDA:0,(anonymous_22)
FNDA:0,(anonymous_23)
FNDA:0,(anonymous_24)
FNDA:0,(anonymous_25)
FNDA:0,(anonymous_26)
FNDA:0,(anonymous_27)
FNDA:0,(anonymous_30)
DA:10,0
DA:11,0
DA:23,0
DA:32,0
DA:33,0
DA:35,0
DA:96,0
DA:97,0
DA:98,0
DA:101,0
DA:103,0
DA:105,0
DA:107,0
DA:109,0
DA:116,0
DA:117,0
DA:119,0
DA:121,0
DA:123,0
DA:130,0
DA:131,0
DA:133,0
DA:135,0
DA:137,0
DA:139,0
DA:146,0
DA:147,0
DA:149,0
DA:151,0
DA:153,0
DA:155,0
DA:157,0
DA:166,0
DA:167,0
DA:169,0
DA:170,0
DA:171,0
DA:172,0
DA:173,0
DA:174,0
DA:175,0
DA:176,0
DA:177,0
DA:178,0
DA:179,0
DA:180,0
DA:183,0
DA:184,0
DA:192,0
DA:193,0
DA:197,0
DA:198,0
DA:207,0
DA:342,0
LF:54
LH:0
BRDA:97,0,0,0
BRDA:97,0,1,0
BRDA:101,1,0,0
BRDA:101,1,1,0
BRDA:101,1,2,0
BRDA:101,1,3,0
BRDA:117,2,0,0
BRDA:117,2,1,0
BRDA:117,2,2,0
BRDA:131,3,0,0
BRDA:131,3,1,0
BRDA:131,3,2,0
BRDA:131,3,3,0
BRDA:147,4,0,0
BRDA:147,4,1,0
BRDA:149,5,0,0
BRDA:149,5,1,0
BRDA:149,5,2,0
BRDA:149,5,3,0
BRDA:184,6,0,0
BRDA:193,7,0,0
BRDA:197,8,0,0
BRDA:197,8,1,0
BRDA:197,9,0,0
BRDA:197,9,1,0
BRDA:232,10,0,0
BRDA:232,10,1,0
BRDA:240,11,0,0
BRDA:240,11,1,0
BRDA:240,11,2,0
BRDA:249,12,0,0
BRDA:249,12,1,0
BRDA:255,13,0,0
BRDA:255,13,1,0
BRDA:268,14,0,0
BRDA:268,14,1,0
BRDA:268,14,2,0
BRDA:287,15,0,0
BRDA:287,15,1,0
BRDA:294,16,0,0
BRDA:294,16,1,0
BRDA:298,17,0,0
BRDA:298,17,1,0
BRDA:306,18,0,0
BRDA:306,18,1,0
BRDA:322,19,0,0
BRDA:322,19,1,0
BRDA:322,19,2,0
BRDA:330,20,0,0
BRDA:330,20,1,0
BRDA:330,20,2,0
BRDA:330,20,3,0
BRF:52
BRH:0
end_of_record
TN:
SF:src/taskpane/components/SignalRStatus.tsx
FN:84,(anonymous_9)
FN:101,(anonymous_10)
FN:116,(anonymous_11)
FN:131,(anonymous_12)
FN:152,(anonymous_13)
FNF:5
FNH:0
FNDA:0,(anonymous_9)
FNDA:0,(anonymous_10)
FNDA:0,(anonymous_11)
FNDA:0,(anonymous_12)
FNDA:0,(anonymous_13)
DA:10,0
DA:11,0
DA:22,0
DA:29,0
DA:36,0
DA:84,0
DA:85,0
DA:87,0
DA:89,0
DA:92,0
DA:94,0
DA:101,0
DA:102,0
DA:104,0
DA:107,0
DA:109,0
DA:116,0
DA:117,0
DA:119,0
DA:122,0
DA:124,0
DA:131,0
DA:132,0
DA:134,0
DA:136,0
DA:138,0
DA:140,0
DA:142,0
DA:152,0
DA:153,0
DA:154,0
DA:157,0
DA:158,0
DA:167,0
DA:238,0
LF:35
LH:0
BRDA:85,0,0,0
BRDA:85,0,1,0
BRDA:85,0,2,0
BRDA:85,0,3,0
BRDA:85,0,4,0
BRDA:102,1,0,0
BRDA:102,1,1,0
BRDA:102,1,2,0
BRDA:102,1,3,0
BRDA:117,2,0,0
BRDA:117,2,1,0
BRDA:117,2,2,0
BRDA:117,2,3,0
BRDA:132,3,0,0
BRDA:132,3,1,0
BRDA:132,3,2,0
BRDA:132,3,3,0
BRDA:132,3,4,0
BRDA:157,4,0,0
BRDA:157,4,1,0
BRDA:192,5,0,0
BRDA:192,5,1,0
BRDA:192,6,0,0
BRDA:192,6,1,0
BRDA:200,7,0,0
BRDA:200,7,1,0
BRDA:209,8,0,0
BRDA:209,8,1,0
BRDA:215,9,0,0
BRDA:215,9,1,0
BRDA:226,10,0,0
BRDA:226,10,1,0
BRDA:226,10,2,0
BRF:33
BRH:0
end_of_record
TN:
SF:src/taskpane/components/TextInsertion.tsx
FN:31,(anonymous_22)
FN:34,(anonymous_23)
FN:38,(anonymous_26)
FN:38,(anonymous_27)
FNF:4
FNH:0
FNDA:0,(anonymous_22)
FNDA:0,(anonymous_23)
FNDA:0,(anonymous_26)
FNDA:0,(anonymous_27)
DA:1,0
DA:2,0
DA:3,0
DA:11,0
DA:31,0
DA:32,0
DA:34,0
DA:35,0
DA:38,0
DA:39,0
DA:42,0
DA:44,0
DA:57,0
LF:13
LH:0
BRDA:35,0,0,0
BRF:1
BRH:0
end_of_record
TN:
SF:src/taskpane/hooks/useMailboxItem.ts
FN:31,useMailboxItem
FN:39,(anonymous_14)
FN:42,(anonymous_15)
FN:91,(anonymous_18)
FNF:4
FNH:0
FNDA:0,useMailboxItem
FNDA:0,(anonymous_14)
FNDA:0,(anonymous_15)
FNDA:0,(anonymous_18)
DA:9,0
DA:10,0
DA:11,0
DA:18,0
DA:31,0
DA:32,0
DA:33,0
DA:39,0
DA:40,0
DA:42,0
DA:43,0
DA:44,0
DA:47,0
DA:48,0
DA:49,0
DA:55,0
DA:59,0
DA:66,0
DA:67,0
DA:79,0
DA:80,0
DA:89,0
DA:91,0
DA:92,0
DA:96,0
LF:25
LH:0
BRDA:43,0,0,0
BRDA:43,0,1,0
BRDA:47,1,0,0
BRDA:47,1,1,0
BRDA:48,2,0,0
BRDA:48,2,1,0
BRDA:66,3,0,0
BRDA:66,3,1,0
BRDA:79,4,0,0
BRDA:79,4,1,0
BRF:10
BRH:0
end_of_record
TN:
SF:src/taskpane/hooks/useOfficeContext.ts
FN:18,useOfficeContext
FN:26,(anonymous_14)
FN:29,(anonymous_15)
FN:68,(anonymous_18)
FNF:4
FNH:0
FNDA:0,useOfficeContext
FNDA:0,(anonymous_14)
FNDA:0,(anonymous_15)
FNDA:0,(anonymous_18)
DA:9,0
DA:10,0
DA:18,0
DA:19,0
DA:26,0
DA:27,0
DA:29,0
DA:31,0
DA:32,0
DA:33,0
DA:40,0
DA:44,0
DA:46,0
DA:47,0
DA:55,0
DA:56,0
DA:66,0
DA:68,0
DA:69,0
DA:73,0
LF:20
LH:0
BRDA:31,0,0,0
BRDA:31,0,1,0
BRDA:32,1,0,0
BRDA:32,1,1,0
BRDA:46,2,0,0
BRDA:46,2,1,0
BRDA:55,3,0,0
BRDA:55,3,1,0
BRF:8
BRH:0
end_of_record
TN:
SF:src/taskpane/hooks/useSSO.ts
FN:30,useSSO
FN:48,(anonymous_15)
FN:76,(anonymous_16)
FN:108,(anonymous_19)
FN:134,(anonymous_22)
FN:149,(anonymous_23)
FN:165,(anonymous_24)
FN:168,(anonymous_25)
FN:192,(anonymous_28)
FN:199,(anonymous_29)
FN:204,(anonymous_30)
FN:208,(anonymous_31)
FNF:12
FNH:0
FNDA:0,useSSO
FNDA:0,(anonymous_15)
FNDA:0,(anonymous_16)
FNDA:0,(anonymous_19)
FNDA:0,(anonymous_22)
FNDA:0,(anonymous_23)
FNDA:0,(anonymous_24)
FNDA:0,(anonymous_25)
FNDA:0,(anonymous_28)
FNDA:0,(anonymous_29)
FNDA:0,(anonymous_30)
FNDA:0,(anonymous_31)
DA:9,0
DA:10,0
DA:20,0
DA:22,0
DA:23,0
DA:30,0
DA:31,0
DA:39,0
DA:40,0
DA:48,0
DA:49,0
DA:50,0
DA:53,0
DA:54,0
DA:58,0
DA:59,0
DA:65,0
DA:66,0
DA:76,0
DA:77,0
DA:78,0
DA:79,0
DA:82,0
DA:83,0
DA:84,0
DA:87,0
DA:88,0
DA:94,0
DA:95,0
DA:96,0
DA:98,0
DA:99,0
DA:101,0
DA:108,0
DA:109,0
DA:110,0
DA:111,0
DA:114,0
DA:115,0
DA:121,0
DA:122,0
DA:124,0
DA:125,0
DA:127,0
DA:134,0
DA:135,0
DA:136,0
DA:149,0
DA:150,0
DA:151,0
DA:158,0
DA:165,0
DA:166,0
DA:168,0
DA:170,0
DA:172,0
DA:173,0
DA:176,0
DA:178,0
DA:179,0
DA:182,0
DA:190,0
DA:192,0
DA:193,0
DA:194,0
DA:199,0
DA:200,0
DA:201,0
DA:204,0
DA:205,0
DA:208,0
DA:211,0
LF:72
LH:0
BRDA:53,0,0,0
BRDA:53,0,1,0
BRDA:58,1,0,0
BRDA:58,1,1,0
BRDA:58,2,0,0
BRDA:58,2,1,0
BRDA:61,3,0,0
BRDA:61,3,1,0
BRDA:61,4,0,0
BRDA:61,4,1,0
BRDA:61,5,0,0
BRDA:61,5,1,0
BRDA:65,6,0,0
BRDA:65,6,1,0
BRDA:76,7,0,0
BRDA:76,7,1,0
BRDA:77,8,0,0
BRDA:77,8,1,0
BRDA:82,9,0,0
BRDA:82,9,1,0
BRDA:82,10,0,0
BRDA:82,10,1,0
BRDA:108,11,0,0
BRDA:108,11,1,0
BRDA:109,12,0,0
BRDA:109,12,1,0
BRDA:170,13,0,0
BRDA:170,13,1,0
BRDA:176,14,0,0
BRDA:176,14,1,0
BRDA:178,15,0,0
BRDA:178,15,1,0
BRDA:200,16,0,0
BRDA:200,16,1,0
BRDA:229,17,0,0
BRDA:229,17,1,0
BRF:36
BRH:0
end_of_record
TN:
SF:src/taskpane/hooks/useSignalR.ts
FN:20,useSignalR
FN:31,(anonymous_16)
FN:39,(anonymous_17)
FN:75,(anonymous_20)
FN:77,(anonymous_21)
FN:102,(anonymous_22)
FN:114,(anonymous_23)
FN:123,(anonymous_24)
FN:128,(anonymous_25)
FN:130,(anonymous_26)
FN:140,(anonymous_27)
FNF:11
FNH:0
FNDA:0,useSignalR
FNDA:0,(anonymous_16)
FNDA:0,(anonymous_17)
FNDA:0,(anonymous_20)
FNDA:0,(anonymous_21)
FNDA:0,(anonymous_22)
FNDA:0,(anonymous_23)
FNDA:0,(anonymous_24)
FNDA:0,(anonymous_25)
FNDA:0,(anonymous_26)
FNDA:0,(anonymous_27)
DA:9,0
DA:10,0
DA:11,0
DA:13,0
DA:20,0
DA:21,0
DA:29,0
DA:31,0
DA:32,0
DA:35,0
DA:36,0
DA:39,0
DA:41,0
DA:42,0
DA:43,0
DA:51,0
DA:56,0
DA:59,0
DA:60,0
DA:66,0
DA:72,0
DA:75,0
DA:76,0
DA:77,0
DA:88,0
DA:89,0
DA:91,0
DA:92,0
DA:101,0
DA:102,0
DA:112,0
DA:114,0
DA:115,0
DA:117,0
DA:118,0
DA:123,0
DA:124,0
DA:125,0
DA:128,0
DA:129,0
DA:130,0
DA:138,0
DA:140,0
DA:141,0
DA:145,0
LF:45
LH:0
BRDA:35,0,0,0
BRDA:35,0,1,0
BRDA:41,1,0,0
BRDA:41,1,1,0
BRDA:42,2,0,0
BRDA:42,2,1,0
BRDA:59,3,0,0
BRDA:59,3,1,0
BRDA:76,4,0,0
BRDA:76,4,1,0
BRDA:91,5,0,0
BRDA:91,5,1,0
BRDA:101,6,0,0
BRDA:101,6,1,0
BRDA:124,7,0,0
BRDA:124,7,1,0
BRF:16
BRH:0
end_of_record
TN:
SF:src/taskpane/services/mailService.ts
FN:20,getCurrentEmailSubject
FN:46,getCurrentEmailFrom
FN:71,getEmailReceivedDate
FN:96,getCurrentEmailRecipients
FN:106,(anonymous_25)
FN:122,getEmailBodyPreview
FN:131,(anonymous_29)
FN:132,(anonymous_30)
FNF:8
FNH:0
FNDA:0,getCurrentEmailSubject
FNDA:0,getCurrentEmailFrom
FNDA:0,getEmailReceivedDate
FNDA:0,getCurrentEmailRecipients
FNDA:0,(anonymous_25)
FNDA:0,getEmailBodyPreview
FNDA:0,(anonymous_29)
FNDA:0,(anonymous_30)
DA:10,0
DA:11,0
DA:20,0
DA:21,0
DA:22,0
DA:23,0
DA:25,0
DA:26,0
DA:30,0
DA:31,0
DA:34,0
DA:36,0
DA:46,0
DA:47,0
DA:48,0
DA:49,0
DA:51,0
DA:52,0
DA:55,0
DA:56,0
DA:59,0
DA:61,0
DA:71,0
DA:72,0
DA:73,0
DA:74,0
DA:76,0
DA:77,0
DA:80,0
DA:81,0
DA:84,0
DA:86,0
DA:96,0
DA:97,0
DA:98,0
DA:99,0
DA:101,0
DA:102,0
DA:105,0
DA:106,0
DA:109,0
DA:111,0
DA:122,0
DA:123,0
DA:124,0
DA:125,0
DA:127,0
DA:128,0
DA:131,0
DA:132,0
DA:133,0
DA:134,0
DA:135,0
DA:137,0
DA:142,0
LF:55
LH:0
BRDA:25,0,0,0
BRDA:25,0,1,0
BRDA:30,1,0,0
BRDA:30,1,1,0
BRDA:31,2,0,0
BRDA:31,2,1,0
BRDA:51,3,0,0
BRDA:51,3,1,0
BRDA:55,4,0,0
BRDA:55,4,1,0
BRDA:55,5,0,0
BRDA:55,5,1,0
BRDA:56,6,0,0
BRDA:56,6,1,0
BRDA:56,6,2,0
BRDA:76,7,0,0
BRDA:76,7,1,0
BRDA:80,8,0,0
BRDA:80,8,1,0
BRDA:101,9,0,0
BRDA:101,9,1,0
BRDA:105,10,0,0
BRDA:105,10,1,0
BRDA:105,11,0,0
BRDA:105,11,1,0
BRDA:106,12,0,0
BRDA:106,12,1,0
BRDA:122,13,0,0
BRDA:122,13,1,0
BRDA:127,14,0,0
BRDA:127,14,1,0
BRDA:133,15,0,0
BRDA:133,15,1,0
BRDA:135,16,0,0
BRDA:135,16,1,0
BRF:35
BRH:0
end_of_record
TN:
SF:src/taskpane/services/officeService.ts
FN:23,initializeOffice
FN:28,(anonymous_16)
FN:30,(anonymous_17)
FN:30,(anonymous_18)
FN:77,isOfficeInitialized
FN:87,getOfficeContext
FN:100,getMailboxContext
FNF:7
FNH:0
FNDA:0,initializeOffice
FNDA:0,(anonymous_16)
FNDA:0,(anonymous_17)
FNDA:0,(anonymous_18)
FNDA:0,isOfficeInitialized
FNDA:0,getOfficeContext
FNDA:0,getMailboxContext
DA:9,0
DA:10,0
DA:11,0
DA:12,0
DA:14,0
DA:15,0
DA:23,0
DA:24,0
DA:25,0
DA:28,0
DA:29,0
DA:30,0
DA:33,0
DA:35,0
DA:36,0
DA:37,0
DA:38,0
DA:42,0
DA:49,0
DA:51,0
DA:54,0
DA:55,0
DA:58,0
DA:60,0
DA:63,0
DA:67,0
DA:77,0
DA:78,0
DA:87,0
DA:88,0
DA:89,0
DA:91,0
DA:100,0
DA:101,0
DA:102,0
DA:103,0
DA:105,0
LF:37
LH:0
BRDA:24,0,0,0
BRDA:24,0,1,0
BRDA:24,1,0,0
BRDA:24,1,1,0
BRDA:35,2,0,0
BRDA:35,2,1,0
BRDA:88,3,0,0
BRDA:88,3,1,0
BRDA:102,4,0,0
BRDA:102,4,1,0
BRF:10
BRH:0
end_of_record
TN:
SF:src/taskpane/services/signalrService.ts
FN:24,validateSignalRConfig
FN:51,initializeSignalR
FN:68,(anonymous_17)
FN:92,(anonymous_20)
FN:92,(anonymous_21)
FN:99,(anonymous_23)
FN:103,(anonymous_24)
FN:126,isSignalRInitialized
FN:136,getSignalRConnection
FN:148,getConnectionState
FN:157,isConnected
FN:169,sendMessage
FN:193,onMessage
FN:207,offMessage
FN:224,stopSignalR
FN:246,getCurrentConfig
FNF:16
FNH:0
FNDA:0,validateSignalRConfig
FNDA:0,initializeSignalR
FNDA:0,(anonymous_17)
FNDA:0,(anonymous_20)
FNDA:0,(anonymous_21)
FNDA:0,(anonymous_23)
FNDA:0,(anonymous_24)
FNDA:0,isSignalRInitialized
FNDA:0,getSignalRConnection
FNDA:0,getConnectionState
FNDA:0,isConnected
FNDA:0,sendMessage
FNDA:0,onMessage
FNDA:0,offMessage
FNDA:0,stopSignalR
FNDA:0,getCurrentConfig
DA:9,0
DA:10,0
DA:12,0
DA:14,0
DA:15,0
DA:16,0
DA:25,0
DA:26,0
DA:29,0
DA:30,0
DA:34,0
DA:35,0
DA:39,0
DA:40,0
DA:51,0
DA:53,0
DA:54,0
DA:58,0
DA:60,0
DA:61,0
DA:66,0
DA:68,0
DA:71,0
DA:72,0
DA:75,0
DA:76,0
DA:79,0
DA:81,0
DA:83,0
DA:92,0
DA:94,0
DA:95,0
DA:96,0
DA:99,0
DA:100,0
DA:103,0
DA:104,0
DA:107,0
DA:108,0
DA:109,0
DA:110,0
DA:112,0
DA:116,0
DA:117,0
DA:126,0
DA:127,0
DA:136,0
DA:137,0
DA:138,0
DA:140,0
DA:148,0
DA:149,0
DA:157,0
DA:158,0
DA:169,0
DA:170,0
DA:171,0
DA:174,0
DA:175,0
DA:179,0
DA:181,0
DA:182,0
DA:193,0
DA:194,0
DA:195,0
DA:198,0
DA:207,0
DA:208,0
DA:209,0
DA:212,0
DA:213,0
DA:215,0
DA:224,0
DA:225,0
DA:226,0
DA:230,0
DA:231,0
DA:233,0
DA:235,0
DA:236,0
DA:237,0
DA:246,0
DA:247,0
LF:83
LH:0
BRDA:25,0,0,0
BRDA:25,0,1,0
BRDA:29,1,0,0
BRDA:29,1,1,0
BRDA:34,2,0,0
BRDA:34,2,1,0
BRDA:34,3,0,0
BRDA:34,3,1,0
BRDA:39,4,0,0
BRDA:39,4,1,0
BRDA:39,5,0,0
BRDA:39,5,1,0
BRDA:53,6,0,0
BRDA:53,6,1,0
BRDA:60,7,0,0
BRDA:60,7,1,0
BRDA:60,8,0,0
BRDA:60,8,1,0
BRDA:72,9,0,0
BRDA:72,9,1,0
BRDA:71,10,0,0
BRDA:71,10,1,0
BRDA:75,11,0,0
BRDA:75,11,1,0
BRDA:79,12,0,0
BRDA:79,12,1,0
BRDA:83,13,0,0
BRDA:83,13,1,0
BRDA:87,14,0,0
BRDA:87,14,1,0
BRDA:137,15,0,0
BRDA:137,15,1,0
BRDA:149,16,0,0
BRDA:149,16,1,0
BRDA:149,17,0,0
BRDA:149,17,1,0
BRDA:149,18,0,0
BRDA:149,18,1,0
BRDA:158,19,0,0
BRDA:158,19,1,0
BRDA:158,20,0,0
BRDA:158,20,1,0
BRDA:170,21,0,0
BRDA:170,21,1,0
BRDA:174,22,0,0
BRDA:174,22,1,0
BRDA:194,23,0,0
BRDA:194,23,1,0
BRDA:208,24,0,0
BRDA:208,24,1,0
BRDA:212,25,0,0
BRDA:212,25,1,0
BRDA:225,26,0,0
BRDA:225,26,1,0
BRF:54
BRH:0
end_of_record
TN:
SF:src/taskpane/services/ssoService.ts
FN:27,validateSSOConfig
FN:41,parseJWTToken
FN:81,extractUserInfo
FN:108,mapSSOError
FN:148,initializeSSO
FN:212,isSSOInitialized
FN:221,isSSOAuthenticated
FN:230,getSSOState
FN:239,getCurrentToken
FN:248,getCurrentUser
FN:257,isTokenValid
FN:272,getTimeUntilExpiry
FN:287,refreshToken
FN:323,clearSSOState
FNF:14
FNH:13
FNDA:24,validateSSOConfig
FNDA:20,parseJWTToken
FNDA:18,extractUserInfo
FNDA:6,mapSSOError
FNDA:25,initializeSSO
FNDA:2,isSSOInitialized
FNDA:4,isSSOAuthenticated
FNDA:0,getSSOState
FNDA:2,getCurrentToken
FNDA:2,getCurrentUser
FNDA:3,isTokenValid
FNDA:2,getTimeUntilExpiry
FNDA:4,refreshToken
FNDA:49,clearSSOState
DA:9,2
DA:10,2
DA:12,2
DA:13,2
DA:29,24
DA:30,0
DA:42,20
DA:43,20
DA:45,20
DA:46,0
DA:49,20
DA:51,19
DA:52,1
DA:55,18
DA:64,2
DA:66,2
DA:82,18
DA:83,18
DA:84,18
DA:86,17
DA:93,1
DA:94,1
DA:109,6
DA:115,6
DA:117,2
DA:118,2
DA:120,1
DA:121,1
DA:123,0
DA:124,0
DA:126,1
DA:127,1
DA:129,1
DA:130,1
DA:132,0
DA:133,0
DA:135,1
DA:138,6
DA:148,26
DA:150,25
DA:151,1
DA:155,24
DA:157,24
DA:158,1
DA:163,23
DA:171,23
DA:174,18
DA:175,18
DA:178,18
DA:186,18
DA:187,18
DA:189,18
DA:193,5
DA:194,5
DA:202,5
DA:203,5
DA:212,2
DA:213,2
DA:221,2
DA:222,4
DA:230,2
DA:231,0
DA:239,2
DA:240,2
DA:248,2
DA:249,2
DA:257,2
DA:258,3
DA:259,0
DA:263,3
DA:264,3
DA:272,2
DA:273,2
DA:274,0
DA:277,2
DA:287,8
DA:288,4
DA:289,1
DA:294,3
DA:302,2
DA:303,2
DA:304,2
DA:305,2
DA:307,2
DA:308,2
DA:311,1
DA:312,1
DA:313,1
DA:315,1
DA:316,1
DA:323,2
DA:324,49
DA:331,49
DA:332,49
LF:94
LH:85
BRDA:29,0,0,0
BRDA:29,0,1,24
BRDA:45,1,0,0
BRDA:45,1,1,20
BRDA:51,2,0,1
BRDA:51,2,1,18
BRDA:58,3,0,18
BRDA:58,3,1,0
BRDA:58,4,0,0
BRDA:58,4,1,18
BRDA:58,5,0,18
BRDA:58,5,1,18
BRDA:59,6,0,18
BRDA:59,6,1,0
BRDA:87,7,0,17
BRDA:87,7,1,1
BRDA:87,7,2,1
BRDA:88,8,0,17
BRDA:88,8,1,1
BRDA:88,8,2,1
BRDA:89,9,0,17
BRDA:89,9,1,0
BRDA:110,10,0,6
BRDA:110,10,1,1
BRDA:112,11,0,6
BRDA:112,11,1,0
BRDA:115,12,0,2
BRDA:115,12,1,1
BRDA:115,12,2,0
BRDA:115,12,3,1
BRDA:115,12,4,1
BRDA:115,12,5,0
BRDA:115,12,6,1
BRDA:135,13,0,1
BRDA:135,13,1,0
BRDA:148,14,0,1
BRDA:148,14,1,24
BRDA:150,15,0,1
BRDA:150,15,1,24
BRDA:157,16,0,1
BRDA:157,16,1,23
BRDA:157,17,0,24
BRDA:157,17,1,1
BRDA:157,17,2,1
BRDA:222,18,0,4
BRDA:222,18,1,3
BRDA:240,19,0,2
BRDA:240,19,1,1
BRDA:240,20,0,1
BRDA:240,20,1,1
BRDA:240,21,0,2
BRDA:240,21,1,1
BRDA:258,22,0,0
BRDA:258,22,1,3
BRDA:273,23,0,0
BRDA:273,23,1,2
BRDA:287,24,0,4
BRDA:287,24,1,0
BRDA:288,25,0,1
BRDA:288,25,1,3
BRF:60
BRH:47
end_of_record
TN:
SF:src/taskpane/services/tokenManagerService.ts
FN:17,(anonymous_13)
FN:23,TokenManager
FN:32,(anonymous_15)
FN:46,(anonymous_16)
FN:93,(anonymous_19)
FN:112,(anonymous_20)
FN:127,(anonymous_23)
FN:144,(anonymous_24)
FN:150,(anonymous_27)
FN:158,(anonymous_28)
FN:171,(anonymous_29)
FN:185,(anonymous_30)
FN:197,(anonymous_33)
FN:221,(anonymous_34)
FN:237,getValidToken
FN:244,startTokenAutoRefresh
FN:251,stopTokenAutoRefresh
FN:260,getTokenStatus
FNF:18
FNH:18
FNDA:1,(anonymous_13)
FNDA:1,TokenManager
FNDA:1,(anonymous_15)
FNDA:6216,(anonymous_16)
FNDA:6215,(anonymous_19)
FNDA:6209,(anonymous_20)
FNDA:6214,(anonymous_23)
FNDA:12400,(anonymous_24)
FNDA:2074,(anonymous_27)
FNDA:8,(anonymous_28)
FNDA:59,(anonymous_29)
FNDA:1,(anonymous_30)
FNDA:7,(anonymous_33)
FNDA:57,(anonymous_34)
FNDA:1,getValidToken
FNDA:1,startTokenAutoRefresh
FNDA:1,stopTokenAutoRefresh
FNDA:1,getTokenStatus
DA:10,1
DA:11,1
DA:17,1
DA:19,1
DA:20,1
DA:21,1
DA:32,1
DA:33,1
DA:34,1
DA:36,1
DA:46,12429
DA:48,6216
DA:49,1
DA:53,6215
DA:54,4
DA:55,4
DA:56,4
DA:61,12420
DA:63,2
DA:66,0
DA:67,0
DA:72,6209
DA:75,6209
DA:76,4133
DA:79,4133
DA:81,4133
DA:83,2076
DA:84,2076
DA:93,1
DA:94,6215
DA:95,6210
DA:98,5
DA:99,5
DA:100,0
DA:103,5
DA:112,1
DA:114,6209
DA:115,6209
DA:116,4133
DA:117,4133
DA:119,2076
DA:120,2076
DA:127,6214
DA:129,6214
DA:130,6200
DA:131,6200
DA:134,6214
DA:135,6214
DA:136,0
DA:140,6214
DA:142,6214
DA:144,6214
DA:146,12400
DA:148,2074
DA:150,2074
DA:158,1
DA:159,8
DA:160,1
DA:161,1
DA:164,7
DA:165,7
DA:171,1
DA:172,59
DA:173,14
DA:174,14
DA:175,14
DA:185,2
DA:187,1
DA:189,1
DA:197,1
DA:204,7
DA:205,7
DA:209,7
DA:221,1
DA:222,57
DA:223,57
DA:224,57
DA:226,1
DA:229,1
DA:237,2
DA:238,1
DA:244,1
DA:245,1
DA:251,1
DA:252,1
DA:260,1
DA:261,1
LF:87
LH:83
BRDA:33,0,0,1
BRDA:33,0,1,0
BRDA:46,1,0,6213
BRDA:46,1,1,3
BRDA:63,2,0,2
BRDA:48,3,0,1
BRDA:48,3,1,6215
BRDA:53,4,0,4
BRDA:53,4,1,6211
BRDA:55,5,0,4
BRDA:55,5,1,0
BRDA:61,6,0,6209
BRDA:61,6,1,2
BRDA:94,7,0,6210
BRDA:94,7,1,5
BRDA:99,8,0,0
BRDA:99,8,1,5
BRDA:129,9,0,6200
BRDA:129,9,1,14
BRDA:135,10,0,0
BRDA:135,10,1,6214
BRDA:159,11,0,1
BRDA:159,11,1,7
BRDA:172,12,0,14
BRDA:172,12,1,45
BRDA:185,13,0,1
BRDA:185,13,1,0
BRDA:189,14,0,1
BRDA:205,15,0,6
BRDA:205,15,1,1
BRDA:237,16,0,1
BRDA:237,16,1,0
BRDA:238,17,0,1
BRDA:238,17,1,1
BRF:34
BRH:28
end_of_record
TN:
SF:src/taskpane/services/webview2Service.ts
FN:17,enforceWebView2
FN:46,getBrowserEngine
FN:73,isWebView2
FNF:3
FNH:0
FNDA:0,enforceWebView2
FNDA:0,getBrowserEngine
FNDA:0,isWebView2
DA:17,0
DA:18,0
DA:21,0
DA:22,0
DA:29,0
DA:30,0
DA:32,0
DA:33,0
DA:34,0
DA:37,0
DA:38,0
DA:46,0
DA:47,0
DA:49,0
DA:50,0
DA:53,0
DA:54,0
DA:57,0
DA:58,0
DA:61,0
DA:62,0
DA:65,0
DA:73,0
DA:74,0
DA:75,0
LF:25
LH:0
BRDA:21,0,0,0
BRDA:21,0,1,0
BRDA:32,1,0,0
BRDA:32,1,1,0
BRDA:32,2,0,0
BRDA:32,2,1,0
BRDA:49,3,0,0
BRDA:49,3,1,0
BRDA:53,4,0,0
BRDA:53,4,1,0
BRDA:57,5,0,0
BRDA:57,5,1,0
BRDA:61,6,0,0
BRDA:61,6,1,0
BRF:14
BRH:0
end_of_record
TN:
SF:src/taskpane/types/sso.types.ts
FN:63,(anonymous_0)
FNF:1
FNH:1
FNDA:3,(anonymous_0)
DA:63,3
DA:64,3
DA:65,3
DA:66,3
DA:67,3
DA:68,3
DA:69,3
LF:7
LH:7
BRDA:63,0,0,3
BRDA:63,0,1,3
BRF:2
BRH:2
end_of_record
TN:
SF:src/taskpane/utils/errorHandler.ts
FN:18,handleOfficeError
FN:44,logError
FN:65,formatErrorMessage
FN:77,withErrorHandling
FN:81,(anonymous_17)
FN:96,handleSSOError
FN:131,mapSSOError
FN:147,formatSSOErrorMessage
FN:157,isSSOError
FN:167,getSSOErrorGuidance
FNF:10
FNH:0
FNDA:0,handleOfficeError
FNDA:0,logError
FNDA:0,formatErrorMessage
FNDA:0,withErrorHandling
FNDA:0,(anonymous_17)
FNDA:0,handleSSOError
FNDA:0,mapSSOError
FNDA:0,formatSSOErrorMessage
FNDA:0,isSSOError
FNDA:0,getSSOErrorGuidance
DA:10,1
DA:18,1
DA:20,0
DA:23,0
DA:24,0
DA:27,0
DA:28,0
DA:31,0
DA:32,0
DA:35,0
DA:44,1
DA:46,0
DA:47,0
DA:54,0
DA:65,1
DA:66,0
DA:67,0
DA:77,1
DA:81,0
DA:83,0
DA:85,0
DA:96,1
DA:98,0
DA:101,0
DA:103,0
DA:106,0
DA:109,0
DA:112,0
DA:115,0
DA:118,0
DA:121,0
DA:131,1
DA:132,0
DA:134,0
DA:147,1
DA:148,0
DA:157,1
DA:158,0
DA:167,1
DA:168,0
DA:170,0
DA:173,0
DA:176,0
DA:179,0
DA:182,0
DA:185,0
DA:188,0
LF:47
LH:10
BRDA:23,0,0,0
BRDA:23,0,1,0
BRDA:27,1,0,0
BRDA:27,1,1,0
BRDA:27,2,0,0
BRDA:27,2,1,0
BRDA:31,3,0,0
BRDA:31,3,1,0
BRDA:31,4,0,0
BRDA:31,4,1,0
BRDA:35,5,0,0
BRDA:35,5,1,0
BRDA:46,6,0,0
BRDA:46,6,1,0
BRDA:54,7,0,0
BRDA:54,7,1,0
BRDA:83,8,0,0
BRDA:101,9,0,0
BRDA:101,9,1,0
BRDA:101,9,2,0
BRDA:101,9,3,0
BRDA:101,9,4,0
BRDA:101,9,5,0
BRDA:101,9,6,0
BRDA:121,10,0,0
BRDA:121,10,1,0
BRDA:135,11,0,0
BRDA:135,11,1,0
BRDA:158,12,0,0
BRDA:158,12,1,0
BRDA:168,13,0,0
BRDA:168,13,1,0
BRDA:168,13,2,0
BRDA:168,13,3,0
BRDA:168,13,4,0
BRDA:168,13,5,0
BRDA:168,13,6,0
BRF:37
BRH:0
end_of_record
TN:
SF:src/taskpane/utils/platform.ts
FN:14,isMacOS
FN:23,isWindows
FN:32,getPlatformName
FN:49,isDesktop
FNF:4
FNH:0
FNDA:0,isMacOS
FNDA:0,isWindows
FNDA:0,getPlatformName
FNDA:0,isDesktop
DA:14,0
DA:15,0
DA:23,0
DA:24,0
DA:32,0
DA:33,0
DA:34,0
DA:37,0
DA:38,0
DA:41,0
DA:49,0
DA:50,0
LF:12
LH:0
BRDA:33,0,0,0
BRDA:33,0,1,0
BRDA:37,1,0,0
BRDA:37,1,1,0
BRDA:50,2,0,0
BRDA:50,2,1,0
BRF:6
BRH:0
end_of_record
