TN:
SF:src/commands/commands.ts
FN:8,(anonymous_0)
FN:16,action
FNF:2
FNH:0
FNDA:0,(anonymous_0)
FNDA:0,action
DA:8,0
DA:17,0
DA:25,0
DA:31,0
DA:35,0
LF:5
LH:0
BRDA:25,0,0,0
BRDA:25,0,1,0
BRDA:25,1,0,0
BRDA:25,1,1,0
BRF:4
BRH:0
end_of_record
TN:
SF:src/taskpane/taskpane.ts
FN:3,insertText
FN:9,(anonymous_16)
FNF:2
FNH:0
FNDA:0,insertText
FNDA:0,(anonymous_16)
DA:3,0
DA:5,0
DA:6,0
DA:10,0
DA:11,0
DA:16,0
LF:6
LH:0
BRDA:6,0,0,0
BRDA:6,0,1,0
BRDA:6,1,0,0
BRDA:6,1,1,0
BRDA:10,2,0,0
BRDA:10,2,1,0
BRF:6
BRH:0
end_of_record
TN:
SF:src/taskpane/components/App.tsx
FN:27,(anonymous_10)
FNF:1
FNH:0
FNDA:0,(anonymous_10)
DA:1,0
DA:2,0
DA:3,0
DA:4,0
DA:5,0
DA:6,0
DA:7,0
DA:8,0
DA:9,0
DA:15,0
DA:27,0
DA:28,0
DA:29,0
DA:30,0
DA:31,0
DA:32,0
DA:34,0
DA:49,0
LF:18
LH:0
BRF:0
BRH:0
end_of_record
TN:
SF:src/taskpane/components/EmailInfo.tsx
FN:52,(anonymous_9)
FNF:1
FNH:0
FNDA:0,(anonymous_9)
DA:10,0
DA:11,0
DA:21,0
DA:24,0
DA:52,0
DA:53,0
DA:55,0
DA:56,0
DA:63,0
DA:64,0
DA:71,0
DA:72,0
DA:79,0
DA:115,0
LF:14
LH:0
BRDA:55,0,0,0
BRDA:55,0,1,0
BRDA:63,1,0,0
BRDA:63,1,1,0
BRDA:71,2,0,0
BRDA:71,2,1,0
BRF:6
BRH:0
end_of_record
TN:
SF:src/taskpane/components/ErrorBoundary.tsx
FN:37,(anonymous_15)
FN:38,ErrorBoundary
FN:61,(anonymous_17)
FN:46,(anonymous_18)
FN:53,(anonymous_19)
FN:68,(anonymous_20)
FN:89,(anonymous_21)
FNF:7
FNH:0
FNDA:0,(anonymous_15)
FNDA:0,ErrorBoundary
FNDA:0,(anonymous_17)
FNDA:0,(anonymous_18)
FNDA:0,(anonymous_19)
FNDA:0,(anonymous_20)
FNDA:0,(anonymous_21)
DA:10,0
DA:11,0
DA:13,0
DA:15,0
DA:37,0
DA:39,0
DA:40,0
DA:46,0
DA:47,0
DA:53,0
DA:54,0
DA:61,0
DA:62,0
DA:68,0
DA:69,0
DA:70,0
DA:71,0
DA:74,0
DA:77,0
DA:79,0
DA:89,0
DA:90,0
DA:91,0
DA:93,0
DA:122,0
LF:25
LH:0
BRDA:39,0,0,0
BRDA:39,0,1,0
BRDA:69,1,0,0
BRDA:69,1,1,0
BRDA:70,2,0,0
BRDA:70,2,1,0
BRDA:106,3,0,0
BRDA:106,3,1,0
BRDA:106,3,2,0
BRDA:110,4,0,0
BRDA:110,4,1,0
BRF:11
BRH:0
end_of_record
TN:
SF:src/taskpane/components/Header.tsx
FN:26,(anonymous_9)
FNF:1
FNH:0
FNDA:0,(anonymous_9)
DA:1,0
DA:2,0
DA:10,0
DA:26,0
DA:27,0
DA:28,0
DA:30,0
DA:38,0
LF:8
LH:0
BRF:0
BRH:0
end_of_record
TN:
SF:src/taskpane/components/HeroList.tsx
FN:44,(anonymous_9)
FN:48,(anonymous_10)
FNF:2
FNH:0
FNDA:0,(anonymous_9)
FNDA:0,(anonymous_10)
DA:1,0
DA:2,0
DA:14,0
DA:44,0
DA:45,0
DA:46,0
DA:48,0
DA:54,0
DA:62,0
LF:9
LH:0
BRF:0
BRH:0
end_of_record
TN:
SF:src/taskpane/components/TextInsertion.tsx
FN:31,(anonymous_22)
FN:34,(anonymous_23)
FN:38,(anonymous_26)
FN:38,(anonymous_27)
FNF:4
FNH:0
FNDA:0,(anonymous_22)
FNDA:0,(anonymous_23)
FNDA:0,(anonymous_26)
FNDA:0,(anonymous_27)
DA:1,0
DA:2,0
DA:3,0
DA:11,0
DA:31,0
DA:32,0
DA:34,0
DA:35,0
DA:38,0
DA:39,0
DA:42,0
DA:44,0
DA:57,0
LF:13
LH:0
BRDA:35,0,0,0
BRF:1
BRH:0
end_of_record
TN:
SF:src/taskpane/hooks/useMailboxItem.ts
FN:31,useMailboxItem
FN:39,(anonymous_14)
FN:42,(anonymous_15)
FN:91,(anonymous_18)
FNF:4
FNH:0
FNDA:0,useMailboxItem
FNDA:0,(anonymous_14)
FNDA:0,(anonymous_15)
FNDA:0,(anonymous_18)
DA:9,0
DA:10,0
DA:11,0
DA:18,0
DA:31,0
DA:32,0
DA:33,0
DA:39,0
DA:40,0
DA:42,0
DA:43,0
DA:44,0
DA:47,0
DA:48,0
DA:49,0
DA:55,0
DA:59,0
DA:66,0
DA:67,0
DA:79,0
DA:80,0
DA:89,0
DA:91,0
DA:92,0
DA:96,0
LF:25
LH:0
BRDA:43,0,0,0
BRDA:43,0,1,0
BRDA:47,1,0,0
BRDA:47,1,1,0
BRDA:48,2,0,0
BRDA:48,2,1,0
BRDA:66,3,0,0
BRDA:66,3,1,0
BRDA:79,4,0,0
BRDA:79,4,1,0
BRF:10
BRH:0
end_of_record
TN:
SF:src/taskpane/hooks/useOfficeContext.ts
FN:18,useOfficeContext
FN:26,(anonymous_14)
FN:29,(anonymous_15)
FN:68,(anonymous_18)
FNF:4
FNH:0
FNDA:0,useOfficeContext
FNDA:0,(anonymous_14)
FNDA:0,(anonymous_15)
FNDA:0,(anonymous_18)
DA:9,0
DA:10,0
DA:18,0
DA:19,0
DA:26,0
DA:27,0
DA:29,0
DA:31,0
DA:32,0
DA:33,0
DA:40,0
DA:44,0
DA:46,0
DA:47,0
DA:55,0
DA:56,0
DA:66,0
DA:68,0
DA:69,0
DA:73,0
LF:20
LH:0
BRDA:31,0,0,0
BRDA:31,0,1,0
BRDA:32,1,0,0
BRDA:32,1,1,0
BRDA:46,2,0,0
BRDA:46,2,1,0
BRDA:55,3,0,0
BRDA:55,3,1,0
BRF:8
BRH:0
end_of_record
TN:
SF:src/taskpane/services/mailService.ts
FN:20,getCurrentEmailSubject
FN:46,getCurrentEmailFrom
FN:71,getEmailReceivedDate
FN:96,getCurrentEmailRecipients
FN:106,(anonymous_25)
FN:122,getEmailBodyPreview
FN:131,(anonymous_29)
FN:132,(anonymous_30)
FNF:8
FNH:0
FNDA:0,getCurrentEmailSubject
FNDA:0,getCurrentEmailFrom
FNDA:0,getEmailReceivedDate
FNDA:0,getCurrentEmailRecipients
FNDA:0,(anonymous_25)
FNDA:0,getEmailBodyPreview
FNDA:0,(anonymous_29)
FNDA:0,(anonymous_30)
DA:10,0
DA:11,0
DA:20,0
DA:21,0
DA:22,0
DA:23,0
DA:25,0
DA:26,0
DA:30,0
DA:31,0
DA:34,0
DA:36,0
DA:46,0
DA:47,0
DA:48,0
DA:49,0
DA:51,0
DA:52,0
DA:55,0
DA:56,0
DA:59,0
DA:61,0
DA:71,0
DA:72,0
DA:73,0
DA:74,0
DA:76,0
DA:77,0
DA:80,0
DA:81,0
DA:84,0
DA:86,0
DA:96,0
DA:97,0
DA:98,0
DA:99,0
DA:101,0
DA:102,0
DA:105,0
DA:106,0
DA:109,0
DA:111,0
DA:122,0
DA:123,0
DA:124,0
DA:125,0
DA:127,0
DA:128,0
DA:131,0
DA:132,0
DA:133,0
DA:134,0
DA:135,0
DA:137,0
DA:142,0
LF:55
LH:0
BRDA:25,0,0,0
BRDA:25,0,1,0
BRDA:30,1,0,0
BRDA:30,1,1,0
BRDA:31,2,0,0
BRDA:31,2,1,0
BRDA:51,3,0,0
BRDA:51,3,1,0
BRDA:55,4,0,0
BRDA:55,4,1,0
BRDA:55,5,0,0
BRDA:55,5,1,0
BRDA:56,6,0,0
BRDA:56,6,1,0
BRDA:56,6,2,0
BRDA:76,7,0,0
BRDA:76,7,1,0
BRDA:80,8,0,0
BRDA:80,8,1,0
BRDA:101,9,0,0
BRDA:101,9,1,0
BRDA:105,10,0,0
BRDA:105,10,1,0
BRDA:105,11,0,0
BRDA:105,11,1,0
BRDA:106,12,0,0
BRDA:106,12,1,0
BRDA:122,13,0,0
BRDA:122,13,1,0
BRDA:127,14,0,0
BRDA:127,14,1,0
BRDA:133,15,0,0
BRDA:133,15,1,0
BRDA:135,16,0,0
BRDA:135,16,1,0
BRF:35
BRH:0
end_of_record
TN:
SF:src/taskpane/services/officeService.ts
FN:20,initializeOffice
FN:25,(anonymous_16)
FN:27,(anonymous_17)
FN:55,isOfficeInitialized
FN:65,getOfficeContext
FN:78,getMailboxContext
FNF:6
FNH:0
FNDA:0,initializeOffice
FNDA:0,(anonymous_16)
FNDA:0,(anonymous_17)
FNDA:0,isOfficeInitialized
FNDA:0,getOfficeContext
FNDA:0,getMailboxContext
DA:9,0
DA:11,0
DA:12,0
DA:20,0
DA:21,0
DA:22,0
DA:25,0
DA:26,0
DA:27,0
DA:28,0
DA:30,0
DA:32,0
DA:33,0
DA:34,0
DA:35,0
DA:36,0
DA:38,0
DA:41,0
DA:45,0
DA:55,0
DA:56,0
DA:65,0
DA:66,0
DA:67,0
DA:69,0
DA:78,0
DA:79,0
DA:80,0
DA:81,0
DA:83,0
LF:30
LH:0
BRDA:21,0,0,0
BRDA:21,0,1,0
BRDA:21,1,0,0
BRDA:21,1,1,0
BRDA:32,2,0,0
BRDA:32,2,1,0
BRDA:66,3,0,0
BRDA:66,3,1,0
BRDA:80,4,0,0
BRDA:80,4,1,0
BRF:10
BRH:0
end_of_record
TN:
SF:src/taskpane/services/signalrService.ts
FN:24,initializeSignalR
FN:38,(anonymous_16)
FN:45,(anonymous_17)
FN:45,(anonymous_18)
FN:52,(anonymous_20)
FN:56,(anonymous_21)
FN:79,isSignalRInitialized
FN:89,getSignalRConnection
FN:101,getConnectionState
FN:110,isConnected
FN:122,sendMessage
FN:146,onMessage
FN:160,offMessage
FN:177,stopSignalR
FN:199,getCurrentConfig
FNF:15
FNH:10
FNDA:22,initializeSignalR
FNDA:0,(anonymous_16)
FNDA:0,(anonymous_17)
FNDA:0,(anonymous_18)
FNDA:0,(anonymous_20)
FNDA:0,(anonymous_21)
FNDA:3,isSignalRInitialized
FNDA:2,getSignalRConnection
FNDA:2,getConnectionState
FNDA:2,isConnected
FNDA:4,sendMessage
FNDA:2,onMessage
FNDA:3,offMessage
FNDA:33,stopSignalR
FNDA:2,getCurrentConfig
DA:9,1
DA:10,1
DA:13,1
DA:14,1
DA:15,1
DA:24,1
DA:26,22
DA:27,1
DA:30,21
DA:31,1
DA:36,20
DA:38,0
DA:45,20
DA:47,0
DA:48,0
DA:49,0
DA:52,20
DA:53,0
DA:56,20
DA:57,0
DA:60,40
DA:61,19
DA:62,19
DA:63,19
DA:65,19
DA:69,1
DA:70,1
DA:79,1
DA:80,3
DA:89,1
DA:90,2
DA:91,1
DA:93,1
DA:101,1
DA:102,2
DA:110,1
DA:111,2
DA:122,1
DA:123,4
DA:124,1
DA:127,3
DA:128,1
DA:132,4
DA:134,1
DA:135,1
DA:146,1
DA:147,2
DA:148,1
DA:151,1
DA:160,1
DA:161,3
DA:162,0
DA:165,3
DA:166,1
DA:168,2
DA:177,1
DA:178,33
DA:179,13
DA:183,40
DA:184,19
DA:186,1
DA:188,20
DA:189,20
DA:190,20
DA:199,1
DA:200,2
LF:66
LH:59
BRDA:26,0,0,1
BRDA:26,0,1,21
BRDA:30,1,0,1
BRDA:30,1,1,20
BRDA:30,2,0,21
BRDA:30,2,1,1
BRDA:38,3,0,0
BRDA:38,3,1,0
BRDA:40,4,0,20
BRDA:40,4,1,0
BRDA:90,5,0,1
BRDA:90,5,1,1
BRDA:102,6,0,2
BRDA:102,6,1,1
BRDA:102,7,0,1
BRDA:102,7,1,1
BRDA:102,8,0,2
BRDA:102,8,1,1
BRDA:111,9,0,1
BRDA:111,9,1,1
BRDA:111,10,0,2
BRDA:111,10,1,1
BRDA:123,11,0,1
BRDA:123,11,1,3
BRDA:127,12,0,1
BRDA:127,12,1,2
BRDA:147,13,0,1
BRDA:147,13,1,1
BRDA:161,14,0,0
BRDA:161,14,1,3
BRDA:165,15,0,1
BRDA:165,15,1,2
BRDA:178,16,0,13
BRDA:178,16,1,20
BRF:34
BRH:30
end_of_record
TN:
SF:src/taskpane/services/webview2Service.ts
FN:17,enforceWebView2
FN:46,getBrowserEngine
FN:73,isWebView2
FNF:3
FNH:3
FNDA:3,enforceWebView2
FNDA:3,getBrowserEngine
FNDA:2,isWebView2
DA:17,1
DA:18,3
DA:21,3
DA:22,1
DA:29,2
DA:30,2
DA:32,2
DA:33,1
DA:34,1
DA:37,1
DA:38,1
DA:46,1
DA:47,3
DA:49,3
DA:50,1
DA:53,2
DA:54,1
DA:57,1
DA:58,0
DA:61,1
DA:62,1
DA:65,0
DA:73,1
DA:74,2
DA:75,2
LF:25
LH:23
BRDA:21,0,0,1
BRDA:21,0,1,2
BRDA:32,1,0,1
BRDA:32,1,1,1
BRDA:32,2,0,2
BRDA:32,2,1,1
BRDA:49,3,0,1
BRDA:49,3,1,2
BRDA:53,4,0,1
BRDA:53,4,1,1
BRDA:57,5,0,0
BRDA:57,5,1,1
BRDA:61,6,0,1
BRDA:61,6,1,0
BRF:14
BRH:12
end_of_record
TN:
SF:src/taskpane/utils/errorHandler.ts
FN:16,handleOfficeError
FN:42,logError
FN:63,formatErrorMessage
FN:75,withErrorHandling
FN:79,(anonymous_17)
FNF:5
FNH:0
FNDA:0,handleOfficeError
FNDA:0,logError
FNDA:0,formatErrorMessage
FNDA:0,withErrorHandling
FNDA:0,(anonymous_17)
DA:16,0
DA:18,0
DA:21,0
DA:22,0
DA:25,0
DA:26,0
DA:29,0
DA:30,0
DA:33,0
DA:42,0
DA:44,0
DA:45,0
DA:52,0
DA:63,0
DA:64,0
DA:65,0
DA:75,0
DA:79,0
DA:81,0
DA:83,0
LF:20
LH:0
BRDA:21,0,0,0
BRDA:21,0,1,0
BRDA:25,1,0,0
BRDA:25,1,1,0
BRDA:25,2,0,0
BRDA:25,2,1,0
BRDA:29,3,0,0
BRDA:29,3,1,0
BRDA:29,4,0,0
BRDA:29,4,1,0
BRDA:33,5,0,0
BRDA:33,5,1,0
BRDA:44,6,0,0
BRDA:44,6,1,0
BRDA:52,7,0,0
BRDA:52,7,1,0
BRDA:81,8,0,0
BRF:17
BRH:0
end_of_record
TN:
SF:src/taskpane/utils/platform.ts
FN:14,isMacOS
FN:23,isWindows
FN:32,getPlatformName
FN:49,isDesktop
FNF:4
FNH:0
FNDA:0,isMacOS
FNDA:0,isWindows
FNDA:0,getPlatformName
FNDA:0,isDesktop
DA:14,0
DA:15,0
DA:23,0
DA:24,0
DA:32,0
DA:33,0
DA:34,0
DA:37,0
DA:38,0
DA:41,0
DA:49,0
DA:50,0
LF:12
LH:0
BRDA:33,0,0,0
BRDA:33,0,1,0
BRDA:37,1,0,0
BRDA:37,1,1,0
BRDA:50,2,0,0
BRDA:50,2,1,0
BRF:6
BRH:0
end_of_record
